<?xml version="1.0" encoding="UTF-8"?>
<!-- Generated by org.testng.reporters.JUnitXMLReporter -->
<testsuite ignored="0" hostname="Hevindus-MacBook-Air.local" failures="5" tests="43" name="Surefire test" time="10.397" errors="0" timestamp="2026-06-12T11:35:35 IST">
  <testcase classname="io.cucumber.testng.AbstractTestNGCucumberTests" name="runScenario" time="1.739"/>
  <testcase classname="io.cucumber.testng.AbstractTestNGCucumberTests" name="runScenario" time="0.119">
    <failure type="org.opentest4j.AssertionFailedError" message="[Response status code should be 400] 
expected: 400
 but was: 401">
      <![CDATA[org.opentest4j.AssertionFailedError: [Response status code should be 400] 
expected: 400
 but was: 401
at starter.stepdefinitions.CommonApiStepDefinitions.theResponseStatusCodeShouldBe(CommonApiStepDefinitions.java:56)
at ✽.the response status code should be 400(file:///Users/hevindutilakasena/ITQA/B21_AI_Group_04/src/test/resources/features/api/auth_admin.feature:13)
... Removed 2 stack frames]]>
    </failure>
  </testcase> <!-- runScenario -->
  <testcase classname="io.cucumber.testng.AbstractTestNGCucumberTests" name="runScenario" time="0.338"/>
  <testcase classname="io.cucumber.testng.AbstractTestNGCucumberTests" name="runScenario" time="0.13"/>
  <testcase classname="io.cucumber.testng.AbstractTestNGCucumberTests" name="runScenario" time="0.124"/>
  <testcase classname="io.cucumber.testng.AbstractTestNGCucumberTests" name="runScenario" time="0.109"/>
  <testcase classname="io.cucumber.testng.AbstractTestNGCucumberTests" name="runScenario" time="0.102">
    <failure type="org.opentest4j.AssertionFailedError" message="[Response status code should be 400] 
expected: 400
 but was: 401">
      <![CDATA[org.opentest4j.AssertionFailedError: [Response status code should be 400] 
expected: 400
 but was: 401
at starter.stepdefinitions.CommonApiStepDefinitions.theResponseStatusCodeShouldBe(CommonApiStepDefinitions.java:56)
at ✽.the response status code should be 400(file:///Users/hevindutilakasena/ITQA/B21_AI_Group_04/src/test/resources/features/api/auth_user.feature:13)
... Removed 2 stack frames]]>
    </failure>
  </testcase> <!-- runScenario -->
  <testcase classname="io.cucumber.testng.AbstractTestNGCucumberTests" name="runScenario" time="0.023">
    <failure type="io.cucumber.core.runner.AmbiguousStepDefinitionsException" message="&amp;quot;the response status code should be 401 or 403&amp;quot; matches more than one step definition:
  &amp;quot;the response status code should be 401 or 403&amp;quot; in starter.stepdefinitions.AuthUserApiStepDefinitions.theResponseStatusCodeShouldBe401Or403()
  &amp;quot;the response status code should be {int} or {int}&amp;quot; in starter.stepdefinitions.CommonApiStepDefinitions.theResponseStatusCodeShouldBeOrElse(int,int)">
      <![CDATA[io.cucumber.core.runner.AmbiguousStepDefinitionsException: "the response status code should be 401 or 403" matches more than one step definition:
  "the response status code should be 401 or 403" in starter.stepdefinitions.AuthUserApiStepDefinitions.theResponseStatusCodeShouldBe401Or403()
  "the response status code should be {int} or {int}" in starter.stepdefinitions.CommonApiStepDefinitions.theResponseStatusCodeShouldBeOrElse(int,int)
at io.cucumber.core.runner.CachingGlue.findStepDefinitionMatch(CachingGlue.java:458)
at io.cucumber.core.runner.CachingGlue.stepDefinitionMatch(CachingGlue.java:425)
at io.cucumber.core.runner.Runner.matchStepToStepDefinition(Runner.java:184)
at io.cucumber.core.runner.Runner.createTestStepsForPickleSteps(Runner.java:164)
at io.cucumber.core.runner.Runner.createTestCaseForPickle(Runner.java:147)
at io.cucumber.core.runner.Runner.runPickle(Runner.java:74)
at io.cucumber.testng.TestNGCucumberRunner.lambda$runScenario$1(TestNGCucumberRunner.java:135)
at io.cucumber.core.runtime.CucumberExecutionContext.lambda$runTestCase$5(CucumberExecutionContext.java:136)
at io.cucumber.core.runtime.RethrowingThrowableCollector.executeAndThrow(RethrowingThrowableCollector.java:23)
at io.cucumber.core.runtime.CucumberExecutionContext.runTestCase(CucumberExecutionContext.java:136)
at io.cucumber.testng.TestNGCucumberRunner.runScenario(TestNGCucumberRunner.java:132)
at io.cucumber.testng.AbstractTestNGCucumberTests.runScenario(AbstractTestNGCucumberTests.java:35)
at java.base/java.util.concurrent.ThreadPoolExecutor.runWorker(ThreadPoolExecutor.java:1144)
at java.base/java.util.concurrent.ThreadPoolExecutor$Worker.run(ThreadPoolExecutor.java:642)
at java.base/java.lang.Thread.run(Thread.java:1583)
... Removed 10 stack frames]]>
    </failure>
  </testcase> <!-- runScenario -->
  <testcase classname="io.cucumber.testng.AbstractTestNGCucumberTests" name="runScenario" time="0.305"/>
  <testcase classname="io.cucumber.testng.AbstractTestNGCucumberTests" name="runScenario" time="0.123"/>
  <testcase classname="io.cucumber.testng.AbstractTestNGCucumberTests" name="runScenario" time="0.266"/>
  <testcase classname="io.cucumber.testng.AbstractTestNGCucumberTests" name="runScenario" time="0.26"/>
  <testcase classname="io.cucumber.testng.AbstractTestNGCucumberTests" name="runScenario" time="0.296"/>
  <testcase classname="io.cucumber.testng.AbstractTestNGCucumberTests" name="runScenario" time="0.267"/>
  <testcase classname="io.cucumber.testng.AbstractTestNGCucumberTests" name="runScenario" time="0.355"/>
  <testcase classname="io.cucumber.testng.AbstractTestNGCucumberTests" name="runScenario" time="0.109"/>
  <testcase classname="io.cucumber.testng.AbstractTestNGCucumberTests" name="runScenario" time="0.135"/>
  <testcase classname="io.cucumber.testng.AbstractTestNGCucumberTests" name="runScenario" time="0.109"/>
  <testcase classname="io.cucumber.testng.AbstractTestNGCucumberTests" name="runScenario" time="0.127"/>
  <testcase classname="io.cucumber.testng.AbstractTestNGCucumberTests" name="runScenario" time="0.112"/>
  <testcase classname="io.cucumber.testng.AbstractTestNGCucumberTests" name="runScenario" time="0.199"/>
  <testcase classname="io.cucumber.testng.AbstractTestNGCucumberTests" name="runScenario" time="0.068"/>
  <testcase classname="io.cucumber.testng.AbstractTestNGCucumberTests" name="runScenario" time="0.062"/>
  <testcase classname="io.cucumber.testng.AbstractTestNGCucumberTests" name="runScenario" time="0.038"/>
  <testcase classname="io.cucumber.testng.AbstractTestNGCucumberTests" name="runScenario" time="0.045"/>
  <testcase classname="io.cucumber.testng.AbstractTestNGCucumberTests" name="runScenario" time="0.119"/>
  <testcase classname="io.cucumber.testng.AbstractTestNGCucumberTests" name="runScenario" time="0.061"/>
  <testcase classname="io.cucumber.testng.AbstractTestNGCucumberTests" name="runScenario" time="0.062"/>
  <testcase classname="io.cucumber.testng.AbstractTestNGCucumberTests" name="runScenario" time="0.052"/>
  <testcase classname="io.cucumber.testng.AbstractTestNGCucumberTests" name="runScenario" time="0.098"/>
  <testcase classname="io.cucumber.testng.AbstractTestNGCucumberTests" name="runScenario" time="0.306"/>
  <testcase classname="io.cucumber.testng.AbstractTestNGCucumberTests" name="runScenario" time="0.258"/>
  <testcase classname="io.cucumber.testng.AbstractTestNGCucumberTests" name="runScenario" time="0.294"/>
  <testcase classname="io.cucumber.testng.AbstractTestNGCucumberTests" name="runScenario" time="0.249"/>
  <testcase classname="io.cucumber.testng.AbstractTestNGCucumberTests" name="runScenario" time="0.206"/>
  <testcase classname="io.cucumber.testng.AbstractTestNGCucumberTests" name="runScenario" time="0.232"/>
  <testcase classname="io.cucumber.testng.AbstractTestNGCucumberTests" name="runScenario" time="0.253">
    <failure type="org.opentest4j.AssertionFailedError" message="[User selling plant should return 401 Unauthorized] 
expected: 401
 but was: 201">
      <![CDATA[org.opentest4j.AssertionFailedError: [User selling plant should return 401 Unauthorized] 
expected: 401
 but was: 201
at starter.steps.SalesUserApiSteps.sellPlantAsUser(SalesUserApiSteps.java:162)
at starter.steps.SalesUserApiSteps$ByteBuddy$bek51W1n.sellPlantAsUser$accessor$UPqikj2q(Unknown Source)
at net.thucydides.core.steps.StepInterceptor.invokeMethod(StepInterceptor.java:550)
at net.thucydides.core.steps.StepInterceptor.executeTestStepMethod(StepInterceptor.java:530)
at net.thucydides.core.steps.StepInterceptor.runTestStep(StepInterceptor.java:492)
at net.thucydides.core.steps.StepInterceptor.runOrSkipMethod(StepInterceptor.java:234)
at net.thucydides.core.steps.StepInterceptor.testStepResult(StepInterceptor.java:205)
at net.thucydides.core.steps.StepInterceptor.intercept(StepInterceptor.java:93)
at net.thucydides.core.steps.ProxyConfiguration$InterceptorDispatcher.intercept(ProxyConfiguration.java:51)
at starter.steps.SalesUserApiSteps$ByteBuddy$bek51W1n.sellPlantAsUser(Unknown Source)
at starter.stepdefinitions.SalesUserApiStepDefinitions.theUserSendsPostRequestToSellAPlant(SalesUserApiStepDefinitions.java:40)
at ✽.the user sends a POST request to sell a plant(file:///Users/hevindutilakasena/ITQA/B21_AI_Group_04/src/test/resources/features/api/sales_user.feature:16)
... Removed 4 stack frames]]>
    </failure>
  </testcase> <!-- runScenario -->
  <testcase classname="io.cucumber.testng.AbstractTestNGCucumberTests" name="runScenario" time="0.362">
    <failure type="org.opentest4j.AssertionFailedError" message="[User deleting sale should return 401 Unauthorized] 
expected: 401
 but was: 204">
      <![CDATA[org.opentest4j.AssertionFailedError: [User deleting sale should return 401 Unauthorized] 
expected: 401
 but was: 204
at starter.steps.SalesUserApiSteps.deleteSaleAsUser(SalesUserApiSteps.java:180)
at starter.steps.SalesUserApiSteps$ByteBuddy$bek51W1n.deleteSaleAsUser$accessor$UPqikj2q(Unknown Source)
at net.thucydides.core.steps.StepInterceptor.invokeMethod(StepInterceptor.java:550)
at net.thucydides.core.steps.StepInterceptor.executeTestStepMethod(StepInterceptor.java:530)
at net.thucydides.core.steps.StepInterceptor.runTestStep(StepInterceptor.java:492)
at net.thucydides.core.steps.StepInterceptor.runOrSkipMethod(StepInterceptor.java:234)
at net.thucydides.core.steps.StepInterceptor.testStepResult(StepInterceptor.java:205)
at net.thucydides.core.steps.StepInterceptor.intercept(StepInterceptor.java:93)
at net.thucydides.core.steps.ProxyConfiguration$InterceptorDispatcher.intercept(ProxyConfiguration.java:51)
at starter.steps.SalesUserApiSteps$ByteBuddy$bek51W1n.deleteSaleAsUser(Unknown Source)
at starter.stepdefinitions.SalesUserApiStepDefinitions.theUserSendsDeleteRequestToDeleteASale(SalesUserApiStepDefinitions.java:47)
at ✽.the user sends a DELETE request to delete a sale(file:///Users/hevindutilakasena/ITQA/B21_AI_Group_04/src/test/resources/features/api/sales_user.feature:22)
... Removed 4 stack frames]]>
    </failure>
  </testcase> <!-- runScenario -->
  <testcase classname="io.cucumber.testng.AbstractTestNGCucumberTests" name="runScenario" time="0.377"/>
  <testcase classname="io.cucumber.testng.AbstractTestNGCucumberTests" name="runScenario" time="0.217"/>
  <testcase classname="io.cucumber.testng.AbstractTestNGCucumberTests" name="runScenario" time="0.241"/>
  <testcase classname="io.cucumber.testng.AbstractTestNGCucumberTests" name="runScenario" time="0.229"/>
  <testcase classname="io.cucumber.testng.AbstractTestNGCucumberTests" name="runScenario" time="0.211"/>
</testsuite> <!-- Surefire test -->
