<?xml version="1.0" encoding="UTF-8"?>
<!-- Generated by org.testng.reporters.JUnitReportReporter -->
<testsuite hostname="Hevindus-MacBook-Air.local" failures="7" tests="83" name="starter.CucumberTestSuite" time="276.455" errors="2" timestamp="2026-06-12T11:42:08 IST" skipped="0">
  <testcase classname="starter.CucumberTestSuite" name="runScenario" time="5.012"/>
  <testcase classname="starter.CucumberTestSuite" name="runScenario" time="0.133"/>
  <testcase classname="starter.CucumberTestSuite" name="runScenario" time="5.546"/>
  <testcase classname="starter.CucumberTestSuite" name="runScenario" time="3.818"/>
  <testcase classname="starter.CucumberTestSuite" name="runScenario" time="0.308"/>
  <testcase classname="starter.CucumberTestSuite" name="runScenario" time="5.544"/>
  <testcase classname="starter.CucumberTestSuite" name="runScenario" time="0.354"/>
  <testcase classname="starter.CucumberTestSuite" name="runScenario" time="0.056"/>
  <testcase classname="starter.CucumberTestSuite" name="runScenario" time="0.108"/>
  <testcase classname="starter.CucumberTestSuite" name="runScenario" time="0.114"/>
  <testcase classname="starter.CucumberTestSuite" name="runScenario" time="14.056"/>
  <testcase classname="starter.CucumberTestSuite" name="runScenario" time="3.581"/>
  <testcase classname="starter.CucumberTestSuite" name="runScenario" time="4.326"/>
  <testcase classname="starter.CucumberTestSuite" name="runScenario" time="0.064"/>
  <testcase classname="starter.CucumberTestSuite" name="runScenario" time="0.284"/>
  <testcase classname="starter.CucumberTestSuite" name="runScenario" time="0.118">
    <failure message="[Response status code should be 400] 
expected: 400
 but was: 401" type="org.opentest4j.AssertionFailedError">
      <![CDATA[org.opentest4j.AssertionFailedError: [Response status code should be 400] 
expected: 400
 but was: 401
at java.base/jdk.internal.reflect.DirectConstructorHandleAccessor.newInstance(DirectConstructorHandleAccessor.java:62)
at java.base/java.lang.reflect.Constructor.newInstanceWithCaller(Constructor.java:502)
at starter.stepdefinitions.CommonApiStepDefinitions.theResponseStatusCodeShouldBe(CommonApiStepDefinitions.java:56)
at ✽.the response status code should be 400(file:///Users/hevindutilakasena/ITQA/B21_AI_Group_04/src/test/resources/features/api/auth_admin.feature:13)
]]>
    </failure>
  </testcase> <!-- runScenario -->
  <testcase classname="starter.CucumberTestSuite" name="runScenario" time="0.241">
    <failure message="[User selling plant should return 401 Unauthorized] 
expected: 401
 but was: 201" type="org.opentest4j.AssertionFailedError">
      <![CDATA[org.opentest4j.AssertionFailedError: [User selling plant should return 401 Unauthorized] 
expected: 401
 but was: 201
at java.base/jdk.internal.reflect.DirectConstructorHandleAccessor.newInstance(DirectConstructorHandleAccessor.java:62)
at java.base/java.lang.reflect.Constructor.newInstanceWithCaller(Constructor.java:502)
at starter.steps.SalesUserApiSteps.sellPlantAsUser(SalesUserApiSteps.java:162)
at starter.steps.SalesUserApiSteps$ByteBuddy$VJdtT0ow.sellPlantAsUser$accessor$ncCG2cNm(Unknown Source)
at java.base/jdk.internal.reflect.DirectMethodHandleAccessor.invoke(DirectMethodHandleAccessor.java:103)
at java.base/java.lang.reflect.Method.invoke(Method.java:580)
at net.thucydides.core.steps.StepInterceptor.invokeMethod(StepInterceptor.java:550)
at net.thucydides.core.steps.StepInterceptor.executeTestStepMethod(StepInterceptor.java:530)
at net.thucydides.core.steps.StepInterceptor.runTestStep(StepInterceptor.java:492)
at net.thucydides.core.steps.StepInterceptor.runOrSkipMethod(StepInterceptor.java:234)
at net.thucydides.core.steps.StepInterceptor.testStepResult(StepInterceptor.java:205)
at net.thucydides.core.steps.StepInterceptor.intercept(StepInterceptor.java:93)
at net.thucydides.core.steps.ProxyConfiguration$InterceptorDispatcher.intercept(ProxyConfiguration.java:51)
at starter.steps.SalesUserApiSteps$ByteBuddy$VJdtT0ow.sellPlantAsUser(Unknown Source)
at starter.stepdefinitions.SalesUserApiStepDefinitions.theUserSendsPostRequestToSellAPlant(SalesUserApiStepDefinitions.java:40)
at ✽.the user sends a POST request to sell a plant(file:///Users/hevindutilakasena/ITQA/B21_AI_Group_04/src/test/resources/features/api/sales_user.feature:16)
]]>
    </failure>
  </testcase> <!-- runScenario -->
  <testcase classname="starter.CucumberTestSuite" name="runScenario" time="2.826"/>
  <testcase classname="starter.CucumberTestSuite" name="runScenario" time="0.094">
    <failure message="[Response status code should be 400] 
expected: 400
 but was: 401" type="org.opentest4j.AssertionFailedError">
      <![CDATA[org.opentest4j.AssertionFailedError: [Response status code should be 400] 
expected: 400
 but was: 401
at java.base/jdk.internal.reflect.DirectConstructorHandleAccessor.newInstance(DirectConstructorHandleAccessor.java:62)
at java.base/java.lang.reflect.Constructor.newInstanceWithCaller(Constructor.java:502)
at starter.stepdefinitions.CommonApiStepDefinitions.theResponseStatusCodeShouldBe(CommonApiStepDefinitions.java:56)
at ✽.the response status code should be 400(file:///Users/hevindutilakasena/ITQA/B21_AI_Group_04/src/test/resources/features/api/auth_user.feature:13)
]]>
    </failure>
  </testcase> <!-- runScenario -->
  <testcase classname="starter.CucumberTestSuite" name="runScenario" time="0.320"/>
  <testcase classname="starter.CucumberTestSuite" name="runScenario" time="6.226"/>
  <testcase classname="starter.CucumberTestSuite" name="runScenario" time="3.797"/>
  <testcase classname="starter.CucumberTestSuite" name="runScenario" time="0.121"/>
  <testcase classname="starter.CucumberTestSuite" name="runScenario" time="14.980"/>
  <testcase classname="starter.CucumberTestSuite" name="runScenario" time="0.205"/>
  <testcase classname="starter.CucumberTestSuite" name="runScenario" time="10.900">
    <failure message="[Search results should not show &#039;No plants found&#039; empty state] 
Expecting value to be false but was true" type="org.opentest4j.AssertionFailedError">
      <![CDATA[org.opentest4j.AssertionFailedError: [Search results should not show 'No plants found' empty state] 
Expecting value to be false but was true
at java.base/jdk.internal.reflect.DirectConstructorHandleAccessor.newInstance(DirectConstructorHandleAccessor.java:62)
at java.base/java.lang.reflect.Constructor.newInstanceWithCaller(Constructor.java:502)
at starter.steps.PlantAdminUiSteps.verifyPlantListDisplaysRecord(PlantAdminUiSteps.java:129)
at starter.steps.PlantAdminUiSteps$ByteBuddy$2EKLbKop.verifyPlantListDisplaysRecord$accessor$l4CY2K52(Unknown Source)
at java.base/jdk.internal.reflect.DirectMethodHandleAccessor.invoke(DirectMethodHandleAccessor.java:103)
at java.base/java.lang.reflect.Method.invoke(Method.java:580)
at net.thucydides.core.steps.StepInterceptor.invokeMethod(StepInterceptor.java:550)
at net.thucydides.core.steps.StepInterceptor.executeTestStepMethod(StepInterceptor.java:530)
at net.thucydides.core.steps.StepInterceptor.runTestStep(StepInterceptor.java:492)
at net.thucydides.core.steps.StepInterceptor.runOrSkipMethod(StepInterceptor.java:234)
at net.thucydides.core.steps.StepInterceptor.testStepResult(StepInterceptor.java:205)
at net.thucydides.core.steps.StepInterceptor.intercept(StepInterceptor.java:93)
at net.thucydides.core.steps.ProxyConfiguration$InterceptorDispatcher.intercept(ProxyConfiguration.java:51)
at starter.steps.PlantAdminUiSteps$ByteBuddy$2EKLbKop.verifyPlantListDisplaysRecord(Unknown Source)
at starter.stepdefinitions.PlantUiStepDefinitions.plantListAccuratelyDisplaysRecord(PlantUiStepDefinitions.java:127)
at ✽.the plant list should accurately display the "Red Anthurium" record(file:///Users/hevindutilakasena/ITQA/B21_AI_Group_04/src/test/resources/features/ui/plant_user.feature:14)
]]>
    </failure>
  </testcase> <!-- runScenario -->
  <testcase classname="starter.CucumberTestSuite" name="runScenario" time="7.100"/>
  <testcase classname="starter.CucumberTestSuite" name="runScenario" time="6.468"/>
  <testcase classname="starter.CucumberTestSuite" name="runScenario" time="4.281"/>
  <testcase classname="starter.CucumberTestSuite" name="runScenario" time="0.223"/>
  <testcase classname="starter.CucumberTestSuite" name="runScenario" time="1.716"/>
  <testcase classname="starter.CucumberTestSuite" name="runScenario" time="0.174"/>
  <testcase classname="starter.CucumberTestSuite" name="runScenario" time="8.046"/>
  <testcase classname="starter.CucumberTestSuite" name="runScenario" time="0.153"/>
  <testcase classname="starter.CucumberTestSuite" name="runScenario" time="0.344"/>
  <testcase classname="starter.CucumberTestSuite" name="runScenario" time="0.112"/>
  <testcase classname="starter.CucumberTestSuite" name="runScenario" time="0.227"/>
  <testcase classname="starter.CucumberTestSuite" name="runScenario" time="0.056"/>
  <testcase classname="starter.CucumberTestSuite" name="runScenario" time="0.059"/>
  <testcase classname="starter.CucumberTestSuite" name="runScenario" time="0.037"/>
  <testcase classname="starter.CucumberTestSuite" name="runScenario" time="12.024">
    <failure message="[Search results should not show &#039;No plants found&#039; empty state] 
Expecting value to be false but was true" type="org.opentest4j.AssertionFailedError">
      <![CDATA[org.opentest4j.AssertionFailedError: [Search results should not show 'No plants found' empty state] 
Expecting value to be false but was true
at java.base/jdk.internal.reflect.DirectConstructorHandleAccessor.newInstance(DirectConstructorHandleAccessor.java:62)
at java.base/java.lang.reflect.Constructor.newInstanceWithCaller(Constructor.java:502)
at starter.steps.PlantAdminUiSteps.verifyPlantListDisplaysRecord(PlantAdminUiSteps.java:129)
at starter.steps.PlantAdminUiSteps$ByteBuddy$2EKLbKop.verifyPlantListDisplaysRecord$accessor$l4CY2K52(Unknown Source)
at java.base/jdk.internal.reflect.DirectMethodHandleAccessor.invoke(DirectMethodHandleAccessor.java:103)
at java.base/java.lang.reflect.Method.invoke(Method.java:580)
at net.thucydides.core.steps.StepInterceptor.invokeMethod(StepInterceptor.java:550)
at net.thucydides.core.steps.StepInterceptor.executeTestStepMethod(StepInterceptor.java:530)
at net.thucydides.core.steps.StepInterceptor.runTestStep(StepInterceptor.java:492)
at net.thucydides.core.steps.StepInterceptor.runOrSkipMethod(StepInterceptor.java:234)
at net.thucydides.core.steps.StepInterceptor.testStepResult(StepInterceptor.java:205)
at net.thucydides.core.steps.StepInterceptor.intercept(StepInterceptor.java:93)
at net.thucydides.core.steps.ProxyConfiguration$InterceptorDispatcher.intercept(ProxyConfiguration.java:51)
at starter.steps.PlantAdminUiSteps$ByteBuddy$2EKLbKop.verifyPlantListDisplaysRecord(Unknown Source)
at starter.stepdefinitions.PlantUiStepDefinitions.plantListAccuratelyDisplaysRecord(PlantUiStepDefinitions.java:127)
at ✽.the plant list should accurately display the "Red Anthurium" record(file:///Users/hevindutilakasena/ITQA/B21_AI_Group_04/src/test/resources/features/ui/plant_admin.feature:41)
]]>
    </failure>
  </testcase> <!-- runScenario -->
  <testcase classname="starter.CucumberTestSuite" name="runScenario" time="0.019"/>
  <testcase classname="starter.CucumberTestSuite" name="runScenario" time="0.059"/>
  <testcase classname="starter.CucumberTestSuite" name="runScenario" time="4.545"/>
  <testcase classname="starter.CucumberTestSuite" name="runScenario" time="3.468"/>
  <testcase classname="starter.CucumberTestSuite" name="runScenario" time="0.298"/>
  <testcase classname="starter.CucumberTestSuite" name="runScenario" time="8.992">
    <failure message="[&#039;No plants found&#039; message should be displayed] 
Expecting value to be true but was false" type="org.opentest4j.AssertionFailedError">
      <![CDATA[org.opentest4j.AssertionFailedError: ['No plants found' message should be displayed] 
Expecting value to be true but was false
at java.base/jdk.internal.reflect.DirectConstructorHandleAccessor.newInstance(DirectConstructorHandleAccessor.java:62)
at java.base/java.lang.reflect.Constructor.newInstanceWithCaller(Constructor.java:502)
at starter.steps.PlantUserUiSteps.verifyNoPlantsMessageDisplayed(PlantUserUiSteps.java:86)
at starter.steps.PlantUserUiSteps$ByteBuddy$lr2Mzyy4.verifyNoPlantsMessageDisplayed$accessor$TuowHyto(Unknown Source)
at java.base/jdk.internal.reflect.DirectMethodHandleAccessor.invoke(DirectMethodHandleAccessor.java:103)
at java.base/java.lang.reflect.Method.invoke(Method.java:580)
at net.thucydides.core.steps.StepInterceptor.invokeMethod(StepInterceptor.java:550)
at net.thucydides.core.steps.StepInterceptor.executeTestStepMethod(StepInterceptor.java:530)
at net.thucydides.core.steps.StepInterceptor.runTestStep(StepInterceptor.java:492)
at net.thucydides.core.steps.StepInterceptor.runOrSkipMethod(StepInterceptor.java:234)
at net.thucydides.core.steps.StepInterceptor.testStepResult(StepInterceptor.java:205)
at net.thucydides.core.steps.StepInterceptor.intercept(StepInterceptor.java:93)
at net.thucydides.core.steps.ProxyConfiguration$InterceptorDispatcher.intercept(ProxyConfiguration.java:51)
at starter.steps.PlantUserUiSteps$ByteBuddy$lr2Mzyy4.verifyNoPlantsMessageDisplayed(Unknown Source)
at starter.stepdefinitions.PlantUiStepDefinitions.userSeesMessageOnPlantPage(PlantUiStepDefinitions.java:244)
at ✽.the user should see the message "No plants found" on the plant page(file:///Users/hevindutilakasena/ITQA/B21_AI_Group_04/src/test/resources/features/ui/plant_user.feature:48)
]]>
    </failure>
  </testcase> <!-- runScenario -->
  <testcase classname="starter.CucumberTestSuite" name="runScenario" time="0.260"/>
  <testcase classname="starter.CucumberTestSuite" name="runScenario" time="13.930">
    <error message="Edit link not found for plant row: Red Anthurium
For documentation on this error, please visit: https://www.selenium.dev/documentation/webdriver/troubleshooting/errors#nosuchelementexception
Build info: version: &#039;4.41.0&#039;, revision: &#039;9fc754f&#039;
System info: os.name: &#039;Mac OS X&#039;, os.arch: &#039;aarch64&#039;, os.version: &#039;26.4.1&#039;, java.version: &#039;21&#039;
Driver info: driver.version: unknown" type="org.openqa.selenium.NoSuchElementException">
      <![CDATA[org.openqa.selenium.NoSuchElementException: Edit link not found for plant row: Red Anthurium
For documentation on this error, please visit: https://www.selenium.dev/documentation/webdriver/troubleshooting/errors#nosuchelementexception
Build info: version: '4.41.0', revision: '9fc754f'
System info: os.name: 'Mac OS X', os.arch: 'aarch64', os.version: '26.4.1', java.version: '21'
Driver info: driver.version: unknown
at starter.navigation.PlantPage.clickEditButtonForPlant(PlantPage.java:332)
at starter.steps.PlantAdminUiSteps.clickEditButtonForPlant(PlantAdminUiSteps.java:137)
at starter.steps.PlantAdminUiSteps$ByteBuddy$2EKLbKop.clickEditButtonForPlant$accessor$l4CY2K52(Unknown Source)
at java.base/jdk.internal.reflect.DirectMethodHandleAccessor.invoke(DirectMethodHandleAccessor.java:103)
at java.base/java.lang.reflect.Method.invoke(Method.java:580)
at net.thucydides.core.steps.StepInterceptor.invokeMethod(StepInterceptor.java:550)
at net.thucydides.core.steps.StepInterceptor.executeTestStepMethod(StepInterceptor.java:530)
at net.thucydides.core.steps.StepInterceptor.runTestStep(StepInterceptor.java:492)
at net.thucydides.core.steps.StepInterceptor.runOrSkipMethod(StepInterceptor.java:234)
at net.thucydides.core.steps.StepInterceptor.testStepResult(StepInterceptor.java:205)
at net.thucydides.core.steps.StepInterceptor.intercept(StepInterceptor.java:93)
at net.thucydides.core.steps.ProxyConfiguration$InterceptorDispatcher.intercept(ProxyConfiguration.java:51)
at starter.steps.PlantAdminUiSteps$ByteBuddy$2EKLbKop.clickEditButtonForPlant(Unknown Source)
at starter.stepdefinitions.PlantUiStepDefinitions.adminClicksEditButton(PlantUiStepDefinitions.java:162)
at ✽.the admin clicks the Edit button on a particular plant data row "Red Anthurium"(file:///Users/hevindutilakasena/ITQA/B21_AI_Group_04/src/test/resources/features/ui/plant_admin.feature:46)
]]>
    </error>
  </testcase> <!-- runScenario -->
  <testcase classname="starter.CucumberTestSuite" name="runScenario" time="7.295"/>
  <testcase classname="starter.CucumberTestSuite" name="runScenario" time="4.306"/>
  <testcase classname="starter.CucumberTestSuite" name="runScenario" time="0.202"/>
  <testcase classname="starter.CucumberTestSuite" name="runScenario" time="0.125"/>
  <testcase classname="starter.CucumberTestSuite" name="runScenario" time="0.370"/>
  <testcase classname="starter.CucumberTestSuite" name="runScenario" time="0.204"/>
  <testcase classname="starter.CucumberTestSuite" name="runScenario" time="0.306"/>
  <testcase classname="starter.CucumberTestSuite" name="runScenario" time="0.289"/>
  <testcase classname="starter.CucumberTestSuite" name="runScenario" time="0.111"/>
  <testcase classname="starter.CucumberTestSuite" name="runScenario" time="4.777"/>
  <testcase classname="starter.CucumberTestSuite" name="runScenario" time="6.174"/>
  <testcase classname="starter.CucumberTestSuite" name="runScenario" time="2.778"/>
  <testcase classname="starter.CucumberTestSuite" name="runScenario" time="5.244"/>
  <testcase classname="starter.CucumberTestSuite" name="runScenario" time="0.021">
    <error message="&quot;the response status code should be 401 or 403&quot; matches more than one step definition:
  &quot;the response status code should be 401 or 403&quot; in starter.stepdefinitions.AuthUserApiStepDefinitions.theResponseStatusCodeShouldBe401Or403()
  &quot;the response status code should be {int} or {int}&quot; in starter.stepdefinitions.CommonApiStepDefinitions.theResponseStatusCodeShouldBeOrElse(int,int)" type="io.cucumber.core.runner.AmbiguousStepDefinitionsException">
      <![CDATA[io.cucumber.core.runner.AmbiguousStepDefinitionsException: "the response status code should be 401 or 403" matches more than one step definition:
  "the response status code should be 401 or 403" in starter.stepdefinitions.AuthUserApiStepDefinitions.theResponseStatusCodeShouldBe401Or403()
  "the response status code should be {int} or {int}" in starter.stepdefinitions.CommonApiStepDefinitions.theResponseStatusCodeShouldBeOrElse(int,int)
at io.cucumber.core.runner.CachingGlue.findStepDefinitionMatch(CachingGlue.java:458)
at io.cucumber.core.runner.CachingGlue.stepDefinitionMatch(CachingGlue.java:425)
at io.cucumber.core.runner.Runner.matchStepToStepDefinition(Runner.java:184)
at io.cucumber.core.runner.Runner.createTestStepsForPickleSteps(Runner.java:164)
at io.cucumber.core.runner.Runner.createTestCaseForPickle(Runner.java:147)
at io.cucumber.core.runner.Runner.runPickle(Runner.java:74)
at io.cucumber.testng.TestNGCucumberRunner.lambda$runScenario$1(TestNGCucumberRunner.java:135)
at io.cucumber.core.runtime.CucumberExecutionContext.lambda$runTestCase$5(CucumberExecutionContext.java:136)
at io.cucumber.core.runtime.RethrowingThrowableCollector.executeAndThrow(RethrowingThrowableCollector.java:23)
at io.cucumber.core.runtime.CucumberExecutionContext.runTestCase(CucumberExecutionContext.java:136)
at io.cucumber.testng.TestNGCucumberRunner.runScenario(TestNGCucumberRunner.java:132)
at io.cucumber.testng.AbstractTestNGCucumberTests.runScenario(AbstractTestNGCucumberTests.java:35)
at java.base/jdk.internal.reflect.DirectMethodHandleAccessor.invoke(DirectMethodHandleAccessor.java:103)
at java.base/java.lang.reflect.Method.invoke(Method.java:580)
at org.testng.internal.invokers.MethodInvocationHelper.invokeMethod(MethodInvocationHelper.java:139)
at org.testng.internal.invokers.TestInvoker.invokeMethod(TestInvoker.java:664)
at org.testng.internal.invokers.TestInvoker.invokeTestMethod(TestInvoker.java:227)
at org.testng.internal.invokers.MethodRunner.runInSequence(MethodRunner.java:50)
at org.testng.internal.invokers.TestInvoker$MethodInvocationAgent.invoke(TestInvoker.java:957)
at org.testng.internal.invokers.TestInvoker.invokeTestMethods(TestInvoker.java:200)
at org.testng.internal.invokers.TestMethodWorker.invokeTestMethods(TestMethodWorker.java:148)
at org.testng.internal.invokers.TestMethodWorker.run(TestMethodWorker.java:128)
at java.base/java.util.concurrent.ThreadPoolExecutor.runWorker(ThreadPoolExecutor.java:1144)
at java.base/java.util.concurrent.ThreadPoolExecutor$Worker.run(ThreadPoolExecutor.java:642)
at java.base/java.lang.Thread.run(Thread.java:1583)
]]>
    </error>
  </testcase> <!-- runScenario -->
  <testcase classname="starter.CucumberTestSuite" name="runScenario" time="14.153"/>
  <testcase classname="starter.CucumberTestSuite" name="runScenario" time="6.134"/>
  <testcase classname="starter.CucumberTestSuite" name="runScenario" time="8.055"/>
  <testcase classname="starter.CucumberTestSuite" name="runScenario" time="0.104"/>
  <testcase classname="starter.CucumberTestSuite" name="runScenario" time="0.315">
    <failure message="[User deleting sale should return 401 Unauthorized] 
expected: 401
 but was: 204" type="org.opentest4j.AssertionFailedError">
      <![CDATA[org.opentest4j.AssertionFailedError: [User deleting sale should return 401 Unauthorized] 
expected: 401
 but was: 204
at java.base/jdk.internal.reflect.DirectConstructorHandleAccessor.newInstance(DirectConstructorHandleAccessor.java:62)
at java.base/java.lang.reflect.Constructor.newInstanceWithCaller(Constructor.java:502)
at starter.steps.SalesUserApiSteps.deleteSaleAsUser(SalesUserApiSteps.java:180)
at starter.steps.SalesUserApiSteps$ByteBuddy$VJdtT0ow.deleteSaleAsUser$accessor$ncCG2cNm(Unknown Source)
at java.base/jdk.internal.reflect.DirectMethodHandleAccessor.invoke(DirectMethodHandleAccessor.java:103)
at java.base/java.lang.reflect.Method.invoke(Method.java:580)
at net.thucydides.core.steps.StepInterceptor.invokeMethod(StepInterceptor.java:550)
at net.thucydides.core.steps.StepInterceptor.executeTestStepMethod(StepInterceptor.java:530)
at net.thucydides.core.steps.StepInterceptor.runTestStep(StepInterceptor.java:492)
at net.thucydides.core.steps.StepInterceptor.runOrSkipMethod(StepInterceptor.java:234)
at net.thucydides.core.steps.StepInterceptor.testStepResult(StepInterceptor.java:205)
at net.thucydides.core.steps.StepInterceptor.intercept(StepInterceptor.java:93)
at net.thucydides.core.steps.ProxyConfiguration$InterceptorDispatcher.intercept(ProxyConfiguration.java:51)
at starter.steps.SalesUserApiSteps$ByteBuddy$VJdtT0ow.deleteSaleAsUser(Unknown Source)
at starter.stepdefinitions.SalesUserApiStepDefinitions.theUserSendsDeleteRequestToDeleteASale(SalesUserApiStepDefinitions.java:47)
at ✽.the user sends a DELETE request to delete a sale(file:///Users/hevindutilakasena/ITQA/B21_AI_Group_04/src/test/resources/features/api/sales_user.feature:22)
]]>
    </failure>
  </testcase> <!-- runScenario -->
  <testcase classname="starter.CucumberTestSuite" name="runScenario" time="10.545"/>
  <testcase classname="starter.CucumberTestSuite" name="runScenario" time="0.122"/>
  <testcase classname="starter.CucumberTestSuite" name="runScenario" time="0.284"/>
  <testcase classname="starter.CucumberTestSuite" name="runScenario" time="3.019"/>
  <testcase classname="starter.CucumberTestSuite" name="runScenario" time="4.015"/>
  <testcase classname="starter.CucumberTestSuite" name="runScenario" time="0.230"/>
  <testcase classname="starter.CucumberTestSuite" name="runScenario" time="5.744"/>
  <testcase classname="starter.CucumberTestSuite" name="runScenario" time="6.114"/>
  <testcase classname="starter.CucumberTestSuite" name="runScenario" time="12.466"/>
  <testcase classname="starter.CucumberTestSuite" name="runScenario" time="3.447"/>
  <testcase classname="starter.CucumberTestSuite" name="runScenario" time="0.275"/>
  <testcase classname="starter.CucumberTestSuite" name="runScenario" time="0.071"/>
  <testcase classname="starter.CucumberTestSuite" name="runScenario" time="5.816"/>
  <testcase classname="starter.CucumberTestSuite" name="runScenario" time="3.409"/>
  <testcase classname="starter.CucumberTestSuite" name="runScenario" time="4.212"/>
</testsuite> <!-- starter.CucumberTestSuite -->
