<?xml version="1.0" encoding="UTF-8"?>
<!-- Generated by org.testng.reporters.JUnitReportReporter -->
<testsuite hostname="DESKTOP-QH4FCG1" failures="2" tests="20" name="starter.CucumberTestSuite" time="174.091" errors="0" timestamp="2026-06-12T14:18:42 IST" skipped="0">
  <testcase classname="starter.CucumberTestSuite" name="runScenario" time="0.476"/>
  <testcase classname="starter.CucumberTestSuite" name="runScenario" time="0.287"/>
  <testcase classname="starter.CucumberTestSuite" name="runScenario" time="9.631"/>
  <testcase classname="starter.CucumberTestSuite" name="runScenario" time="0.439"/>
  <testcase classname="starter.CucumberTestSuite" name="runScenario" time="0.554"/>
  <testcase classname="starter.CucumberTestSuite" name="runScenario" time="12.826"/>
  <testcase classname="starter.CucumberTestSuite" name="runScenario" time="0.379"/>
  <testcase classname="starter.CucumberTestSuite" name="runScenario" time="19.136"/>
  <testcase classname="starter.CucumberTestSuite" name="runScenario" time="16.789"/>
  <testcase classname="starter.CucumberTestSuite" name="runScenario" time="0.228"/>
  <testcase classname="starter.CucumberTestSuite" name="runScenario" time="18.961"/>
  <testcase classname="starter.CucumberTestSuite" name="runScenario" time="9.874"/>
  <testcase classname="starter.CucumberTestSuite" name="runScenario" time="19.881">
    <failure message="[Search results should not show &#039;No plants found&#039; empty state] 
Expecting value to be false but was true" type="org.opentest4j.AssertionFailedError">
      <![CDATA[org.opentest4j.AssertionFailedError: [Search results should not show 'No plants found' empty state] 
Expecting value to be false but was true
at java.base/jdk.internal.reflect.DirectConstructorHandleAccessor.newInstance(DirectConstructorHandleAccessor.java:62)
at java.base/java.lang.reflect.Constructor.newInstanceWithCaller(Constructor.java:499)
at starter.steps.PlantAdminUiSteps.verifyPlantListDisplaysRecord(PlantAdminUiSteps.java:129)
at starter.steps.PlantAdminUiSteps$ByteBuddy$hEye6Ml6.verifyPlantListDisplaysRecord$accessor$HqWYG5xL(Unknown Source)
at java.base/jdk.internal.reflect.DirectMethodHandleAccessor.invoke(DirectMethodHandleAccessor.java:104)
at java.base/java.lang.reflect.Method.invoke(Method.java:565)
at net.thucydides.core.steps.StepInterceptor.invokeMethod(StepInterceptor.java:550)
at net.thucydides.core.steps.StepInterceptor.executeTestStepMethod(StepInterceptor.java:530)
at net.thucydides.core.steps.StepInterceptor.runTestStep(StepInterceptor.java:492)
at net.thucydides.core.steps.StepInterceptor.runOrSkipMethod(StepInterceptor.java:234)
at net.thucydides.core.steps.StepInterceptor.testStepResult(StepInterceptor.java:205)
at net.thucydides.core.steps.StepInterceptor.intercept(StepInterceptor.java:93)
at net.thucydides.core.steps.ProxyConfiguration$InterceptorDispatcher.intercept(ProxyConfiguration.java:51)
at starter.steps.PlantAdminUiSteps$ByteBuddy$hEye6Ml6.verifyPlantListDisplaysRecord(Unknown Source)
at starter.stepdefinitions.PlantUiStepDefinitions.plantListAccuratelyDisplaysRecord(PlantUiStepDefinitions.java:127)
at ✽.the plant list should accurately display the "Red Anthurium" record(file:///E:/B21_AI_Group_04/src/test/resources/features/ui/plant_user.feature:14)
]]>
    </failure>
  </testcase> <!-- runScenario -->
  <testcase classname="starter.CucumberTestSuite" name="runScenario" time="0.284"/>
  <testcase classname="starter.CucumberTestSuite" name="runScenario" time="15.849"/>
  <testcase classname="starter.CucumberTestSuite" name="runScenario" time="12.351"/>
  <testcase classname="starter.CucumberTestSuite" name="runScenario" time="16.381"/>
  <testcase classname="starter.CucumberTestSuite" name="runScenario" time="15.950">
    <failure message="[Search results should not show &#039;No plants found&#039; empty state] 
Expecting value to be false but was true" type="org.opentest4j.AssertionFailedError">
      <![CDATA[org.opentest4j.AssertionFailedError: [Search results should not show 'No plants found' empty state] 
Expecting value to be false but was true
at java.base/jdk.internal.reflect.DirectConstructorHandleAccessor.newInstance(DirectConstructorHandleAccessor.java:62)
at java.base/java.lang.reflect.Constructor.newInstanceWithCaller(Constructor.java:499)
at starter.steps.PlantAdminUiSteps.verifyPlantListDisplaysRecord(PlantAdminUiSteps.java:129)
at starter.steps.PlantAdminUiSteps$ByteBuddy$hEye6Ml6.verifyPlantListDisplaysRecord$accessor$HqWYG5xL(Unknown Source)
at java.base/jdk.internal.reflect.DirectMethodHandleAccessor.invoke(DirectMethodHandleAccessor.java:104)
at java.base/java.lang.reflect.Method.invoke(Method.java:565)
at net.thucydides.core.steps.StepInterceptor.invokeMethod(StepInterceptor.java:550)
at net.thucydides.core.steps.StepInterceptor.executeTestStepMethod(StepInterceptor.java:530)
at net.thucydides.core.steps.StepInterceptor.runTestStep(StepInterceptor.java:492)
at net.thucydides.core.steps.StepInterceptor.runOrSkipMethod(StepInterceptor.java:234)
at net.thucydides.core.steps.StepInterceptor.testStepResult(StepInterceptor.java:205)
at net.thucydides.core.steps.StepInterceptor.intercept(StepInterceptor.java:93)
at net.thucydides.core.steps.ProxyConfiguration$InterceptorDispatcher.intercept(ProxyConfiguration.java:51)
at starter.steps.PlantAdminUiSteps$ByteBuddy$hEye6Ml6.verifyPlantListDisplaysRecord(Unknown Source)
at starter.stepdefinitions.PlantUiStepDefinitions.plantListAccuratelyDisplaysRecord(PlantUiStepDefinitions.java:127)
at ✽.the plant list should accurately display the "Red Anthurium" record(file:///E:/B21_AI_Group_04/src/test/resources/features/ui/plant_admin.feature:41)
]]>
    </failure>
  </testcase> <!-- runScenario -->
  <testcase classname="starter.CucumberTestSuite" name="runScenario" time="2.450"/>
  <testcase classname="starter.CucumberTestSuite" name="runScenario" time="1.365"/>
</testsuite> <!-- starter.CucumberTestSuite -->
