-------------------------------------------------------------------------------
Test set: starter.CucumberTestSuite
-------------------------------------------------------------------------------
Tests run: 13, Failures: 2, Errors: 0, Skipped: 0, Time elapsed: 4.939 s <<< FAILURE! -- in starter.CucumberTestSuite
starter.CucumberTestSuite.runScenario["Verify unauthorized access to plant selling with user token", "Sales API - User"](7) -- Time elapsed: 0.199 s <<< FAILURE!
org.opentest4j.AssertionFailedError: 
[User selling plant should return 401 Unauthorized] 
expected: 401
 but was: 400
	at java.base/jdk.internal.reflect.DirectConstructorHandleAccessor.newInstance(DirectConstructorHandleAccessor.java:62)
	at java.base/java.lang.reflect.Constructor.newInstanceWithCaller(Constructor.java:502)
	at starter.steps.SalesUserApiSteps.sellPlantAsUser(SalesUserApiSteps.java:154)
	at starter.steps.SalesUserApiSteps$ByteBuddy$R1PWGWnW.sellPlantAsUser$accessor$le2yIbGF(Unknown Source)
	at java.base/jdk.internal.reflect.DirectMethodHandleAccessor.invoke(DirectMethodHandleAccessor.java:103)
	at java.base/java.lang.reflect.Method.invoke(Method.java:580)
	at net.thucydides.core.steps.StepInterceptor.invokeMethod(StepInterceptor.java:550)
	at net.thucydides.core.steps.StepInterceptor.executeTestStepMethod(StepInterceptor.java:530)
	at net.thucydides.core.steps.StepInterceptor.runTestStep(StepInterceptor.java:492)
	at net.thucydides.core.steps.StepInterceptor.runOrSkipMethod(StepInterceptor.java:234)
	at net.thucydides.core.steps.StepInterceptor.testStepResult(StepInterceptor.java:205)
	at net.thucydides.core.steps.StepInterceptor.intercept(StepInterceptor.java:93)
	at net.thucydides.core.steps.ProxyConfiguration$InterceptorDispatcher.intercept(ProxyConfiguration.java:51)
	at starter.steps.SalesUserApiSteps$ByteBuddy$R1PWGWnW.sellPlantAsUser(Unknown Source)
	at starter.stepdefinitions.SalesUserApiStepDefinitions.theUserSendsPostRequestToSellAPlant(SalesUserApiStepDefinitions.java:47)
	at ✽.the user sends a POST request to sell a plant(file:///Users/hevindutilakasena/ITQA/B21_AI_Group_04/src/test/resources/features/api/sales_user.feature:16)

starter.CucumberTestSuite.runScenario["Verify unauthorized access to delete sales with user token", "Sales API - User"](8) -- Time elapsed: 0.247 s <<< FAILURE!
org.opentest4j.AssertionFailedError: 
[User deleting sale should return 401 Unauthorized] 
expected: 401
 but was: 204
	at java.base/jdk.internal.reflect.DirectConstructorHandleAccessor.newInstance(DirectConstructorHandleAccessor.java:62)
	at java.base/java.lang.reflect.Constructor.newInstanceWithCaller(Constructor.java:502)
	at starter.steps.SalesUserApiSteps.deleteSaleAsUser(SalesUserApiSteps.java:171)
	at starter.steps.SalesUserApiSteps$ByteBuddy$R1PWGWnW.deleteSaleAsUser$accessor$le2yIbGF(Unknown Source)
	at java.base/jdk.internal.reflect.DirectMethodHandleAccessor.invoke(DirectMethodHandleAccessor.java:103)
	at java.base/java.lang.reflect.Method.invoke(Method.java:580)
	at net.thucydides.core.steps.StepInterceptor.invokeMethod(StepInterceptor.java:550)
	at net.thucydides.core.steps.StepInterceptor.executeTestStepMethod(StepInterceptor.java:530)
	at net.thucydides.core.steps.StepInterceptor.runTestStep(StepInterceptor.java:492)
	at net.thucydides.core.steps.StepInterceptor.runOrSkipMethod(StepInterceptor.java:234)
	at net.thucydides.core.steps.StepInterceptor.testStepResult(StepInterceptor.java:205)
	at net.thucydides.core.steps.StepInterceptor.intercept(StepInterceptor.java:93)
	at net.thucydides.core.steps.ProxyConfiguration$InterceptorDispatcher.intercept(ProxyConfiguration.java:51)
	at starter.steps.SalesUserApiSteps$ByteBuddy$R1PWGWnW.deleteSaleAsUser(Unknown Source)
	at starter.stepdefinitions.SalesUserApiStepDefinitions.theUserSendsDeleteRequestToDeleteASale(SalesUserApiStepDefinitions.java:54)
	at ✽.the user sends a DELETE request to delete a sale(file:///Users/hevindutilakasena/ITQA/B21_AI_Group_04/src/test/resources/features/api/sales_user.feature:22)

