-------------------------------------------------------------------------------
Test set: starter.CucumberTestSuite
-------------------------------------------------------------------------------
Tests run: 23, Failures: 2, Errors: 0, Skipped: 10, Time elapsed: 5.522 s <<< FAILURE! -- in starter.CucumberTestSuite
Sales API - User.Verify unauthorized access to plant selling with user token -- Time elapsed: 0.177 s <<< FAILURE!
org.opentest4j.AssertionFailedError: 
[User selling plant should return 401 Unauthorized] 
expected: 401
 but was: 400
	at java.base/java.lang.reflect.Constructor.newInstanceWithCaller(Constructor.java:502)
	at starter.steps.SalesUserApiSteps.sellPlantAsUser(SalesUserApiSteps.java:157)
	at starter.steps.SalesUserApiSteps$ByteBuddy$TTdxBzkK.sellPlantAsUser$accessor$jSvxbvPN(Unknown Source)
	at java.base/java.lang.reflect.Method.invoke(Method.java:580)
	at net.thucydides.core.steps.StepInterceptor.invokeMethod(StepInterceptor.java:550)
	at net.thucydides.core.steps.StepInterceptor.executeTestStepMethod(StepInterceptor.java:530)
	at net.thucydides.core.steps.StepInterceptor.runTestStep(StepInterceptor.java:492)
	at net.thucydides.core.steps.StepInterceptor.runOrSkipMethod(StepInterceptor.java:234)
	at net.thucydides.core.steps.StepInterceptor.testStepResult(StepInterceptor.java:205)
	at net.thucydides.core.steps.StepInterceptor.intercept(StepInterceptor.java:93)
	at net.thucydides.core.steps.ProxyConfiguration$InterceptorDispatcher.intercept(ProxyConfiguration.java:51)
	at starter.steps.SalesUserApiSteps$ByteBuddy$TTdxBzkK.sellPlantAsUser(Unknown Source)
	at starter.stepdefinitions.SalesUserApiStepDefinitions.theUserSendsPostRequestToSellAPlant(SalesUserApiStepDefinitions.java:47)
	at ✽.the user sends a POST request to sell a plant(classpath:features/api/sales_user.feature:16)

Sales API - User.Verify unauthorized access to delete sales with user token -- Time elapsed: 0.264 s <<< FAILURE!
org.opentest4j.AssertionFailedError: 
[User deleting sale should return 401 Unauthorized] 
expected: 401
 but was: 204
	at java.base/java.lang.reflect.Constructor.newInstanceWithCaller(Constructor.java:502)
	at starter.steps.SalesUserApiSteps.deleteSaleAsUser(SalesUserApiSteps.java:174)
	at starter.steps.SalesUserApiSteps$ByteBuddy$TTdxBzkK.deleteSaleAsUser$accessor$jSvxbvPN(Unknown Source)
	at java.base/java.lang.reflect.Method.invoke(Method.java:580)
	at net.thucydides.core.steps.StepInterceptor.invokeMethod(StepInterceptor.java:550)
	at net.thucydides.core.steps.StepInterceptor.executeTestStepMethod(StepInterceptor.java:530)
	at net.thucydides.core.steps.StepInterceptor.runTestStep(StepInterceptor.java:492)
	at net.thucydides.core.steps.StepInterceptor.runOrSkipMethod(StepInterceptor.java:234)
	at net.thucydides.core.steps.StepInterceptor.testStepResult(StepInterceptor.java:205)
	at net.thucydides.core.steps.StepInterceptor.intercept(StepInterceptor.java:93)
	at net.thucydides.core.steps.ProxyConfiguration$InterceptorDispatcher.intercept(ProxyConfiguration.java:51)
	at starter.steps.SalesUserApiSteps$ByteBuddy$TTdxBzkK.deleteSaleAsUser(Unknown Source)
	at starter.stepdefinitions.SalesUserApiStepDefinitions.theUserSendsDeleteRequestToDeleteASale(SalesUserApiStepDefinitions.java:54)
	at ✽.the user sends a DELETE request to delete a sale(classpath:features/api/sales_user.feature:22)

