<?xml version="1.0" encoding="UTF-8"?>
<testsuite xmlns:xsi="http://www.w3.org/2001/XMLSchema-instance" xsi:noNamespaceSchemaLocation="https://maven.apache.org/surefire/maven-failsafe-plugin/xsd/failsafe-test-report-3.0.xsd" version="3.0" name="starter.CucumberTestSuite" time="4.939" tests="13" errors="0" skipped="0" failures="2">
  <properties>
[...]
</properties>
  <testcase name="runScenario[&quot;Verify successful sell plant request with valid plant id and quantity&quot;, &quot;Sales API - Admin&quot;](1)" classname="starter.CucumberTestSuite" time="1.915">
    <system-out><![CDATA[
@api @sales @admin @API_POST_SELLPLANT_01 @smoke
&amp#27;[1mScenario:&amp#27;[22m Verify successful sell plant request with valid plant id and quantity &amp#27;[90m# src/test/resources/features/api/sales_admin.feature:8&amp#27;[39m
[SalesAdminApiSteps] Admin token obtained.
  &amp#27;[32m✔&amp#27;[39m &amp#27;[32m&amp#27;[1mGiven &amp#27;[22mthe admin authentication token is available&amp#27;[39m                           &amp#27;[90m# starter.stepdefinitions.SalesAdminApiStepDefinitions.theAdminAuthenticationTokenIsAvailable()&amp#27;[39m
[SalesAdminApiSteps] Created plant id: 320 with stock: 100
  &amp#27;[32m✔&amp#27;[39m &amp#27;[32m&amp#27;[1mGiven &amp#27;[22ma valid plant exists with sufficient stock&amp#27;[39m                            &amp#27;[90m# starter.stepdefinitions.SalesAdminApiStepDefinitions.aValidPlantExistsWithSufficientStock()&amp#27;[39m
[SalesAdminApiSteps] Sale created id: 3388
  &amp#27;[32m✔&amp#27;[39m &amp#27;[32m&amp#27;[1mWhen &amp#27;[22mthe admin sends a POST request to sell the plant with quantity 1&amp#27;[39m       &amp#27;[90m# starter.stepdefinitions.SalesAdminApiStepDefinitions.theAdminSendsPostRequestToSellPlantWithQuantity1()&amp#27;[39m
  &amp#27;[32m✔&amp#27;[39m &amp#27;[32m&amp#27;[1mThen &amp#27;[22mthe response status code should be &amp#27;[1m201&amp#27;[22m&amp#27;[39m                                 &amp#27;[90m# starter.stepdefinitions.SalesAdminApiStepDefinitions.theResponseStatusCodeShouldBe(int)&amp#27;[39m
[SalesAdminApiSteps] Stock reduced from 100 to 99
  &amp#27;[32m✔&amp#27;[39m &amp#27;[32m&amp#27;[1mAnd &amp#27;[22mthe plant stock should be reduced&amp#27;[39m                                       &amp#27;[90m# starter.stepdefinitions.SalesAdminApiStepDefinitions.thePlantStockShouldBeReduced()&amp#27;[39m
]]></system-out>
    <system-err><![CDATA[SLF4J(W): No SLF4J providers were found.
SLF4J(W): Defaulting to no-operation (NOP) logger implementation
SLF4J(W): See https://www.slf4j.org/codes.html#noProviders for further details.
SLF4J(W): Class path contains SLF4J bindings targeting slf4j-api versions 1.7.x or earlier.
SLF4J(W): Ignoring binding found at [jar:file:/Users/hevindutilakasena/.m2/repository/ch/qos/logback/logback-classic/1.2.10/logback-classic-1.2.10.jar!/org/slf4j/impl/StaticLoggerBinder.class]
SLF4J(W): See https://www.slf4j.org/codes.html#ignoredBindings for an explanation.
]]></system-err>
  </testcase>
  <testcase name="runScenario[&quot;Verify validation of exceeded plant quantity&quot;, &quot;Sales API - Admin&quot;](2)" classname="starter.CucumberTestSuite" time="0.19">
    <system-out><![CDATA[
@api @sales @admin @API_POST_SELLPLANT_02 @regression
&amp#27;[1mScenario:&amp#27;[22m Verify validation of exceeded plant quantity                           &amp#27;[90m# src/test/resources/features/api/sales_admin.feature:15&amp#27;[39m
[SalesAdminApiSteps] Admin token obtained.
  &amp#27;[32m✔&amp#27;[39m &amp#27;[32m&amp#27;[1mGiven &amp#27;[22mthe admin authentication token is available&amp#27;[39m                            &amp#27;[90m# starter.stepdefinitions.SalesAdminApiStepDefinitions.theAdminAuthenticationTokenIsAvailable()&amp#27;[39m
[SalesAdminApiSteps] Created plant id: 321 with stock: 100
  &amp#27;[32m✔&amp#27;[39m &amp#27;[32m&amp#27;[1mGiven &amp#27;[22ma valid plant exists with sufficient stock&amp#27;[39m                             &amp#27;[90m# starter.stepdefinitions.SalesAdminApiStepDefinitions.aValidPlantExistsWithSufficientStock()&amp#27;[39m
  &amp#27;[32m✔&amp#27;[39m &amp#27;[32m&amp#27;[1mWhen &amp#27;[22mthe admin sends a POST request to sell the plant with exceeded quantity&amp#27;[39m &amp#27;[90m# starter.stepdefinitions.SalesAdminApiStepDefinitions.theAdminSendsPostRequestToSellPlantWithExceededQuantity()&amp#27;[39m
  &amp#27;[32m✔&amp#27;[39m &amp#27;[32m&amp#27;[1mThen &amp#27;[22mthe response status code should be &amp#27;[1m400&amp#27;[22m&amp#27;[39m                                  &amp#27;[90m# starter.stepdefinitions.SalesAdminApiStepDefinitions.theResponseStatusCodeShouldBe(int)&amp#27;[39m
]]></system-out>
  </testcase>
  <testcase name="runScenario[&quot;Verify successful deletion request with valid sale id&quot;, &quot;Sales API - Admin&quot;](3)" classname="starter.CucumberTestSuite" time="0.219">
    <system-out><![CDATA[
@api @sales @admin @API_DELETE_SALE_03 @smoke
&amp#27;[1mScenario:&amp#27;[22m Verify successful deletion request with valid sale id &amp#27;[90m# src/test/resources/features/api/sales_admin.feature:21&amp#27;[39m
[SalesAdminApiSteps] Admin token obtained.
  &amp#27;[32m✔&amp#27;[39m &amp#27;[32m&amp#27;[1mGiven &amp#27;[22mthe admin authentication token is available&amp#27;[39m           &amp#27;[90m# starter.stepdefinitions.SalesAdminApiStepDefinitions.theAdminAuthenticationTokenIsAvailable()&amp#27;[39m
[SalesAdminApiSteps] Created plant id: 322 with stock: 100
[SalesAdminApiSteps] Created sale id: 3389
  &amp#27;[32m✔&amp#27;[39m &amp#27;[32m&amp#27;[1mGiven &amp#27;[22ma sale record exists&amp#27;[39m                                  &amp#27;[90m# starter.stepdefinitions.SalesAdminApiStepDefinitions.aSaleRecordExists()&amp#27;[39m
[SalesAdminApiSteps] Deleted sale id: 3389
  &amp#27;[32m✔&amp#27;[39m &amp#27;[32m&amp#27;[1mWhen &amp#27;[22mthe admin sends a DELETE request to delete the sale&amp#27;[39m    &amp#27;[90m# starter.stepdefinitions.SalesAdminApiStepDefinitions.theAdminSendsDeleteRequestToDeleteTheSale()&amp#27;[39m
  &amp#27;[32m✔&amp#27;[39m &amp#27;[32m&amp#27;[1mThen &amp#27;[22mthe response status code should be &amp#27;[1m204&amp#27;[22m&amp#27;[39m                 &amp#27;[90m# starter.stepdefinitions.SalesAdminApiStepDefinitions.theResponseStatusCodeShouldBe(int)&amp#27;[39m
]]></system-out>
  </testcase>
  <testcase name="runScenario[&quot;Verify validation of quantity less than 1&quot;, &quot;Sales API - Admin&quot;](4)" classname="starter.CucumberTestSuite" time="0.183">
    <system-out><![CDATA[
@api @sales @admin @API_POST_SELLPLANT_04 @regression
&amp#27;[1mScenario:&amp#27;[22m Verify validation of quantity less than 1                       &amp#27;[90m# src/test/resources/features/api/sales_admin.feature:27&amp#27;[39m
[SalesAdminApiSteps] Admin token obtained.
  &amp#27;[32m✔&amp#27;[39m &amp#27;[32m&amp#27;[1mGiven &amp#27;[22mthe admin authentication token is available&amp#27;[39m                     &amp#27;[90m# starter.stepdefinitions.SalesAdminApiStepDefinitions.theAdminAuthenticationTokenIsAvailable()&amp#27;[39m
[SalesAdminApiSteps] Created plant id: 323 with stock: 100
  &amp#27;[32m✔&amp#27;[39m &amp#27;[32m&amp#27;[1mGiven &amp#27;[22ma valid plant exists with sufficient stock&amp#27;[39m                      &amp#27;[90m# starter.stepdefinitions.SalesAdminApiStepDefinitions.aValidPlantExistsWithSufficientStock()&amp#27;[39m
  &amp#27;[32m✔&amp#27;[39m &amp#27;[32m&amp#27;[1mWhen &amp#27;[22mthe admin sends a POST request to sell the plant with quantity 0&amp#27;[39m &amp#27;[90m# starter.stepdefinitions.SalesAdminApiStepDefinitions.theAdminSendsPostRequestToSellPlantWithQuantity0()&amp#27;[39m
  &amp#27;[32m✔&amp#27;[39m &amp#27;[32m&amp#27;[1mThen &amp#27;[22mthe response status code should be &amp#27;[1m400&amp#27;[22m&amp#27;[39m                           &amp#27;[90m# starter.stepdefinitions.SalesAdminApiStepDefinitions.theResponseStatusCodeShouldBe(int)&amp#27;[39m
]]></system-out>
  </testcase>
  <testcase name="runScenario[&quot;Verify retrieval of all available sales records&quot;, &quot;Sales API - Admin&quot;](5)" classname="starter.CucumberTestSuite" time="0.121">
    <system-out><![CDATA[
@api @sales @admin @API_GET_SALES_05 @smoke
&amp#27;[1mScenario:&amp#27;[22m Verify retrieval of all available sales records    &amp#27;[90m# src/test/resources/features/api/sales_admin.feature:33&amp#27;[39m
[SalesAdminApiSteps] Admin token obtained.
  &amp#27;[32m✔&amp#27;[39m &amp#27;[32m&amp#27;[1mGiven &amp#27;[22mthe admin authentication token is available&amp#27;[39m        &amp#27;[90m# starter.stepdefinitions.SalesAdminApiStepDefinitions.theAdminAuthenticationTokenIsAvailable()&amp#27;[39m
[SalesAdminApiSteps] Retrieved 4 sales.
  &amp#27;[32m✔&amp#27;[39m &amp#27;[32m&amp#27;[1mWhen &amp#27;[22mthe admin sends a GET request to retrieve all sales&amp#27;[39m &amp#27;[90m# starter.stepdefinitions.SalesAdminApiStepDefinitions.theAdminSendsGetRequestToRetrieveAllSales()&amp#27;[39m
  &amp#27;[32m✔&amp#27;[39m &amp#27;[32m&amp#27;[1mThen &amp#27;[22mthe response status code should be &amp#27;[1m200&amp#27;[22m&amp#27;[39m              &amp#27;[90m# starter.stepdefinitions.SalesAdminApiStepDefinitions.theResponseStatusCodeShouldBe(int)&amp#27;[39m
  &amp#27;[32m✔&amp#27;[39m &amp#27;[32m&amp#27;[1mAnd &amp#27;[22mthe response should contain a valid sales list&amp#27;[39m       &amp#27;[90m# starter.stepdefinitions.SalesAdminApiStepDefinitions.theResponseShouldContainAValidSalesList()&amp#27;[39m
]]></system-out>
  </testcase>
  <testcase name="runScenario[&quot;Verify successful retrieval of paginated sales records when records are available&quot;, &quot;Sales API - User&quot;](6)" classname="starter.CucumberTestSuite" time="0.144">
    <system-out><![CDATA[
@api @sales @user @API_GET_PAGINATEDSALES_01 @smoke
&amp#27;[1mScenario:&amp#27;[22m Verify successful retrieval of paginated sales records when records are available &amp#27;[90m# src/test/resources/features/api/sales_user.feature:8&amp#27;[39m
[SalesUserApiSteps] User token obtained.
  &amp#27;[32m✔&amp#27;[39m &amp#27;[32m&amp#27;[1mGiven &amp#27;[22mthe user authentication token is available&amp#27;[39m                                        &amp#27;[90m# starter.stepdefinitions.SalesUserApiStepDefinitions.theUserAuthenticationTokenIsAvailable()&amp#27;[39m
[SalesUserApiSteps] Paginated sales retrieved. Total: 4
  &amp#27;[32m✔&amp#27;[39m &amp#27;[32m&amp#27;[1mWhen &amp#27;[22mthe user sends a GET request to retrieve paginated sales&amp#27;[39m                           &amp#27;[90m# starter.stepdefinitions.SalesUserApiStepDefinitions.theUserSendsGetRequestToRetrievePaginatedSales()&amp#27;[39m
  &amp#27;[32m✔&amp#27;[39m &amp#27;[32m&amp#27;[1mThen &amp#27;[22mthe response status code should be &amp#27;[1m200&amp#27;[22m&amp#27;[39m                                             &amp#27;[90m# starter.stepdefinitions.SalesAdminApiStepDefinitions.theResponseStatusCodeShouldBe(int)&amp#27;[39m
  &amp#27;[32m✔&amp#27;[39m &amp#27;[32m&amp#27;[1mAnd &amp#27;[22mthe response should contain paginated sales data&amp#27;[39m                                    &amp#27;[90m# starter.stepdefinitions.SalesUserApiStepDefinitions.theResponseShouldContainPaginatedSalesData()&amp#27;[39m
]]></system-out>
  </testcase>
  <testcase name="runScenario[&quot;Verify unauthorized access to plant selling with user token&quot;, &quot;Sales API - User&quot;](7)" classname="starter.CucumberTestSuite" time="0.199">
    <failure message="[User selling plant should return 401 Unauthorized] &#10;expected: 401&#10; but was: 400" type="org.opentest4j.AssertionFailedError"><![CDATA[org.opentest4j.AssertionFailedError: 
[User selling plant should return 401 Unauthorized] 
expected: 401
 but was: 400
	at java.base/jdk.internal.reflect.DirectConstructorHandleAccessor.newInstance(DirectConstructorHandleAccessor.java:62)
	at java.base/java.lang.reflect.Constructor.newInstanceWithCaller(Constructor.java:502)
	at starter.steps.SalesUserApiSteps.sellPlantAsUser(SalesUserApiSteps.java:154)
	at starter.steps.SalesUserApiSteps$ByteBuddy$R1PWGWnW.sellPlantAsUser$accessor$le2yIbGF(Unknown Source)
	at java.base/jdk.internal.reflect.DirectMethodHandleAccessor.invoke(DirectMethodHandleAccessor.java:103)
	at java.base/java.lang.reflect.Method.invoke(Method.java:580)
	at net.thucydides.core.steps.StepInterceptor.invokeMethod(StepInterceptor.java:550)
	at net.thucydides.core.steps.StepInterceptor.executeTestStepMethod(StepInterceptor.java:530)
	at net.thucydides.core.steps.StepInterceptor.runTestStep(StepInterceptor.java:492)
	at net.thucydides.core.steps.StepInterceptor.runOrSkipMethod(StepInterceptor.java:234)
	at net.thucydides.core.steps.StepInterceptor.testStepResult(StepInterceptor.java:205)
	at net.thucydides.core.steps.StepInterceptor.intercept(StepInterceptor.java:93)
	at net.thucydides.core.steps.ProxyConfiguration$InterceptorDispatcher.intercept(ProxyConfiguration.java:51)
	at starter.steps.SalesUserApiSteps$ByteBuddy$R1PWGWnW.sellPlantAsUser(Unknown Source)
	at starter.stepdefinitions.SalesUserApiStepDefinitions.theUserSendsPostRequestToSellAPlant(SalesUserApiStepDefinitions.java:47)
	at ✽.the user sends a POST request to sell a plant(file:///Users/hevindutilakasena/ITQA/B21_AI_Group_04/src/test/resources/features/api/sales_user.feature:16)
]]></failure>
    <system-out><![CDATA[
@api @sales @user @API_POST_SELLPLANT_02 @smoke
&amp#27;[1mScenario:&amp#27;[22m Verify unauthorized access to plant selling with user token &amp#27;[90m# src/test/resources/features/api/sales_user.feature:14&amp#27;[39m
[SalesUserApiSteps] User token obtained.
  &amp#27;[32m✔&amp#27;[39m &amp#27;[32m&amp#27;[1mGiven &amp#27;[22mthe user authentication token is available&amp#27;[39m                  &amp#27;[90m# starter.stepdefinitions.SalesUserApiStepDefinitions.theUserAuthenticationTokenIsAvailable()&amp#27;[39m
[SalesUserApiSteps] Using plant id: 1
  &amp#27;[32m✔&amp#27;[39m &amp#27;[32m&amp#27;[1mGiven &amp#27;[22ma valid plant id exists&amp#27;[39m                                     &amp#27;[90m# starter.stepdefinitions.SalesUserApiStepDefinitions.aValidPlantIdExists()&amp#27;[39m
  &amp#27;[31m✘&amp#27;[39m &amp#27;[31m&amp#27;[1mWhen &amp#27;[22mthe user sends a POST request to sell a plant&amp#27;[39m                &amp#27;[90m# starter.stepdefinitions.SalesUserApiStepDefinitions.theUserSendsPostRequestToSellAPlant()&amp#27;[39m
        &amp#27;[31morg.opentest4j.AssertionFailedError: [User selling plant should return 401 Unauthorized] &amp#27;[39m
        &amp#27;[31mexpected: 401&amp#27;[39m
        &amp#27;[31m but was: 400&amp#27;[39m
        &amp#27;[31m	at java.base/jdk.internal.reflect.DirectConstructorHandleAccessor.newInstance(DirectConstructorHandleAccessor.java:62)&amp#27;[39m
        &amp#27;[31m	at java.base/java.lang.reflect.Constructor.newInstanceWithCaller(Constructor.java:502)&amp#27;[39m
        &amp#27;[31m	at starter.steps.SalesUserApiSteps.sellPlantAsUser(SalesUserApiSteps.java:154)&amp#27;[39m
        &amp#27;[31m	at starter.steps.SalesUserApiSteps$ByteBuddy$R1PWGWnW.sellPlantAsUser$accessor$le2yIbGF(Unknown Source)&amp#27;[39m
        &amp#27;[31m	at java.base/jdk.internal.reflect.DirectMethodHandleAccessor.invoke(DirectMethodHandleAccessor.java:103)&amp#27;[39m
        &amp#27;[31m	at java.base/java.lang.reflect.Method.invoke(Method.java:580)&amp#27;[39m
        &amp#27;[31m	at net.thucydides.core.steps.StepInterceptor.invokeMethod(StepInterceptor.java:550)&amp#27;[39m
        &amp#27;[31m	at net.thucydides.core.steps.StepInterceptor.executeTestStepMethod(StepInterceptor.java:530)&amp#27;[39m
        &amp#27;[31m	at net.thucydides.core.steps.StepInterceptor.runTestStep(StepInterceptor.java:492)&amp#27;[39m
        &amp#27;[31m	at net.thucydides.core.steps.StepInterceptor.runOrSkipMethod(StepInterceptor.java:234)&amp#27;[39m
        &amp#27;[31m	at net.thucydides.core.steps.StepInterceptor.testStepResult(StepInterceptor.java:205)&amp#27;[39m
        &amp#27;[31m	at net.thucydides.core.steps.StepInterceptor.intercept(StepInterceptor.java:93)&amp#27;[39m
        &amp#27;[31m	at net.thucydides.core.steps.ProxyConfiguration$InterceptorDispatcher.intercept(ProxyConfiguration.java:51)&amp#27;[39m
        &amp#27;[31m	at starter.steps.SalesUserApiSteps$ByteBuddy$R1PWGWnW.sellPlantAsUser(Unknown Source)&amp#27;[39m
        &amp#27;[31m	at starter.stepdefinitions.SalesUserApiStepDefinitions.theUserSendsPostRequestToSellAPlant(SalesUserApiStepDefinitions.java:47)&amp#27;[39m
        &amp#27;[31m	at ✽.the user sends a POST request to sell a plant(file:///Users/hevindutilakasena/ITQA/B21_AI_Group_04/src/test/resources/features/api/sales_user.feature:16)&amp#27;[39m
  &amp#27;[36m↷&amp#27;[39m &amp#27;[36m&amp#27;[1mThen &amp#27;[22mthe response status code should be &amp#27;[1m401&amp#27;[22m&amp#27;[39m                       &amp#27;[90m# starter.stepdefinitions.SalesAdminApiStepDefinitions.theResponseStatusCodeShouldBe(int)&amp#27;[39m
]]></system-out>
  </testcase>
  <testcase name="runScenario[&quot;Verify unauthorized access to delete sales with user token&quot;, &quot;Sales API - User&quot;](8)" classname="starter.CucumberTestSuite" time="0.247">
    <failure message="[User deleting sale should return 401 Unauthorized] &#10;expected: 401&#10; but was: 204" type="org.opentest4j.AssertionFailedError"><![CDATA[org.opentest4j.AssertionFailedError: 
[User deleting sale should return 401 Unauthorized] 
expected: 401
 but was: 204
	at java.base/jdk.internal.reflect.DirectConstructorHandleAccessor.newInstance(DirectConstructorHandleAccessor.java:62)
	at java.base/java.lang.reflect.Constructor.newInstanceWithCaller(Constructor.java:502)
	at starter.steps.SalesUserApiSteps.deleteSaleAsUser(SalesUserApiSteps.java:171)
	at starter.steps.SalesUserApiSteps$ByteBuddy$R1PWGWnW.deleteSaleAsUser$accessor$le2yIbGF(Unknown Source)
	at java.base/jdk.internal.reflect.DirectMethodHandleAccessor.invoke(DirectMethodHandleAccessor.java:103)
	at java.base/java.lang.reflect.Method.invoke(Method.java:580)
	at net.thucydides.core.steps.StepInterceptor.invokeMethod(StepInterceptor.java:550)
	at net.thucydides.core.steps.StepInterceptor.executeTestStepMethod(StepInterceptor.java:530)
	at net.thucydides.core.steps.StepInterceptor.runTestStep(StepInterceptor.java:492)
	at net.thucydides.core.steps.StepInterceptor.runOrSkipMethod(StepInterceptor.java:234)
	at net.thucydides.core.steps.StepInterceptor.testStepResult(StepInterceptor.java:205)
	at net.thucydides.core.steps.StepInterceptor.intercept(StepInterceptor.java:93)
	at net.thucydides.core.steps.ProxyConfiguration$InterceptorDispatcher.intercept(ProxyConfiguration.java:51)
	at starter.steps.SalesUserApiSteps$ByteBuddy$R1PWGWnW.deleteSaleAsUser(Unknown Source)
	at starter.stepdefinitions.SalesUserApiStepDefinitions.theUserSendsDeleteRequestToDeleteASale(SalesUserApiStepDefinitions.java:54)
	at ✽.the user sends a DELETE request to delete a sale(file:///Users/hevindutilakasena/ITQA/B21_AI_Group_04/src/test/resources/features/api/sales_user.feature:22)
]]></failure>
    <system-out><![CDATA[
@api @sales @user @API_DELETE_SALE_03 @smoke
&amp#27;[1mScenario:&amp#27;[22m Verify unauthorized access to delete sales with user token &amp#27;[90m# src/test/resources/features/api/sales_user.feature:20&amp#27;[39m
[SalesUserApiSteps] User token obtained.
  &amp#27;[32m✔&amp#27;[39m &amp#27;[32m&amp#27;[1mGiven &amp#27;[22mthe user authentication token is available&amp#27;[39m                 &amp#27;[90m# starter.stepdefinitions.SalesUserApiStepDefinitions.theUserAuthenticationTokenIsAvailable()&amp#27;[39m
[SalesUserApiSteps] Using sale id: 3384
  &amp#27;[32m✔&amp#27;[39m &amp#27;[32m&amp#27;[1mGiven &amp#27;[22ma valid sale id exists&amp#27;[39m                                     &amp#27;[90m# starter.stepdefinitions.SalesUserApiStepDefinitions.aValidSaleIdExists()&amp#27;[39m
  &amp#27;[31m✘&amp#27;[39m &amp#27;[31m&amp#27;[1mWhen &amp#27;[22mthe user sends a DELETE request to delete a sale&amp#27;[39m            &amp#27;[90m# starter.stepdefinitions.SalesUserApiStepDefinitions.theUserSendsDeleteRequestToDeleteASale()&amp#27;[39m
        &amp#27;[31morg.opentest4j.AssertionFailedError: [User deleting sale should return 401 Unauthorized] &amp#27;[39m
        &amp#27;[31mexpected: 401&amp#27;[39m
        &amp#27;[31m but was: 204&amp#27;[39m
        &amp#27;[31m	at java.base/jdk.internal.reflect.DirectConstructorHandleAccessor.newInstance(DirectConstructorHandleAccessor.java:62)&amp#27;[39m
        &amp#27;[31m	at java.base/java.lang.reflect.Constructor.newInstanceWithCaller(Constructor.java:502)&amp#27;[39m
        &amp#27;[31m	at starter.steps.SalesUserApiSteps.deleteSaleAsUser(SalesUserApiSteps.java:171)&amp#27;[39m
        &amp#27;[31m	at starter.steps.SalesUserApiSteps$ByteBuddy$R1PWGWnW.deleteSaleAsUser$accessor$le2yIbGF(Unknown Source)&amp#27;[39m
        &amp#27;[31m	at java.base/jdk.internal.reflect.DirectMethodHandleAccessor.invoke(DirectMethodHandleAccessor.java:103)&amp#27;[39m
        &amp#27;[31m	at java.base/java.lang.reflect.Method.invoke(Method.java:580)&amp#27;[39m
        &amp#27;[31m	at net.thucydides.core.steps.StepInterceptor.invokeMethod(StepInterceptor.java:550)&amp#27;[39m
        &amp#27;[31m	at net.thucydides.core.steps.StepInterceptor.executeTestStepMethod(StepInterceptor.java:530)&amp#27;[39m
        &amp#27;[31m	at net.thucydides.core.steps.StepInterceptor.runTestStep(StepInterceptor.java:492)&amp#27;[39m
        &amp#27;[31m	at net.thucydides.core.steps.StepInterceptor.runOrSkipMethod(StepInterceptor.java:234)&amp#27;[39m
        &amp#27;[31m	at net.thucydides.core.steps.StepInterceptor.testStepResult(StepInterceptor.java:205)&amp#27;[39m
        &amp#27;[31m	at net.thucydides.core.steps.StepInterceptor.intercept(StepInterceptor.java:93)&amp#27;[39m
        &amp#27;[31m	at net.thucydides.core.steps.ProxyConfiguration$InterceptorDispatcher.intercept(ProxyConfiguration.java:51)&amp#27;[39m
        &amp#27;[31m	at starter.steps.SalesUserApiSteps$ByteBuddy$R1PWGWnW.deleteSaleAsUser(Unknown Source)&amp#27;[39m
        &amp#27;[31m	at starter.stepdefinitions.SalesUserApiStepDefinitions.theUserSendsDeleteRequestToDeleteASale(SalesUserApiStepDefinitions.java:54)&amp#27;[39m
        &amp#27;[31m	at ✽.the user sends a DELETE request to delete a sale(file:///Users/hevindutilakasena/ITQA/B21_AI_Group_04/src/test/resources/features/api/sales_user.feature:22)&amp#27;[39m
  &amp#27;[36m↷&amp#27;[39m &amp#27;[36m&amp#27;[1mThen &amp#27;[22mthe response status code should be &amp#27;[1m401&amp#27;[22m&amp#27;[39m                      &amp#27;[90m# starter.stepdefinitions.SalesAdminApiStepDefinitions.theResponseStatusCodeShouldBe(int)&amp#27;[39m
]]></system-out>
  </testcase>
  <testcase name="runScenario[&quot;Verify successful retrieval of sale with valid sale id&quot;, &quot;Sales API - User&quot;](9)" classname="starter.CucumberTestSuite" time="0.262">
    <system-out><![CDATA[
@api @sales @user @API_GET_SALES_04 @smoke
&amp#27;[1mScenario:&amp#27;[22m Verify successful retrieval of sale with valid sale id &amp#27;[90m# src/test/resources/features/api/sales_user.feature:26&amp#27;[39m
[SalesUserApiSteps] User token obtained.
  &amp#27;[32m✔&amp#27;[39m &amp#27;[32m&amp#27;[1mGiven &amp#27;[22mthe user authentication token is available&amp#27;[39m             &amp#27;[90m# starter.stepdefinitions.SalesUserApiStepDefinitions.theUserAuthenticationTokenIsAvailable()&amp#27;[39m
[SalesUserApiSteps] Using sale id: 3385
  &amp#27;[32m✔&amp#27;[39m &amp#27;[32m&amp#27;[1mGiven &amp#27;[22ma valid sale id exists&amp#27;[39m                                 &amp#27;[90m# starter.stepdefinitions.SalesUserApiStepDefinitions.aValidSaleIdExists()&amp#27;[39m
[SalesUserApiSteps] Retrieved sale id: 3385
  &amp#27;[32m✔&amp#27;[39m &amp#27;[32m&amp#27;[1mWhen &amp#27;[22mthe user sends a GET request to retrieve a sale by id&amp#27;[39m   &amp#27;[90m# starter.stepdefinitions.SalesUserApiStepDefinitions.theUserSendsGetRequestToRetrieveSaleById()&amp#27;[39m
  &amp#27;[32m✔&amp#27;[39m &amp#27;[32m&amp#27;[1mThen &amp#27;[22mthe response status code should be &amp#27;[1m200&amp#27;[22m&amp#27;[39m                  &amp#27;[90m# starter.stepdefinitions.SalesAdminApiStepDefinitions.theResponseStatusCodeShouldBe(int)&amp#27;[39m
  &amp#27;[32m✔&amp#27;[39m &amp#27;[32m&amp#27;[1mAnd &amp#27;[22mthe response should contain valid sale details&amp#27;[39m           &amp#27;[90m# starter.stepdefinitions.SalesUserApiStepDefinitions.theResponseShouldContainValidSaleDetails()&amp#27;[39m
]]></system-out>
  </testcase>
  <testcase name="runScenario[&quot;Verify paginated sales retrieval with different sorting options&quot;, &quot;Sales API - User&quot;](10)" classname="starter.CucumberTestSuite" time="0.135">
    <system-out><![CDATA[
@api @sales @user @API_GET_PAGINATEDSALES_02 @smoke
&amp#27;[1mScenario Outline:&amp#27;[22m Verify paginated sales retrieval with different sorting options                   &amp#27;[90m# src/test/resources/features/api/sales_user.feature:40&amp#27;[39m
[SalesUserApiSteps] User token obtained.
  &amp#27;[32m✔&amp#27;[39m &amp#27;[32m&amp#27;[1mGiven &amp#27;[22mthe user authentication token is available&amp#27;[39m                                                &amp#27;[90m# starter.stepdefinitions.SalesUserApiStepDefinitions.theUserAuthenticationTokenIsAvailable()&amp#27;[39m
[SalesUserApiSteps] Paginated sales sorted by soldAt asc
  &amp#27;[32m✔&amp#27;[39m &amp#27;[32m&amp#27;[1mWhen &amp#27;[22mthe user sends a GET request to retrieve paginated sales sorted by &amp#27;[1m"soldAt"&amp#27;[22m in &amp#27;[1m"asc"&amp#27;[22m order&amp#27;[39m &amp#27;[90m# starter.stepdefinitions.SalesUserApiStepDefinitions.theUserSendsGetRequestForPaginatedSalesSorted(java.lang.String,java.lang.String)&amp#27;[39m
  &amp#27;[32m✔&amp#27;[39m &amp#27;[32m&amp#27;[1mThen &amp#27;[22mthe response status code should be &amp#27;[1m200&amp#27;[22m&amp#27;[39m                                                     &amp#27;[90m# starter.stepdefinitions.SalesAdminApiStepDefinitions.theResponseStatusCodeShouldBe(int)&amp#27;[39m
  &amp#27;[32m✔&amp#27;[39m &amp#27;[32m&amp#27;[1mAnd &amp#27;[22mthe response should contain paginated sales data&amp#27;[39m                                            &amp#27;[90m# starter.stepdefinitions.SalesUserApiStepDefinitions.theResponseShouldContainPaginatedSalesData()&amp#27;[39m
]]></system-out>
  </testcase>
  <testcase name="runScenario[&quot;Verify paginated sales retrieval with different sorting options&quot;, &quot;Sales API - User&quot;](11)" classname="starter.CucumberTestSuite" time="0.131">
    <system-out><![CDATA[
@api @sales @user @API_GET_PAGINATEDSALES_02 @smoke
&amp#27;[1mScenario Outline:&amp#27;[22m Verify paginated sales retrieval with different sorting options                    &amp#27;[90m# src/test/resources/features/api/sales_user.feature:41&amp#27;[39m
[SalesUserApiSteps] User token obtained.
  &amp#27;[32m✔&amp#27;[39m &amp#27;[32m&amp#27;[1mGiven &amp#27;[22mthe user authentication token is available&amp#27;[39m                                                 &amp#27;[90m# starter.stepdefinitions.SalesUserApiStepDefinitions.theUserAuthenticationTokenIsAvailable()&amp#27;[39m
[SalesUserApiSteps] Paginated sales sorted by soldAt desc
  &amp#27;[32m✔&amp#27;[39m &amp#27;[32m&amp#27;[1mWhen &amp#27;[22mthe user sends a GET request to retrieve paginated sales sorted by &amp#27;[1m"soldAt"&amp#27;[22m in &amp#27;[1m"desc"&amp#27;[22m order&amp#27;[39m &amp#27;[90m# starter.stepdefinitions.SalesUserApiStepDefinitions.theUserSendsGetRequestForPaginatedSalesSorted(java.lang.String,java.lang.String)&amp#27;[39m
  &amp#27;[32m✔&amp#27;[39m &amp#27;[32m&amp#27;[1mThen &amp#27;[22mthe response status code should be &amp#27;[1m200&amp#27;[22m&amp#27;[39m                                                      &amp#27;[90m# starter.stepdefinitions.SalesAdminApiStepDefinitions.theResponseStatusCodeShouldBe(int)&amp#27;[39m
  &amp#27;[32m✔&amp#27;[39m &amp#27;[32m&amp#27;[1mAnd &amp#27;[22mthe response should contain paginated sales data&amp#27;[39m                                             &amp#27;[90m# starter.stepdefinitions.SalesUserApiStepDefinitions.theResponseShouldContainPaginatedSalesData()&amp#27;[39m
]]></system-out>
  </testcase>
  <testcase name="runScenario[&quot;Verify paginated sales retrieval with different sorting options&quot;, &quot;Sales API - User&quot;](12)" classname="starter.CucumberTestSuite" time="0.128">
    <system-out><![CDATA[
@api @sales @user @API_GET_PAGINATEDSALES_02 @smoke
&amp#27;[1mScenario Outline:&amp#27;[22m Verify paginated sales retrieval with different sorting options                       &amp#27;[90m# src/test/resources/features/api/sales_user.feature:42&amp#27;[39m
[SalesUserApiSteps] User token obtained.
  &amp#27;[32m✔&amp#27;[39m &amp#27;[32m&amp#27;[1mGiven &amp#27;[22mthe user authentication token is available&amp#27;[39m                                                    &amp#27;[90m# starter.stepdefinitions.SalesUserApiStepDefinitions.theUserAuthenticationTokenIsAvailable()&amp#27;[39m
[SalesUserApiSteps] Paginated sales sorted by plant.name asc
  &amp#27;[32m✔&amp#27;[39m &amp#27;[32m&amp#27;[1mWhen &amp#27;[22mthe user sends a GET request to retrieve paginated sales sorted by &amp#27;[1m"plant.name"&amp#27;[22m in &amp#27;[1m"asc"&amp#27;[22m order&amp#27;[39m &amp#27;[90m# starter.stepdefinitions.SalesUserApiStepDefinitions.theUserSendsGetRequestForPaginatedSalesSorted(java.lang.String,java.lang.String)&amp#27;[39m
  &amp#27;[32m✔&amp#27;[39m &amp#27;[32m&amp#27;[1mThen &amp#27;[22mthe response status code should be &amp#27;[1m200&amp#27;[22m&amp#27;[39m                                                         &amp#27;[90m# starter.stepdefinitions.SalesAdminApiStepDefinitions.theResponseStatusCodeShouldBe(int)&amp#27;[39m
  &amp#27;[32m✔&amp#27;[39m &amp#27;[32m&amp#27;[1mAnd &amp#27;[22mthe response should contain paginated sales data&amp#27;[39m                                                &amp#27;[90m# starter.stepdefinitions.SalesUserApiStepDefinitions.theResponseShouldContainPaginatedSalesData()&amp#27;[39m
]]></system-out>
  </testcase>
  <testcase name="runScenario[&quot;Verify paginated sales retrieval with different sorting options&quot;, &quot;Sales API - User&quot;](13)" classname="starter.CucumberTestSuite" time="0.122">
    <system-out><![CDATA[
@api @sales @user @API_GET_PAGINATEDSALES_02 @smoke
&amp#27;[1mScenario Outline:&amp#27;[22m Verify paginated sales retrieval with different sorting options                        &amp#27;[90m# src/test/resources/features/api/sales_user.feature:43&amp#27;[39m
[SalesUserApiSteps] User token obtained.
  &amp#27;[32m✔&amp#27;[39m &amp#27;[32m&amp#27;[1mGiven &amp#27;[22mthe user authentication token is available&amp#27;[39m                                                     &amp#27;[90m# starter.stepdefinitions.SalesUserApiStepDefinitions.theUserAuthenticationTokenIsAvailable()&amp#27;[39m
[SalesUserApiSteps] Paginated sales sorted by plant.name desc
  &amp#27;[32m✔&amp#27;[39m &amp#27;[32m&amp#27;[1mWhen &amp#27;[22mthe user sends a GET request to retrieve paginated sales sorted by &amp#27;[1m"plant.name"&amp#27;[22m in &amp#27;[1m"desc"&amp#27;[22m order&amp#27;[39m &amp#27;[90m# starter.stepdefinitions.SalesUserApiStepDefinitions.theUserSendsGetRequestForPaginatedSalesSorted(java.lang.String,java.lang.String)&amp#27;[39m
  &amp#27;[32m✔&amp#27;[39m &amp#27;[32m&amp#27;[1mThen &amp#27;[22mthe response status code should be &amp#27;[1m200&amp#27;[22m&amp#27;[39m                                                          &amp#27;[90m# starter.stepdefinitions.SalesAdminApiStepDefinitions.theResponseStatusCodeShouldBe(int)&amp#27;[39m
  &amp#27;[32m✔&amp#27;[39m &amp#27;[32m&amp#27;[1mAnd &amp#27;[22mthe response should contain paginated sales data&amp#27;[39m                                                 &amp#27;[90m# starter.stepdefinitions.SalesUserApiStepDefinitions.theResponseShouldContainPaginatedSalesData()&amp#27;[39m
]]></system-out>
  </testcase>
</testsuite>