<?xml version="1.0" encoding="UTF-8"?>
<testsuite xmlns:xsi="http://www.w3.org/2001/XMLSchema-instance" xsi:noNamespaceSchemaLocation="https://maven.apache.org/surefire/maven-failsafe-plugin/xsd/failsafe-test-report-3.0.xsd" version="3.0" name="starter.CucumberTestSuite" time="10.635" tests="43" errors="0" skipped="0" failures="5">
  <properties>
[...]
</properties>
  <testcase name="runScenario[&quot;Verify admin can login with valid credentials&quot;, &quot;Authentication &amp; Dashboard API - Admin&quot;](1)" classname="starter.CucumberTestSuite" time="1.739">
    <system-out><![CDATA[
@api @auth @admin @API_POST_ADMIN_001 @smoke
&amp#27;[1mScenario:&amp#27;[22m Verify admin can login with valid credentials                       &amp#27;[90m# src/test/resources/features/api/auth_admin.feature:5&amp#27;[39m
  &amp#27;[32m✔&amp#27;[39m &amp#27;[32m&amp#27;[1mWhen &amp#27;[22mthe admin sends a POST request to login with valid admin credentials&amp#27;[39m &amp#27;[90m# starter.stepdefinitions.AuthAdminApiStepDefinitions.theAdminSendsPostRequestToLoginWithValidAdminCredentials()&amp#27;[39m
  &amp#27;[32m✔&amp#27;[39m &amp#27;[32m&amp#27;[1mThen &amp#27;[22mthe response status code should be &amp#27;[1m200&amp#27;[22m&amp#27;[39m                               &amp#27;[90m# starter.stepdefinitions.CommonApiStepDefinitions.theResponseStatusCodeShouldBe(int)&amp#27;[39m
[AuthAdminApiSteps] JWT token found in response.
  &amp#27;[32m✔&amp#27;[39m &amp#27;[32m&amp#27;[1mAnd &amp#27;[22mthe response should contain a valid JWT token&amp#27;[39m                         &amp#27;[90m# starter.stepdefinitions.AuthAdminApiStepDefinitions.theResponseShouldContainAValidJwtToken()&amp#27;[39m
]]></system-out>
    <system-err><![CDATA[SLF4J(W): No SLF4J providers were found.
SLF4J(W): Defaulting to no-operation (NOP) logger implementation
SLF4J(W): See https://www.slf4j.org/codes.html#noProviders for further details.
SLF4J(W): Class path contains SLF4J bindings targeting slf4j-api versions 1.7.x or earlier.
SLF4J(W): Ignoring binding found at [jar:file:/Users/hevindutilakasena/.m2/repository/ch/qos/logback/logback-classic/1.2.10/logback-classic-1.2.10.jar!/org/slf4j/impl/StaticLoggerBinder.class]
SLF4J(W): See https://www.slf4j.org/codes.html#ignoredBindings for an explanation.
]]></system-err>
  </testcase>
  <testcase name="runScenario[&quot;Verify admin login fails with invalid password&quot;, &quot;Authentication &amp; Dashboard API - Admin&quot;](2)" classname="starter.CucumberTestSuite" time="0.118">
    <failure message="[Response status code should be 400] &#10;expected: 400&#10; but was: 401" type="org.opentest4j.AssertionFailedError"><![CDATA[org.opentest4j.AssertionFailedError: 
[Response status code should be 400] 
expected: 400
 but was: 401
	at java.base/jdk.internal.reflect.DirectConstructorHandleAccessor.newInstance(DirectConstructorHandleAccessor.java:62)
	at java.base/java.lang.reflect.Constructor.newInstanceWithCaller(Constructor.java:502)
	at starter.stepdefinitions.CommonApiStepDefinitions.theResponseStatusCodeShouldBe(CommonApiStepDefinitions.java:56)
	at ✽.the response status code should be 400(file:///Users/hevindutilakasena/ITQA/B21_AI_Group_04/src/test/resources/features/api/auth_admin.feature:13)
]]></failure>
    <system-out><![CDATA[
@api @auth @admin @API_POST_ADMIN_002 @regression
&amp#27;[1mScenario:&amp#27;[22m Verify admin login fails with invalid password                                  &amp#27;[90m# src/test/resources/features/api/auth_admin.feature:11&amp#27;[39m
  &amp#27;[32m✔&amp#27;[39m &amp#27;[32m&amp#27;[1mWhen &amp#27;[22mthe admin sends a POST request to login with valid username and invalid password&amp#27;[39m &amp#27;[90m# starter.stepdefinitions.AuthAdminApiStepDefinitions.theAdminSendsPostRequestToLoginWithInvalidPassword()&amp#27;[39m
  &amp#27;[31m✘&amp#27;[39m &amp#27;[31m&amp#27;[1mThen &amp#27;[22mthe response status code should be &amp#27;[1m400&amp#27;[22m&amp#27;[39m                                           &amp#27;[90m# starter.stepdefinitions.CommonApiStepDefinitions.theResponseStatusCodeShouldBe(int)&amp#27;[39m
        &amp#27;[31morg.opentest4j.AssertionFailedError: [Response status code should be 400] &amp#27;[39m
        &amp#27;[31mexpected: 400&amp#27;[39m
        &amp#27;[31m but was: 401&amp#27;[39m
        &amp#27;[31m	at java.base/jdk.internal.reflect.DirectConstructorHandleAccessor.newInstance(DirectConstructorHandleAccessor.java:62)&amp#27;[39m
        &amp#27;[31m	at java.base/java.lang.reflect.Constructor.newInstanceWithCaller(Constructor.java:502)&amp#27;[39m
        &amp#27;[31m	at starter.stepdefinitions.CommonApiStepDefinitions.theResponseStatusCodeShouldBe(CommonApiStepDefinitions.java:56)&amp#27;[39m
        &amp#27;[31m	at ✽.the response status code should be 400(file:///Users/hevindutilakasena/ITQA/B21_AI_Group_04/src/test/resources/features/api/auth_admin.feature:13)&amp#27;[39m
]]></system-out>
  </testcase>
  <testcase name="runScenario[&quot;Verify admin can retrieve category summary&quot;, &quot;Authentication &amp; Dashboard API - Admin&quot;](3)" classname="starter.CucumberTestSuite" time="0.338">
    <system-out><![CDATA[
@api @auth @admin @API_GET_ADMIN_003 @smoke
&amp#27;[1mScenario:&amp#27;[22m Verify admin can retrieve category summary                &amp#27;[90m# src/test/resources/features/api/auth_admin.feature:16&amp#27;[39m
[CategoryAdminApiSteps] Admin token obtained.
[SalesAdminApiSteps] Admin token obtained.
[AuthAdminApiSteps] Admin token obtained.
  &amp#27;[32m✔&amp#27;[39m &amp#27;[32m&amp#27;[1mGiven &amp#27;[22mthe admin authentication token is available&amp#27;[39m               &amp#27;[90m# starter.stepdefinitions.CommonApiStepDefinitions.theAdminAuthenticationTokenIsAvailable()&amp#27;[39m
  &amp#27;[32m✔&amp#27;[39m &amp#27;[32m&amp#27;[1mWhen &amp#27;[22mthe admin sends a GET request to retrieve category summary&amp#27;[39m &amp#27;[90m# starter.stepdefinitions.AuthAdminApiStepDefinitions.theAdminSendsGetRequestToRetrieveCategorySummary()&amp#27;[39m
  &amp#27;[32m✔&amp#27;[39m &amp#27;[32m&amp#27;[1mThen &amp#27;[22mthe response status code should be &amp#27;[1m200&amp#27;[22m&amp#27;[39m                     &amp#27;[90m# starter.stepdefinitions.CommonApiStepDefinitions.theResponseStatusCodeShouldBe(int)&amp#27;[39m
[AuthAdminApiSteps] Category summary: {"mainCategories":3,"subCategories":1}
  &amp#27;[32m✔&amp#27;[39m &amp#27;[32m&amp#27;[1mAnd &amp#27;[22mthe response should contain category summary data&amp#27;[39m           &amp#27;[90m# starter.stepdefinitions.AuthAdminApiStepDefinitions.theResponseShouldContainCategorySummaryData()&amp#27;[39m
]]></system-out>
  </testcase>
  <testcase name="runScenario[&quot;Verify admin can retrieve plant summary&quot;, &quot;Authentication &amp; Dashboard API - Admin&quot;](4)" classname="starter.CucumberTestSuite" time="0.131">
    <system-out><![CDATA[
@api @auth @admin @API_GET_ADMIN_004 @smoke
&amp#27;[1mScenario:&amp#27;[22m Verify admin can retrieve plant summary                &amp#27;[90m# src/test/resources/features/api/auth_admin.feature:23&amp#27;[39m
[SalesAdminApiSteps] Admin token obtained.
  &amp#27;[32m✔&amp#27;[39m &amp#27;[32m&amp#27;[1mGiven &amp#27;[22mthe admin authentication token is available&amp#27;[39m            &amp#27;[90m# starter.stepdefinitions.CommonApiStepDefinitions.theAdminAuthenticationTokenIsAvailable()&amp#27;[39m
  &amp#27;[32m✔&amp#27;[39m &amp#27;[32m&amp#27;[1mWhen &amp#27;[22mthe admin sends a GET request to retrieve plant summary&amp#27;[39m &amp#27;[90m# starter.stepdefinitions.AuthAdminApiStepDefinitions.theAdminSendsGetRequestToRetrievePlantSummary()&amp#27;[39m
  &amp#27;[32m✔&amp#27;[39m &amp#27;[32m&amp#27;[1mThen &amp#27;[22mthe response status code should be &amp#27;[1m200&amp#27;[22m&amp#27;[39m                  &amp#27;[90m# starter.stepdefinitions.CommonApiStepDefinitions.theResponseStatusCodeShouldBe(int)&amp#27;[39m
[AuthAdminApiSteps] Plant summary: {"totalPlants":43,"lowStockPlants":0}
  &amp#27;[32m✔&amp#27;[39m &amp#27;[32m&amp#27;[1mAnd &amp#27;[22mthe response should contain plant summary data&amp#27;[39m           &amp#27;[90m# starter.stepdefinitions.AuthAdminApiStepDefinitions.theResponseShouldContainPlantSummaryData()&amp#27;[39m
]]></system-out>
  </testcase>
  <testcase name="runScenario[&quot;Verify admin can retrieve sales records&quot;, &quot;Authentication &amp; Dashboard API - Admin&quot;](5)" classname="starter.CucumberTestSuite" time="0.124">
    <system-out><![CDATA[
@api @auth @admin @API_GET_ADMIN_005 @smoke
&amp#27;[1mScenario:&amp#27;[22m Verify admin can retrieve sales records                    &amp#27;[90m# src/test/resources/features/api/auth_admin.feature:30&amp#27;[39m
[SalesAdminApiSteps] Admin token obtained.
  &amp#27;[32m✔&amp#27;[39m &amp#27;[32m&amp#27;[1mGiven &amp#27;[22mthe admin authentication token is available&amp#27;[39m                &amp#27;[90m# starter.stepdefinitions.CommonApiStepDefinitions.theAdminAuthenticationTokenIsAvailable()&amp#27;[39m
  &amp#27;[32m✔&amp#27;[39m &amp#27;[32m&amp#27;[1mWhen &amp#27;[22mthe admin sends a GET request to retrieve all sales records&amp#27;[39m &amp#27;[90m# starter.stepdefinitions.AuthAdminApiStepDefinitions.theAdminSendsGetRequestToRetrieveAllSalesRecords()&amp#27;[39m
  &amp#27;[32m✔&amp#27;[39m &amp#27;[32m&amp#27;[1mThen &amp#27;[22mthe response status code should be &amp#27;[1m200&amp#27;[22m&amp#27;[39m                      &amp#27;[90m# starter.stepdefinitions.CommonApiStepDefinitions.theResponseStatusCodeShouldBe(int)&amp#27;[39m
[AuthAdminApiSteps] Sales response: [{"id":418,"plant":{"id":1,"name":"PlantjQKKZ","price":100.0,"quantity":149,"category":{"id":2,"name":"TestSub","subCategories":[]}},"quantity":1,"totalPrice":100.0,"soldAt":"2026-06-12T11:34:51.48328
  &amp#27;[32m✔&amp#27;[39m &amp#27;[32m&amp#27;[1mAnd &amp#27;[22mthe response should contain sales records&amp#27;[39m                    &amp#27;[90m# starter.stepdefinitions.AuthAdminApiStepDefinitions.theResponseShouldContainSalesRecords()&amp#27;[39m
]]></system-out>
  </testcase>
  <testcase name="runScenario[&quot;Verify user can login with valid credentials&quot;, &quot;Authentication &amp; Dashboard API - User&quot;](6)" classname="starter.CucumberTestSuite" time="0.108">
    <system-out><![CDATA[
@api @auth @user @API_POST_USER_001 @smoke
&amp#27;[1mScenario:&amp#27;[22m Verify user can login with valid credentials                      &amp#27;[90m# src/test/resources/features/api/auth_user.feature:5&amp#27;[39m
  &amp#27;[32m✔&amp#27;[39m &amp#27;[32m&amp#27;[1mWhen &amp#27;[22mthe user sends a POST request to login with valid user credentials&amp#27;[39m &amp#27;[90m# starter.stepdefinitions.AuthUserApiStepDefinitions.theUserSendsPostRequestToLoginWithValidUserCredentials()&amp#27;[39m
  &amp#27;[32m✔&amp#27;[39m &amp#27;[32m&amp#27;[1mThen &amp#27;[22mthe response status code should be &amp#27;[1m200&amp#27;[22m&amp#27;[39m                             &amp#27;[90m# starter.stepdefinitions.CommonApiStepDefinitions.theResponseStatusCodeShouldBe(int)&amp#27;[39m
[AuthUserApiSteps] JWT token found in response.
  &amp#27;[32m✔&amp#27;[39m &amp#27;[32m&amp#27;[1mAnd &amp#27;[22mthe response should contain a valid JWT token for the user&amp#27;[39m          &amp#27;[90m# starter.stepdefinitions.AuthUserApiStepDefinitions.theResponseShouldContainAValidJwtTokenForTheUser()&amp#27;[39m
]]></system-out>
  </testcase>
  <testcase name="runScenario[&quot;Verify user login fails with empty credentials&quot;, &quot;Authentication &amp; Dashboard API - User&quot;](7)" classname="starter.CucumberTestSuite" time="0.102">
    <failure message="[Response status code should be 400] &#10;expected: 400&#10; but was: 401" type="org.opentest4j.AssertionFailedError"><![CDATA[org.opentest4j.AssertionFailedError: 
[Response status code should be 400] 
expected: 400
 but was: 401
	at java.base/jdk.internal.reflect.DirectConstructorHandleAccessor.newInstance(DirectConstructorHandleAccessor.java:62)
	at java.base/java.lang.reflect.Constructor.newInstanceWithCaller(Constructor.java:502)
	at starter.stepdefinitions.CommonApiStepDefinitions.theResponseStatusCodeShouldBe(CommonApiStepDefinitions.java:56)
	at ✽.the response status code should be 400(file:///Users/hevindutilakasena/ITQA/B21_AI_Group_04/src/test/resources/features/api/auth_user.feature:13)
]]></failure>
    <system-out><![CDATA[
@api @auth @user @API_POST_USER_002 @regression
&amp#27;[1mScenario:&amp#27;[22m Verify user login fails with empty credentials                         &amp#27;[90m# src/test/resources/features/api/auth_user.feature:11&amp#27;[39m
  &amp#27;[32m✔&amp#27;[39m &amp#27;[32m&amp#27;[1mWhen &amp#27;[22mthe user sends a POST request to login with empty username and password&amp#27;[39m &amp#27;[90m# starter.stepdefinitions.AuthUserApiStepDefinitions.theUserSendsPostRequestToLoginWithEmptyCredentials()&amp#27;[39m
  &amp#27;[31m✘&amp#27;[39m &amp#27;[31m&amp#27;[1mThen &amp#27;[22mthe response status code should be &amp#27;[1m400&amp#27;[22m&amp#27;[39m                                  &amp#27;[90m# starter.stepdefinitions.CommonApiStepDefinitions.theResponseStatusCodeShouldBe(int)&amp#27;[39m
        &amp#27;[31morg.opentest4j.AssertionFailedError: [Response status code should be 400] &amp#27;[39m
        &amp#27;[31mexpected: 400&amp#27;[39m
        &amp#27;[31m but was: 401&amp#27;[39m
        &amp#27;[31m	at java.base/jdk.internal.reflect.DirectConstructorHandleAccessor.newInstance(DirectConstructorHandleAccessor.java:62)&amp#27;[39m
        &amp#27;[31m	at java.base/java.lang.reflect.Constructor.newInstanceWithCaller(Constructor.java:502)&amp#27;[39m
        &amp#27;[31m	at starter.stepdefinitions.CommonApiStepDefinitions.theResponseStatusCodeShouldBe(CommonApiStepDefinitions.java:56)&amp#27;[39m
        &amp#27;[31m	at ✽.the response status code should be 400(file:///Users/hevindutilakasena/ITQA/B21_AI_Group_04/src/test/resources/features/api/auth_user.feature:13)&amp#27;[39m
]]></system-out>
  </testcase>
  <testcase name="runScenario[&quot;Verify unauthorized user cannot access sales details without valid token&quot;, &quot;Authentication &amp; Dashboard API - User&quot;](8)" classname="starter.CucumberTestSuite" time="0.025">
    <failure message="&quot;the response status code should be 401 or 403&quot; matches more than one step definition:&#10;  &quot;the response status code should be 401 or 403&quot; in starter.stepdefinitions.AuthUserApiStepDefinitions.theResponseStatusCodeShouldBe401Or403()&#10;  &quot;the response status code should be {int} or {int}&quot; in starter.stepdefinitions.CommonApiStepDefinitions.theResponseStatusCodeShouldBeOrElse(int,int)" type="io.cucumber.core.runner.AmbiguousStepDefinitionsException"><![CDATA[io.cucumber.core.runner.AmbiguousStepDefinitionsException: 
"the response status code should be 401 or 403" matches more than one step definition:
  "the response status code should be 401 or 403" in starter.stepdefinitions.AuthUserApiStepDefinitions.theResponseStatusCodeShouldBe401Or403()
  "the response status code should be {int} or {int}" in starter.stepdefinitions.CommonApiStepDefinitions.theResponseStatusCodeShouldBeOrElse(int,int)
	at io.cucumber.core.runner.CachingGlue.findStepDefinitionMatch(CachingGlue.java:458)
	at io.cucumber.core.runner.CachingGlue.stepDefinitionMatch(CachingGlue.java:425)
	at io.cucumber.core.runner.Runner.matchStepToStepDefinition(Runner.java:184)
	at io.cucumber.core.runner.Runner.createTestStepsForPickleSteps(Runner.java:164)
	at io.cucumber.core.runner.Runner.createTestCaseForPickle(Runner.java:147)
	at io.cucumber.core.runner.Runner.runPickle(Runner.java:74)
	at io.cucumber.testng.TestNGCucumberRunner.lambda$runScenario$1(TestNGCucumberRunner.java:135)
	at io.cucumber.core.runtime.CucumberExecutionContext.lambda$runTestCase$5(CucumberExecutionContext.java:136)
	at io.cucumber.core.runtime.RethrowingThrowableCollector.executeAndThrow(RethrowingThrowableCollector.java:23)
	at io.cucumber.core.runtime.CucumberExecutionContext.runTestCase(CucumberExecutionContext.java:136)
	at io.cucumber.testng.TestNGCucumberRunner.runScenario(TestNGCucumberRunner.java:132)
	at io.cucumber.testng.AbstractTestNGCucumberTests.runScenario(AbstractTestNGCucumberTests.java:35)
	at java.base/jdk.internal.reflect.DirectMethodHandleAccessor.invoke(DirectMethodHandleAccessor.java:103)
	at java.base/java.lang.reflect.Method.invoke(Method.java:580)
	at org.testng.internal.invokers.MethodInvocationHelper.invokeMethod(MethodInvocationHelper.java:139)
	at org.testng.internal.invokers.TestInvoker.invokeMethod(TestInvoker.java:664)
	at org.testng.internal.invokers.TestInvoker.invokeTestMethod(TestInvoker.java:227)
	at org.testng.internal.invokers.MethodRunner.runInSequence(MethodRunner.java:50)
	at org.testng.internal.invokers.TestInvoker$MethodInvocationAgent.invoke(TestInvoker.java:957)
	at org.testng.internal.invokers.TestInvoker.invokeTestMethods(TestInvoker.java:200)
	at org.testng.internal.invokers.TestMethodWorker.invokeTestMethods(TestMethodWorker.java:148)
	at org.testng.internal.invokers.TestMethodWorker.run(TestMethodWorker.java:128)
	at java.base/java.util.concurrent.ThreadPoolExecutor.runWorker(ThreadPoolExecutor.java:1144)
	at java.base/java.util.concurrent.ThreadPoolExecutor$Worker.run(ThreadPoolExecutor.java:642)
	at java.base/java.lang.Thread.run(Thread.java:1583)
]]></failure>
    <system-out><![CDATA[
@api @auth @user @API_GET_USER_003 @regression
&amp#27;[1mScenario:&amp#27;[22m Verify unauthorized user cannot access sales details without valid token    &amp#27;[90m# src/test/resources/features/api/auth_user.feature:16&amp#27;[39m
  &amp#27;[32m✔&amp#27;[39m &amp#27;[32m&amp#27;[1mWhen &amp#27;[22mthe user sends a GET request to retrieve sales details without a valid token&amp#27;[39m &amp#27;[90m# starter.stepdefinitions.AuthUserApiStepDefinitions.theUserSendsGetRequestToSalesDetailsWithoutToken()&amp#27;[39m
  &amp#27;[31m✘&amp#27;[39m &amp#27;[31m&amp#27;[1mThen &amp#27;[22mthe response status code should be 401 or 403&amp#27;[39m
        &amp#27;[31mio.cucumber.core.runner.AmbiguousStepDefinitionsException: "the response status code should be 401 or 403" matches more than one step definition:&amp#27;[39m
        &amp#27;[31m  "the response status code should be 401 or 403" in starter.stepdefinitions.AuthUserApiStepDefinitions.theResponseStatusCodeShouldBe401Or403()&amp#27;[39m
        &amp#27;[31m  "the response status code should be {int} or {int}" in starter.stepdefinitions.CommonApiStepDefinitions.theResponseStatusCodeShouldBeOrElse(int,int)&amp#27;[39m
        &amp#27;[31m	at io.cucumber.core.runner.CachingGlue.findStepDefinitionMatch(CachingGlue.java:458)&amp#27;[39m
        &amp#27;[31m	at io.cucumber.core.runner.CachingGlue.stepDefinitionMatch(CachingGlue.java:425)&amp#27;[39m
        &amp#27;[31m	at io.cucumber.core.runner.Runner.matchStepToStepDefinition(Runner.java:184)&amp#27;[39m
        &amp#27;[31m	at io.cucumber.core.runner.Runner.createTestStepsForPickleSteps(Runner.java:164)&amp#27;[39m
        &amp#27;[31m	at io.cucumber.core.runner.Runner.createTestCaseForPickle(Runner.java:147)&amp#27;[39m
        &amp#27;[31m	at io.cucumber.core.runner.Runner.runPickle(Runner.java:74)&amp#27;[39m
        &amp#27;[31m	at io.cucumber.testng.TestNGCucumberRunner.lambda$runScenario$1(TestNGCucumberRunner.java:135)&amp#27;[39m
        &amp#27;[31m	at io.cucumber.core.runtime.CucumberExecutionContext.lambda$runTestCase$5(CucumberExecutionContext.java:136)&amp#27;[39m
        &amp#27;[31m	at io.cucumber.core.runtime.RethrowingThrowableCollector.executeAndThrow(RethrowingThrowableCollector.java:23)&amp#27;[39m
        &amp#27;[31m	at io.cucumber.core.runtime.CucumberExecutionContext.runTestCase(CucumberExecutionContext.java:136)&amp#27;[39m
        &amp#27;[31m	at io.cucumber.testng.TestNGCucumberRunner.runScenario(TestNGCucumberRunner.java:132)&amp#27;[39m
        &amp#27;[31m	at io.cucumber.testng.AbstractTestNGCucumberTests.runScenario(AbstractTestNGCucumberTests.java:35)&amp#27;[39m
        &amp#27;[31m	at java.base/jdk.internal.reflect.DirectMethodHandleAccessor.invoke(DirectMethodHandleAccessor.java:103)&amp#27;[39m
        &amp#27;[31m	at java.base/java.lang.reflect.Method.invoke(Method.java:580)&amp#27;[39m
        &amp#27;[31m	at org.testng.internal.invokers.MethodInvocationHelper.invokeMethod(MethodInvocationHelper.java:139)&amp#27;[39m
        &amp#27;[31m	at org.testng.internal.invokers.TestInvoker.invokeMethod(TestInvoker.java:664)&amp#27;[39m
        &amp#27;[31m	at org.testng.internal.invokers.TestInvoker.invokeTestMethod(TestInvoker.java:227)&amp#27;[39m
        &amp#27;[31m	at org.testng.internal.invokers.MethodRunner.runInSequence(MethodRunner.java:50)&amp#27;[39m
        &amp#27;[31m	at org.testng.internal.invokers.TestInvoker$MethodInvocationAgent.invoke(TestInvoker.java:957)&amp#27;[39m
        &amp#27;[31m	at org.testng.internal.invokers.TestInvoker.invokeTestMethods(TestInvoker.java:200)&amp#27;[39m
        &amp#27;[31m	at org.testng.internal.invokers.TestMethodWorker.invokeTestMethods(TestMethodWorker.java:148)&amp#27;[39m
        &amp#27;[31m	at org.testng.internal.invokers.TestMethodWorker.run(TestMethodWorker.java:128)&amp#27;[39m
        &amp#27;[31m	at java.base/java.util.concurrent.ThreadPoolExecutor.runWorker(ThreadPoolExecutor.java:1144)&amp#27;[39m
        &amp#27;[31m	at java.base/java.util.concurrent.ThreadPoolExecutor$Worker.run(ThreadPoolExecutor.java:642)&amp#27;[39m
        &amp#27;[31m	at java.base/java.lang.Thread.run(Thread.java:1583)&amp#27;[39m
]]></system-out>
  </testcase>
  <testcase name="runScenario[&quot;Verify user can retrieve category summary&quot;, &quot;Authentication &amp; Dashboard API - User&quot;](9)" classname="starter.CucumberTestSuite" time="0.3">
    <system-out><![CDATA[
@api @auth @user @API_GET_USER_004 @smoke
&amp#27;[1mScenario:&amp#27;[22m Verify user can retrieve category summary                    &amp#27;[90m# src/test/resources/features/api/auth_user.feature:21&amp#27;[39m
[CategoryUserApiSteps] User token obtained.
[SalesUserApiSteps] User token obtained.
[AuthUserApiSteps] User token obtained.
  &amp#27;[32m✔&amp#27;[39m &amp#27;[32m&amp#27;[1mGiven &amp#27;[22mthe user authentication token is available&amp#27;[39m                   &amp#27;[90m# starter.stepdefinitions.CommonApiStepDefinitions.theUserAuthenticationTokenIsAvailable()&amp#27;[39m
  &amp#27;[32m✔&amp#27;[39m &amp#27;[32m&amp#27;[1mWhen &amp#27;[22mthe user sends a GET request to retrieve the category summary&amp#27;[39m &amp#27;[90m# starter.stepdefinitions.AuthUserApiStepDefinitions.theUserSendsGetRequestToRetrieveCategorySummary()&amp#27;[39m
  &amp#27;[32m✔&amp#27;[39m &amp#27;[32m&amp#27;[1mThen &amp#27;[22mthe response status code should be &amp#27;[1m200&amp#27;[22m&amp#27;[39m                        &amp#27;[90m# starter.stepdefinitions.CommonApiStepDefinitions.theResponseStatusCodeShouldBe(int)&amp#27;[39m
[AuthUserApiSteps] Category summary: {"mainCategories":3,"subCategories":1}
  &amp#27;[32m✔&amp#27;[39m &amp#27;[32m&amp#27;[1mAnd &amp#27;[22mthe response should contain category summary data for the user&amp#27;[39m &amp#27;[90m# starter.stepdefinitions.AuthUserApiStepDefinitions.theResponseShouldContainCategorySummaryDataForTheUser()&amp#27;[39m
]]></system-out>
  </testcase>
  <testcase name="runScenario[&quot;Verify user can retrieve plant summary&quot;, &quot;Authentication &amp; Dashboard API - User&quot;](10)" classname="starter.CucumberTestSuite" time="0.123">
    <system-out><![CDATA[
@api @auth @user @API_GET_USER_005 @smoke
&amp#27;[1mScenario:&amp#27;[22m Verify user can retrieve plant summary                    &amp#27;[90m# src/test/resources/features/api/auth_user.feature:28&amp#27;[39m
[SalesUserApiSteps] User token obtained.
  &amp#27;[32m✔&amp#27;[39m &amp#27;[32m&amp#27;[1mGiven &amp#27;[22mthe user authentication token is available&amp#27;[39m                &amp#27;[90m# starter.stepdefinitions.CommonApiStepDefinitions.theUserAuthenticationTokenIsAvailable()&amp#27;[39m
  &amp#27;[32m✔&amp#27;[39m &amp#27;[32m&amp#27;[1mWhen &amp#27;[22mthe user sends a GET request to retrieve the plant summary&amp#27;[39m &amp#27;[90m# starter.stepdefinitions.AuthUserApiStepDefinitions.theUserSendsGetRequestToRetrievePlantSummary()&amp#27;[39m
  &amp#27;[32m✔&amp#27;[39m &amp#27;[32m&amp#27;[1mThen &amp#27;[22mthe response status code should be &amp#27;[1m200&amp#27;[22m&amp#27;[39m                     &amp#27;[90m# starter.stepdefinitions.CommonApiStepDefinitions.theResponseStatusCodeShouldBe(int)&amp#27;[39m
[AuthUserApiSteps] Plant summary: {"totalPlants":43,"lowStockPlants":0}
  &amp#27;[32m✔&amp#27;[39m &amp#27;[32m&amp#27;[1mAnd &amp#27;[22mthe response should contain plant summary data for the user&amp#27;[39m &amp#27;[90m# starter.stepdefinitions.AuthUserApiStepDefinitions.theResponseShouldContainPlantSummaryDataForTheUser()&amp#27;[39m
]]></system-out>
  </testcase>
  <testcase name="runScenario[&quot;Verify admin can create category successfully&quot;, &quot;Category API - Admin&quot;](11)" classname="starter.CucumberTestSuite" time="0.266">
    <system-out><![CDATA[
@api @category @admin @API_POST_CATEGORY_01 @smoke
&amp#27;[1mScenario:&amp#27;[22m Verify admin can create category successfully                      &amp#27;[90m# src/test/resources/features/api/category_admin.feature:8&amp#27;[39m
[SalesAdminApiSteps] Admin token obtained.
  &amp#27;[32m✔&amp#27;[39m &amp#27;[32m&amp#27;[1mGiven &amp#27;[22mthe admin authentication token is available&amp#27;[39m                        &amp#27;[90m# starter.stepdefinitions.CommonApiStepDefinitions.theAdminAuthenticationTokenIsAvailable()&amp#27;[39m
[CategoryHooks] Registered category id for cleanup: 12
  &amp#27;[32m✔&amp#27;[39m &amp#27;[32m&amp#27;[1mWhen &amp#27;[22mthe admin sends a POST request to create a category with valid data&amp#27;[39m &amp#27;[90m# starter.stepdefinitions.CategoryApiStepDefinitions.theAdminSendsPostRequestToCreateCategory(io.cucumber.datatable.DataTable)&amp#27;[39m
      | name | TestCat |
  &amp#27;[32m✔&amp#27;[39m &amp#27;[32m&amp#27;[1mThen &amp#27;[22mthe response status code should be &amp#27;[1m201&amp#27;[22m&amp#27;[39m                              &amp#27;[90m# starter.stepdefinitions.CommonApiStepDefinitions.theResponseStatusCodeShouldBe(int)&amp#27;[39m
  &amp#27;[32m✔&amp#27;[39m &amp#27;[32m&amp#27;[1mAnd &amp#27;[22mthe response should contain the category details&amp#27;[39m                     &amp#27;[90m# starter.stepdefinitions.CategoryApiStepDefinitions.theResponseShouldContainCategoryDetails()&amp#27;[39m
[CategoryHooks] Deleted category id 12 → HTTP 204
[CategoryHooks] Cleanup complete.
]]></system-out>
  </testcase>
  <testcase name="runScenario[&quot;Verify duplicate category creation is restricted&quot;, &quot;Category API - Admin&quot;](12)" classname="starter.CucumberTestSuite" time="0.261">
    <system-out><![CDATA[
@api @category @admin @API_POST_CATEGORY_02 @regression
&amp#27;[1mScenario:&amp#27;[22m Verify duplicate category creation is restricted                      &amp#27;[90m# src/test/resources/features/api/category_admin.feature:15&amp#27;[39m
[SalesAdminApiSteps] Admin token obtained.
  &amp#27;[32m✔&amp#27;[39m &amp#27;[32m&amp#27;[1mGiven &amp#27;[22mthe admin authentication token is available&amp#27;[39m                           &amp#27;[90m# starter.stepdefinitions.CommonApiStepDefinitions.theAdminAuthenticationTokenIsAvailable()&amp#27;[39m
[CategoryHooks] Registered category id for cleanup: 13
  &amp#27;[32m✔&amp#27;[39m &amp#27;[32m&amp#27;[1mGiven &amp#27;[22ma category already exists with name &amp#27;[1m"ExistCat"&amp#27;[22m&amp#27;[39m                        &amp#27;[90m# starter.stepdefinitions.CategoryApiStepDefinitions.aCategoryAlreadyExistsWithName(java.lang.String)&amp#27;[39m
  &amp#27;[32m✔&amp#27;[39m &amp#27;[32m&amp#27;[1mWhen &amp#27;[22mthe admin sends a POST request to create a category with the same name&amp#27;[39m &amp#27;[90m# starter.stepdefinitions.CategoryApiStepDefinitions.theAdminSendsPostRequestWithSameName(io.cucumber.datatable.DataTable)&amp#27;[39m
      | name | ExistCat |
  &amp#27;[32m✔&amp#27;[39m &amp#27;[32m&amp#27;[1mThen &amp#27;[22mthe response status code should be &amp#27;[1m400&amp#27;[22m&amp#27;[39m                                 &amp#27;[90m# starter.stepdefinitions.CommonApiStepDefinitions.theResponseStatusCodeShouldBe(int)&amp#27;[39m
  &amp#27;[32m✔&amp#27;[39m &amp#27;[32m&amp#27;[1mAnd &amp#27;[22mthe response should contain a validation error message&amp#27;[39m                  &amp#27;[90m# starter.stepdefinitions.CategoryApiStepDefinitions.theResponseShouldContainValidationError()&amp#27;[39m
[CategoryHooks] Deleted category id 13 → HTTP 204
[CategoryHooks] Cleanup complete.
]]></system-out>
  </testcase>
  <testcase name="runScenario[&quot;Verify admin can update category details&quot;, &quot;Category API - Admin&quot;](13)" classname="starter.CucumberTestSuite" time="0.296">
    <system-out><![CDATA[
@api @category @admin @API_PUT_CATEGORY_03 @regression
&amp#27;[1mScenario:&amp#27;[22m Verify admin can update category details               &amp#27;[90m# src/test/resources/features/api/category_admin.feature:23&amp#27;[39m
[SalesAdminApiSteps] Admin token obtained.
  &amp#27;[32m✔&amp#27;[39m &amp#27;[32m&amp#27;[1mGiven &amp#27;[22mthe admin authentication token is available&amp#27;[39m            &amp#27;[90m# starter.stepdefinitions.CommonApiStepDefinitions.theAdminAuthenticationTokenIsAvailable()&amp#27;[39m
[CategoryHooks] Registered category id for cleanup: 14
  &amp#27;[32m✔&amp#27;[39m &amp#27;[32m&amp#27;[1mGiven &amp#27;[22ma valid category exists with ID &amp#27;[1m1&amp#27;[22m&amp#27;[39m                      &amp#27;[90m# starter.stepdefinitions.CategoryApiStepDefinitions.aValidCategoryExistsWithID(java.lang.Long)&amp#27;[39m
  &amp#27;[32m✔&amp#27;[39m &amp#27;[32m&amp#27;[1mWhen &amp#27;[22mthe admin sends a PUT request to update the category&amp#27;[39m    &amp#27;[90m# starter.stepdefinitions.CategoryApiStepDefinitions.theAdminSendsPutRequestToUpdateCategory(io.cucumber.datatable.DataTable)&amp#27;[39m
      | name | UpdCat |
  &amp#27;[32m✔&amp#27;[39m &amp#27;[32m&amp#27;[1mThen &amp#27;[22mthe response status code should be &amp#27;[1m200&amp#27;[22m&amp#27;[39m                  &amp#27;[90m# starter.stepdefinitions.CommonApiStepDefinitions.theResponseStatusCodeShouldBe(int)&amp#27;[39m
  &amp#27;[32m✔&amp#27;[39m &amp#27;[32m&amp#27;[1mAnd &amp#27;[22mthe response should contain the updated category details&amp#27;[39m &amp#27;[90m# starter.stepdefinitions.CategoryApiStepDefinitions.theResponseShouldContainUpdatedDetails()&amp#27;[39m
[CategoryHooks] Deleted category id 14 → HTTP 204
[CategoryHooks] Cleanup complete.
]]></system-out>
  </testcase>
  <testcase name="runScenario[&quot;Verify admin can delete category&quot;, &quot;Category API - Admin&quot;](14)" classname="starter.CucumberTestSuite" time="0.267">
    <system-out><![CDATA[
@api @category @admin @API_DELETE_CATEGORY_04 @smoke
&amp#27;[1mScenario:&amp#27;[22m Verify admin can delete category                       &amp#27;[90m# src/test/resources/features/api/category_admin.feature:31&amp#27;[39m
[SalesAdminApiSteps] Admin token obtained.
  &amp#27;[32m✔&amp#27;[39m &amp#27;[32m&amp#27;[1mGiven &amp#27;[22mthe admin authentication token is available&amp#27;[39m            &amp#27;[90m# starter.stepdefinitions.CommonApiStepDefinitions.theAdminAuthenticationTokenIsAvailable()&amp#27;[39m
[CategoryHooks] Registered category id for cleanup: 15
  &amp#27;[32m✔&amp#27;[39m &amp#27;[32m&amp#27;[1mGiven &amp#27;[22ma valid category exists with ID &amp#27;[1m1&amp#27;[22m&amp#27;[39m                      &amp#27;[90m# starter.stepdefinitions.CategoryApiStepDefinitions.aValidCategoryExistsWithID(java.lang.Long)&amp#27;[39m
  &amp#27;[32m✔&amp#27;[39m &amp#27;[32m&amp#27;[1mWhen &amp#27;[22mthe admin sends a DELETE request to delete the category&amp#27;[39m &amp#27;[90m# starter.stepdefinitions.CategoryApiStepDefinitions.theAdminSendsDeleteRequestToDeleteCategory()&amp#27;[39m
  &amp#27;[32m✔&amp#27;[39m &amp#27;[32m&amp#27;[1mThen &amp#27;[22mthe response status code should be &amp#27;[1m200&amp#27;[22m or &amp#27;[1m204&amp#27;[22m&amp#27;[39m           &amp#27;[90m# starter.stepdefinitions.CommonApiStepDefinitions.theResponseStatusCodeShouldBeOrElse(int,int)&amp#27;[39m
  &amp#27;[32m✔&amp#27;[39m &amp#27;[32m&amp#27;[1mAnd &amp#27;[22mthe category should be deleted successfully&amp#27;[39m              &amp#27;[90m# starter.stepdefinitions.CategoryApiStepDefinitions.theCategoryShouldBeDeletedSuccessfully()&amp#27;[39m
[CategoryHooks] Deleted category id 15 → HTTP 404
[CategoryHooks] Cleanup complete.
]]></system-out>
  </testcase>
  <testcase name="runScenario[&quot;Verify admin can retrieve paginated category list&quot;, &quot;Category API - Admin&quot;](15)" classname="starter.CucumberTestSuite" time="0.355">
    <system-out><![CDATA[
@api @category @admin @API_GET_CATEGORYPAGE_05 @regression
&amp#27;[1mScenario:&amp#27;[22m Verify admin can retrieve paginated category list                                     &amp#27;[90m# src/test/resources/features/api/category_admin.feature:38&amp#27;[39m
[SalesAdminApiSteps] Admin token obtained.
  &amp#27;[32m✔&amp#27;[39m &amp#27;[32m&amp#27;[1mGiven &amp#27;[22mthe admin authentication token is available&amp#27;[39m                                           &amp#27;[90m# starter.stepdefinitions.CommonApiStepDefinitions.theAdminAuthenticationTokenIsAvailable()&amp#27;[39m
[CategoryHooks] Registered category id for cleanup: 16
[CategoryHooks] Registered category id for cleanup: 17
[CategoryHooks] Registered category id for cleanup: 18
  &amp#27;[32m✔&amp#27;[39m &amp#27;[32m&amp#27;[1mGiven &amp#27;[22mmultiple categories exist in the database&amp#27;[39m                                             &amp#27;[90m# starter.stepdefinitions.CategoryApiStepDefinitions.multipleCategoriesExistInDatabase()&amp#27;[39m
  &amp#27;[32m✔&amp#27;[39m &amp#27;[32m&amp#27;[1mWhen &amp#27;[22mthe admin sends a GET request to retrieve paginated categories with page=&amp#27;[1m0&amp#27;[22m and size=&amp#27;[1m10&amp#27;[22m&amp#27;[39m &amp#27;[90m# starter.stepdefinitions.CategoryApiStepDefinitions.theAdminSendsGetRequestForPaginatedCategories(int,int)&amp#27;[39m
  &amp#27;[32m✔&amp#27;[39m &amp#27;[32m&amp#27;[1mThen &amp#27;[22mthe response status code should be &amp#27;[1m200&amp#27;[22m&amp#27;[39m                                                 &amp#27;[90m# starter.stepdefinitions.CommonApiStepDefinitions.theResponseStatusCodeShouldBe(int)&amp#27;[39m
  &amp#27;[32m✔&amp#27;[39m &amp#27;[32m&amp#27;[1mAnd &amp#27;[22mthe response should contain paginated category records&amp#27;[39m                                  &amp#27;[90m# starter.stepdefinitions.CategoryApiStepDefinitions.theResponseShouldContainPaginatedRecords()&amp#27;[39m
[CategoryHooks] Deleted category id 16 → HTTP 204
[CategoryHooks] Deleted category id 17 → HTTP 204
[CategoryHooks] Deleted category id 18 → HTTP 204
[CategoryHooks] Cleanup complete.
]]></system-out>
  </testcase>
  <testcase name="runScenario[&quot;Verify regular user can view category list&quot;, &quot;Category API - User&quot;](16)" classname="starter.CucumberTestSuite" time="0.109">
    <system-out><![CDATA[
@api @category @user @API_GET_CATEGORIES_01 @smoke
&amp#27;[1mScenario:&amp#27;[22m Verify regular user can view category list             &amp#27;[90m# src/test/resources/features/api/category_user.feature:8&amp#27;[39m
[SalesUserApiSteps] User token obtained.
  &amp#27;[32m✔&amp#27;[39m &amp#27;[32m&amp#27;[1mGiven &amp#27;[22mthe user authentication token is available&amp#27;[39m             &amp#27;[90m# starter.stepdefinitions.CommonApiStepDefinitions.theUserAuthenticationTokenIsAvailable()&amp#27;[39m
  &amp#27;[32m✔&amp#27;[39m &amp#27;[32m&amp#27;[1mWhen &amp#27;[22mthe user sends a GET request to retrieve all categories&amp#27;[39m &amp#27;[90m# starter.stepdefinitions.CategoryApiStepDefinitions.theUserSendsGetRequestToRetrieveAllCategories()&amp#27;[39m
  &amp#27;[32m✔&amp#27;[39m &amp#27;[32m&amp#27;[1mThen &amp#27;[22mthe response status code should be &amp#27;[1m200&amp#27;[22m&amp#27;[39m                  &amp#27;[90m# starter.stepdefinitions.CommonApiStepDefinitions.theResponseStatusCodeShouldBe(int)&amp#27;[39m
  &amp#27;[32m✔&amp#27;[39m &amp#27;[32m&amp#27;[1mAnd &amp#27;[22mthe response should contain a valid category list&amp#27;[39m        &amp#27;[90m# starter.stepdefinitions.CategoryApiStepDefinitions.theResponseShouldContainValidCategoryList()&amp#27;[39m
]]></system-out>
  </testcase>
  <testcase name="runScenario[&quot;Verify user can retrieve category by valid ID&quot;, &quot;Category API - User&quot;](17)" classname="starter.CucumberTestSuite" time="0.136">
    <system-out><![CDATA[
@api @category @user @API_GET_CATEGORYBYID_02 @smoke
&amp#27;[1mScenario:&amp#27;[22m Verify user can retrieve category by valid ID              &amp#27;[90m# src/test/resources/features/api/category_user.feature:14&amp#27;[39m
[SalesUserApiSteps] User token obtained.
  &amp#27;[32m✔&amp#27;[39m &amp#27;[32m&amp#27;[1mGiven &amp#27;[22mthe user authentication token is available&amp#27;[39m                 &amp#27;[90m# starter.stepdefinitions.CommonApiStepDefinitions.theUserAuthenticationTokenIsAvailable()&amp#27;[39m
[CategoryHooks] Registered category id for cleanup: 19
  &amp#27;[32m✔&amp#27;[39m &amp#27;[32m&amp#27;[1mGiven &amp#27;[22ma valid category exists with ID &amp#27;[1m1&amp#27;[22m&amp#27;[39m                          &amp#27;[90m# starter.stepdefinitions.CategoryApiStepDefinitions.aValidCategoryExistsWithID(java.lang.Long)&amp#27;[39m
  &amp#27;[32m✔&amp#27;[39m &amp#27;[32m&amp#27;[1mWhen &amp#27;[22mthe user sends a GET request to retrieve category with ID &amp#27;[1m1&amp#27;[22m&amp#27;[39m &amp#27;[90m# starter.stepdefinitions.CategoryApiStepDefinitions.theUserSendsGetRequestToRetrieveCategoryWithID(java.lang.Long)&amp#27;[39m
  &amp#27;[32m✔&amp#27;[39m &amp#27;[32m&amp#27;[1mThen &amp#27;[22mthe response status code should be &amp#27;[1m200&amp#27;[22m&amp#27;[39m                      &amp#27;[90m# starter.stepdefinitions.CommonApiStepDefinitions.theResponseStatusCodeShouldBe(int)&amp#27;[39m
  &amp#27;[32m✔&amp#27;[39m &amp#27;[32m&amp#27;[1mAnd &amp#27;[22mthe response should contain the correct category details&amp#27;[39m     &amp#27;[90m# starter.stepdefinitions.CategoryApiStepDefinitions.theResponseShouldContainCorrectDetails()&amp#27;[39m
]]></system-out>
  </testcase>
  <testcase name="runScenario[&quot;Verify regular user cannot create category&quot;, &quot;Category API - User&quot;](18)" classname="starter.CucumberTestSuite" time="0.109">
    <system-out><![CDATA[
@api @category @user @API_POST_CATEGORY_03 @regression
&amp#27;[1mScenario:&amp#27;[22m Verify regular user cannot create category                        &amp#27;[90m# src/test/resources/features/api/category_user.feature:21&amp#27;[39m
[SalesUserApiSteps] User token obtained.
  &amp#27;[32m✔&amp#27;[39m &amp#27;[32m&amp#27;[1mGiven &amp#27;[22mthe user authentication token is available&amp#27;[39m                        &amp#27;[90m# starter.stepdefinitions.CommonApiStepDefinitions.theUserAuthenticationTokenIsAvailable()&amp#27;[39m
  &amp#27;[32m✔&amp#27;[39m &amp#27;[32m&amp#27;[1mWhen &amp#27;[22mthe user sends a POST request to create a category with valid data&amp#27;[39m &amp#27;[90m# starter.stepdefinitions.CategoryApiStepDefinitions.theUserSendsPostRequestToCreateCategory(io.cucumber.datatable.DataTable)&amp#27;[39m
      | name | UserCat |
  &amp#27;[32m✔&amp#27;[39m &amp#27;[32m&amp#27;[1mThen &amp#27;[22mthe response status code should be &amp#27;[1m403&amp#27;[22m&amp#27;[39m                             &amp#27;[90m# starter.stepdefinitions.CommonApiStepDefinitions.theResponseStatusCodeShouldBe(int)&amp#27;[39m
  &amp#27;[32m✔&amp#27;[39m &amp#27;[32m&amp#27;[1mAnd &amp#27;[22mthe response should contain an &amp#27;[1m"Forbidden"&amp#27;[22m message&amp#27;[39m                  &amp#27;[90m# starter.stepdefinitions.CategoryApiStepDefinitions.theResponseShouldContainMessage(java.lang.String)&amp#27;[39m
]]></system-out>
  </testcase>
  <testcase name="runScenario[&quot;Verify user receives error for invalid category ID&quot;, &quot;Category API - User&quot;](19)" classname="starter.CucumberTestSuite" time="0.127">
    <system-out><![CDATA[
@api @category @user @API_GET_CATEGORY_INVALIDID_04 @regression
&amp#27;[1mScenario:&amp#27;[22m Verify user receives error for invalid category ID                     &amp#27;[90m# src/test/resources/features/api/category_user.feature:28&amp#27;[39m
[SalesUserApiSteps] User token obtained.
  &amp#27;[32m✔&amp#27;[39m &amp#27;[32m&amp#27;[1mGiven &amp#27;[22mthe user authentication token is available&amp#27;[39m                             &amp#27;[90m# starter.stepdefinitions.CommonApiStepDefinitions.theUserAuthenticationTokenIsAvailable()&amp#27;[39m
  &amp#27;[32m✔&amp#27;[39m &amp#27;[32m&amp#27;[1mWhen &amp#27;[22mthe user sends a GET request to retrieve category with invalid ID &amp#27;[1m99999&amp#27;[22m&amp#27;[39m &amp#27;[90m# starter.stepdefinitions.CategoryApiStepDefinitions.theUserSendsGetRequestWithInvalidID(int)&amp#27;[39m
  &amp#27;[32m✔&amp#27;[39m &amp#27;[32m&amp#27;[1mThen &amp#27;[22mthe response status code should be &amp#27;[1m404&amp#27;[22m&amp#27;[39m                                  &amp#27;[90m# starter.stepdefinitions.CommonApiStepDefinitions.theResponseStatusCodeShouldBe(int)&amp#27;[39m
  &amp#27;[32m✔&amp#27;[39m &amp#27;[32m&amp#27;[1mAnd &amp#27;[22mthe response should contain a &amp#27;[1m"Not Found"&amp#27;[22m error message&amp#27;[39m                  &amp#27;[90m# starter.stepdefinitions.CategoryApiStepDefinitions.theResponseShouldContainErrorMessage(java.lang.String)&amp#27;[39m
]]></system-out>
  </testcase>
  <testcase name="runScenario[&quot;Verify user can retrieve main categories only&quot;, &quot;Category API - User&quot;](20)" classname="starter.CucumberTestSuite" time="0.113">
    <system-out><![CDATA[
@api @category @user @API_GET_MAIN_CATEGORIES_05 @smoke
&amp#27;[1mScenario:&amp#27;[22m Verify user can retrieve main categories only           &amp#27;[90m# src/test/resources/features/api/category_user.feature:34&amp#27;[39m
[SalesUserApiSteps] User token obtained.
  &amp#27;[32m✔&amp#27;[39m &amp#27;[32m&amp#27;[1mGiven &amp#27;[22mthe user authentication token is available&amp#27;[39m              &amp#27;[90m# starter.stepdefinitions.CommonApiStepDefinitions.theUserAuthenticationTokenIsAvailable()&amp#27;[39m
  &amp#27;[32m✔&amp#27;[39m &amp#27;[32m&amp#27;[1mGiven &amp#27;[22mmain categories exist in the database&amp#27;[39m                   &amp#27;[90m# starter.stepdefinitions.CategoryApiStepDefinitions.mainCategoriesExistInDatabase()&amp#27;[39m
  &amp#27;[32m✔&amp#27;[39m &amp#27;[32m&amp#27;[1mWhen &amp#27;[22mthe user sends a GET request to retrieve main categories&amp#27;[39m &amp#27;[90m# starter.stepdefinitions.CategoryApiStepDefinitions.theUserSendsGetRequestToRetrieveMainCategories()&amp#27;[39m
  &amp#27;[32m✔&amp#27;[39m &amp#27;[32m&amp#27;[1mThen &amp#27;[22mthe response status code should be &amp#27;[1m200&amp#27;[22m&amp#27;[39m                   &amp#27;[90m# starter.stepdefinitions.CommonApiStepDefinitions.theResponseStatusCodeShouldBe(int)&amp#27;[39m
  &amp#27;[32m✔&amp#27;[39m &amp#27;[32m&amp#27;[1mAnd &amp#27;[22mthe response should contain only main categories&amp#27;[39m          &amp#27;[90m# starter.stepdefinitions.CategoryApiStepDefinitions.theResponseShouldContainOnlyMainCategories()&amp#27;[39m
]]></system-out>
  </testcase>
  <testcase name="runScenario[&quot;Verify admin can add a new plant successfully&quot;, &quot;Plantation API - Admin&quot;](21)" classname="starter.CucumberTestSuite" time="0.198">
    <system-out><![CDATA[
@api @plant @admin @API_POST_PLANTATIONPAGE_ADMIN_01 @smoke
&amp#27;[1mScenario:&amp#27;[22m Verify admin can add a new plant successfully                 &amp#27;[90m# src/test/resources/features/api/plant_admin.feature:8&amp#27;[39m
  &amp#27;[32m✔&amp#27;[39m &amp#27;[32m&amp#27;[1mGiven &amp#27;[22mthe admin authentication token is valid&amp#27;[39m                       &amp#27;[90m# starter.stepdefinitions.PlantApiStepDefinitions.adminAuthenticationTokenIsValid()&amp#27;[39m
  &amp#27;[32m✔&amp#27;[39m &amp#27;[32m&amp#27;[1mGiven &amp#27;[22ma valid sub-category ID exists&amp#27;[39m                                &amp#27;[90m# starter.stepdefinitions.PlantApiStepDefinitions.validSubCategoryIdExists()&amp#27;[39m
  &amp#27;[32m✔&amp#27;[39m &amp#27;[32m&amp#27;[1mWhen &amp#27;[22mthe admin sends a POST request to add a plant for the category&amp#27;[39m &amp#27;[90m# starter.stepdefinitions.PlantApiStepDefinitions.adminSendsPostRequestToAddPlant()&amp#27;[39m
  &amp#27;[32m✔&amp#27;[39m &amp#27;[32m&amp#27;[1mThen &amp#27;[22mthe API response status code should be &amp#27;[1m201&amp#27;[22m Created&amp#27;[39m             &amp#27;[90m# starter.stepdefinitions.PlantApiStepDefinitions.apiResponseStatusCodeShouldBeCreated(int)&amp#27;[39m
  &amp#27;[32m✔&amp#27;[39m &amp#27;[32m&amp#27;[1mAnd &amp#27;[22mthe plant record should be created successfully in the response&amp#27;[39m &amp#27;[90m# starter.stepdefinitions.PlantApiStepDefinitions.plantRecordShouldBeCreatedSuccessfully()&amp#27;[39m
]]></system-out>
  </testcase>
  <testcase name="runScenario[&quot;Verify successful retrieval of plant record by ID&quot;, &quot;Plantation API - Admin&quot;](22)" classname="starter.CucumberTestSuite" time="0.068">
    <system-out><![CDATA[
@api @plant @admin @API_GET_PLANTATIONPAGE_ADMIN_02 @smoke
&amp#27;[1mScenario:&amp#27;[22m Verify successful retrieval of plant record by ID        &amp#27;[90m# src/test/resources/features/api/plant_admin.feature:15&amp#27;[39m
  &amp#27;[32m✔&amp#27;[39m &amp#27;[32m&amp#27;[1mGiven &amp#27;[22mthe admin authentication token is valid&amp#27;[39m                  &amp#27;[90m# starter.stepdefinitions.PlantApiStepDefinitions.adminAuthenticationTokenIsValid()&amp#27;[39m
  &amp#27;[32m✔&amp#27;[39m &amp#27;[32m&amp#27;[1mGiven &amp#27;[22ma plant record exists in the database&amp#27;[39m                    &amp#27;[90m# starter.stepdefinitions.PlantApiStepDefinitions.plantRecordExistsInDatabase()&amp#27;[39m
  &amp#27;[32m✔&amp#27;[39m &amp#27;[32m&amp#27;[1mWhen &amp#27;[22mthe admin sends a GET request to retrieve the plant by ID&amp#27;[39m &amp#27;[90m# starter.stepdefinitions.PlantApiStepDefinitions.adminSendsGetRequestToRetrievePlant()&amp#27;[39m
  &amp#27;[32m✔&amp#27;[39m &amp#27;[32m&amp#27;[1mThen &amp#27;[22mthe API response status code should be &amp#27;[1m200&amp#27;[22m OK&amp#27;[39m             &amp#27;[90m# starter.stepdefinitions.PlantApiStepDefinitions.apiResponseStatusCodeShouldBeOK(int)&amp#27;[39m
  &amp#27;[32m✔&amp#27;[39m &amp#27;[32m&amp#27;[1mAnd &amp#27;[22mthe response should contain the plant details&amp#27;[39m              &amp#27;[90m# starter.stepdefinitions.PlantApiStepDefinitions.responseShouldContainPlantDetails()&amp#27;[39m
]]></system-out>
  </testcase>
  <testcase name="runScenario[&quot;Verify successful deletion of a plant record by ID&quot;, &quot;Plantation API - Admin&quot;](23)" classname="starter.CucumberTestSuite" time="0.063">
    <system-out><![CDATA[
@api @plant @admin @API_DELETE_PLANTATIONPAGE_ADMIN_03 @smoke
&amp#27;[1mScenario:&amp#27;[22m Verify successful deletion of a plant record by ID            &amp#27;[90m# src/test/resources/features/api/plant_admin.feature:22&amp#27;[39m
  &amp#27;[32m✔&amp#27;[39m &amp#27;[32m&amp#27;[1mGiven &amp#27;[22mthe admin authentication token is valid&amp#27;[39m                       &amp#27;[90m# starter.stepdefinitions.PlantApiStepDefinitions.adminAuthenticationTokenIsValid()&amp#27;[39m
  &amp#27;[32m✔&amp#27;[39m &amp#27;[32m&amp#27;[1mGiven &amp#27;[22ma plant record exists in the database&amp#27;[39m                         &amp#27;[90m# starter.stepdefinitions.PlantApiStepDefinitions.plantRecordExistsInDatabase()&amp#27;[39m
  &amp#27;[32m✔&amp#27;[39m &amp#27;[32m&amp#27;[1mWhen &amp#27;[22mthe admin sends a DELETE request for the plant ID&amp#27;[39m              &amp#27;[90m# starter.stepdefinitions.PlantApiStepDefinitions.adminSendsDeleteRequestForPlantId()&amp#27;[39m
  &amp#27;[32m✔&amp#27;[39m &amp#27;[32m&amp#27;[1mThen &amp#27;[22mthe API response status code should be &amp#27;[1m204&amp#27;[22m No Content&amp#27;[39m          &amp#27;[90m# starter.stepdefinitions.PlantApiStepDefinitions.apiResponseStatusCodeShouldBeNoContent(int)&amp#27;[39m
  &amp#27;[32m✔&amp#27;[39m &amp#27;[32m&amp#27;[1mAnd &amp#27;[22mthe plant record should be completely removed from the database&amp#27;[39m &amp#27;[90m# starter.stepdefinitions.PlantApiStepDefinitions.plantRecordShouldBeCompletelyRemoved()&amp#27;[39m
]]></system-out>
  </testcase>
  <testcase name="runScenario[&quot;Verify filtering plants by category ID&quot;, &quot;Plantation API - Admin&quot;](24)" classname="starter.CucumberTestSuite" time="0.038">
    <system-out><![CDATA[
@api @plant @admin @API_GET_PLANTATIONPAGE_ADMIN_04 @smoke
&amp#27;[1mScenario:&amp#27;[22m Verify filtering plants by category ID                           &amp#27;[90m# src/test/resources/features/api/plant_admin.feature:29&amp#27;[39m
  &amp#27;[32m✔&amp#27;[39m &amp#27;[32m&amp#27;[1mGiven &amp#27;[22mthe admin authentication token is valid&amp#27;[39m                          &amp#27;[90m# starter.stepdefinitions.PlantApiStepDefinitions.adminAuthenticationTokenIsValid()&amp#27;[39m
  &amp#27;[32m✔&amp#27;[39m &amp#27;[32m&amp#27;[1mGiven &amp#27;[22mplant records exist under a specific category ID&amp#27;[39m                 &amp#27;[90m# starter.stepdefinitions.PlantApiStepDefinitions.plantRecordsExistUnderSpecificCategory()&amp#27;[39m
  &amp#27;[32m✔&amp#27;[39m &amp#27;[32m&amp#27;[1mWhen &amp#27;[22mthe admin sends a GET request to filter plants by the category ID&amp#27;[39m &amp#27;[90m# starter.stepdefinitions.PlantApiStepDefinitions.adminSendsGetRequestToFilterPlantsByCategoryId()&amp#27;[39m
  &amp#27;[32m✔&amp#27;[39m &amp#27;[32m&amp#27;[1mThen &amp#27;[22mthe API response status code should be &amp#27;[1m200&amp#27;[22m or &amp#27;[1m204&amp#27;[22m&amp#27;[39m                 &amp#27;[90m# starter.stepdefinitions.PlantApiStepDefinitions.apiResponseStatusCodeShouldBeOr(int,int)&amp#27;[39m
]]></system-out>
  </testcase>
  <testcase name="runScenario[&quot;Validate handling of non-existent plant deletion&quot;, &quot;Plantation API - Admin&quot;](25)" classname="starter.CucumberTestSuite" time="0.045">
    <system-out><![CDATA[
@api @plant @admin @API_DELETE_PLANTATIONPAGE_ADMIN_05 @regression
&amp#27;[1mScenario:&amp#27;[22m Validate handling of non-existent plant deletion                   &amp#27;[90m# src/test/resources/features/api/plant_admin.feature:35&amp#27;[39m
  &amp#27;[32m✔&amp#27;[39m &amp#27;[32m&amp#27;[1mGiven &amp#27;[22mthe admin authentication token is valid&amp#27;[39m                            &amp#27;[90m# starter.stepdefinitions.PlantApiStepDefinitions.adminAuthenticationTokenIsValid()&amp#27;[39m
  &amp#27;[32m✔&amp#27;[39m &amp#27;[32m&amp#27;[1mGiven &amp#27;[22mtarget plant ID &amp#27;[1m99999&amp#27;[22m does not exist in the database&amp#27;[39m               &amp#27;[90m# starter.stepdefinitions.PlantApiStepDefinitions.targetPlantIdDoesNotExist(int)&amp#27;[39m
  &amp#27;[32m✔&amp#27;[39m &amp#27;[32m&amp#27;[1mWhen &amp#27;[22mthe admin sends a DELETE request for the plant ID &amp#27;[1m99999&amp#27;[22m&amp#27;[39m             &amp#27;[90m# starter.stepdefinitions.PlantApiStepDefinitions.adminSendsDeleteRequestForPlantId(int)&amp#27;[39m
  &amp#27;[32m✔&amp#27;[39m &amp#27;[32m&amp#27;[1mThen &amp#27;[22mthe API response status code should be &amp#27;[1m204&amp#27;[22m No Content&amp#27;[39m               &amp#27;[90m# starter.stepdefinitions.PlantApiStepDefinitions.apiResponseStatusCodeShouldBeNoContent(int)&amp#27;[39m
  &amp#27;[32m✔&amp#27;[39m &amp#27;[32m&amp#27;[1mAnd &amp#27;[22mthe non-existent plant record should remain absent from the database&amp#27;[39m &amp#27;[90m# starter.stepdefinitions.PlantApiStepDefinitions.nonExistentPlantShouldRemainAbsent()&amp#27;[39m
]]></system-out>
  </testcase>
  <testcase name="runScenario[&quot;Verify User-role cannot add a plants data via API&quot;, &quot;Plantation API - User&quot;](26)" classname="starter.CucumberTestSuite" time="0.119">
    <system-out><![CDATA[
@api @plant @user @API_POST_PLANTATIONPAGE_USER_01 @smoke
&amp#27;[1mScenario:&amp#27;[22m Verify User-role cannot add a plants data via API            &amp#27;[90m# src/test/resources/features/api/plant_user.feature:8&amp#27;[39m
  &amp#27;[32m✔&amp#27;[39m &amp#27;[32m&amp#27;[1mGiven &amp#27;[22mthe user authentication token is valid&amp#27;[39m                       &amp#27;[90m# starter.stepdefinitions.PlantApiStepDefinitions.userAuthenticationTokenIsValid()&amp#27;[39m
  &amp#27;[32m✔&amp#27;[39m &amp#27;[32m&amp#27;[1mGiven &amp#27;[22ma valid sub-category ID exists&amp#27;[39m                               &amp#27;[90m# starter.stepdefinitions.PlantApiStepDefinitions.validSubCategoryIdExists()&amp#27;[39m
  &amp#27;[32m✔&amp#27;[39m &amp#27;[32m&amp#27;[1mWhen &amp#27;[22mthe user sends a POST request to add a plant for the category&amp#27;[39m &amp#27;[90m# starter.stepdefinitions.PlantApiStepDefinitions.userSendsPostRequestToAddPlant()&amp#27;[39m
  &amp#27;[32m✔&amp#27;[39m &amp#27;[32m&amp#27;[1mThen &amp#27;[22mthe API response status code should be &amp#27;[1m403&amp#27;[22m Forbidden&amp#27;[39m          &amp#27;[90m# starter.stepdefinitions.PlantApiStepDefinitions.apiResponseStatusCodeShouldBeForbidden(int)&amp#27;[39m
]]></system-out>
  </testcase>
  <testcase name="runScenario[&quot;Verify User-role cannot update plant data via API&quot;, &quot;Plantation API - User&quot;](27)" classname="starter.CucumberTestSuite" time="0.062">
    <system-out><![CDATA[
@api @plant @user @API_PUT_PLANTATIONPAGE_USER_02 @smoke
&amp#27;[1mScenario:&amp#27;[22m Verify User-role cannot update plant data via API    &amp#27;[90m# src/test/resources/features/api/plant_user.feature:14&amp#27;[39m
  &amp#27;[32m✔&amp#27;[39m &amp#27;[32m&amp#27;[1mGiven &amp#27;[22mthe user authentication token is valid&amp#27;[39m               &amp#27;[90m# starter.stepdefinitions.PlantApiStepDefinitions.userAuthenticationTokenIsValid()&amp#27;[39m
  &amp#27;[32m✔&amp#27;[39m &amp#27;[32m&amp#27;[1mGiven &amp#27;[22ma plant record exists in the database&amp#27;[39m                &amp#27;[90m# starter.stepdefinitions.PlantApiStepDefinitions.plantRecordExistsInDatabase()&amp#27;[39m
  &amp#27;[32m✔&amp#27;[39m &amp#27;[32m&amp#27;[1mWhen &amp#27;[22mthe user sends a PUT request to update the plant data&amp#27;[39m &amp#27;[90m# starter.stepdefinitions.PlantApiStepDefinitions.userSendsPutRequestToUpdatePlant()&amp#27;[39m
  &amp#27;[32m✔&amp#27;[39m &amp#27;[32m&amp#27;[1mThen &amp#27;[22mthe API response status code should be &amp#27;[1m403&amp#27;[22m Forbidden&amp#27;[39m  &amp#27;[90m# starter.stepdefinitions.PlantApiStepDefinitions.apiResponseStatusCodeShouldBeForbidden(int)&amp#27;[39m
]]></system-out>
  </testcase>
  <testcase name="runScenario[&quot;Verify User-role cannot delete plant data via API&quot;, &quot;Plantation API - User&quot;](28)" classname="starter.CucumberTestSuite" time="0.062">
    <system-out><![CDATA[
@api @plant @user @API_DELETE_PLANTATIONPAGE_USER_03 @smoke
&amp#27;[1mScenario:&amp#27;[22m Verify User-role cannot delete plant data via API   &amp#27;[90m# src/test/resources/features/api/plant_user.feature:20&amp#27;[39m
  &amp#27;[32m✔&amp#27;[39m &amp#27;[32m&amp#27;[1mGiven &amp#27;[22mthe user authentication token is valid&amp#27;[39m              &amp#27;[90m# starter.stepdefinitions.PlantApiStepDefinitions.userAuthenticationTokenIsValid()&amp#27;[39m
  &amp#27;[32m✔&amp#27;[39m &amp#27;[32m&amp#27;[1mGiven &amp#27;[22ma plant record exists in the database&amp#27;[39m               &amp#27;[90m# starter.stepdefinitions.PlantApiStepDefinitions.plantRecordExistsInDatabase()&amp#27;[39m
  &amp#27;[32m✔&amp#27;[39m &amp#27;[32m&amp#27;[1mWhen &amp#27;[22mthe user sends a DELETE request for the plant ID&amp#27;[39m     &amp#27;[90m# starter.stepdefinitions.PlantApiStepDefinitions.userSendsDeleteRequestForPlant()&amp#27;[39m
  &amp#27;[32m✔&amp#27;[39m &amp#27;[32m&amp#27;[1mThen &amp#27;[22mthe API response status code should be &amp#27;[1m403&amp#27;[22m Forbidden&amp#27;[39m &amp#27;[90m# starter.stepdefinitions.PlantApiStepDefinitions.apiResponseStatusCodeShouldBeForbidden(int)&amp#27;[39m
]]></system-out>
  </testcase>
  <testcase name="runScenario[&quot;Verify user-role can get access plant summary data&quot;, &quot;Plantation API - User&quot;](29)" classname="starter.CucumberTestSuite" time="0.054">
    <system-out><![CDATA[
@api @plant @user @API_GET_PLANTATIONPAGE_USER_04 @smoke
&amp#27;[1mScenario:&amp#27;[22m Verify user-role can get access plant summary data         &amp#27;[90m# src/test/resources/features/api/plant_user.feature:26&amp#27;[39m
  &amp#27;[32m✔&amp#27;[39m &amp#27;[32m&amp#27;[1mGiven &amp#27;[22mthe user authentication token is valid&amp#27;[39m                     &amp#27;[90m# starter.stepdefinitions.PlantApiStepDefinitions.userAuthenticationTokenIsValid()&amp#27;[39m
  &amp#27;[32m✔&amp#27;[39m &amp#27;[32m&amp#27;[1mWhen &amp#27;[22mthe user sends a GET request to retrieve plant summary data&amp#27;[39m &amp#27;[90m# starter.stepdefinitions.PlantApiStepDefinitions.userSendsGetRequestToRetrievePlantSummary()&amp#27;[39m
  &amp#27;[32m✔&amp#27;[39m &amp#27;[32m&amp#27;[1mThen &amp#27;[22mthe API response status code should be &amp#27;[1m200&amp#27;[22m OK&amp#27;[39m               &amp#27;[90m# starter.stepdefinitions.PlantApiStepDefinitions.apiResponseStatusCodeShouldBeOK(int)&amp#27;[39m
]]></system-out>
  </testcase>
  <testcase name="runScenario[&quot;Verify API boundary constraints for pagination query parameters&quot;, &quot;Plantation API - User&quot;](30)" classname="starter.CucumberTestSuite" time="0.095">
    <system-out><![CDATA[
@api @plant @user @API_GET_PLANTATIONPAGE_USER_05 @regression
&amp#27;[1mScenario:&amp#27;[22m Verify API boundary constraints for pagination query parameters &amp#27;[90m# src/test/resources/features/api/plant_user.feature:31&amp#27;[39m
  &amp#27;[32m✔&amp#27;[39m &amp#27;[32m&amp#27;[1mGiven &amp#27;[22mthe user authentication token is valid&amp#27;[39m                          &amp#27;[90m# starter.stepdefinitions.PlantApiStepDefinitions.userAuthenticationTokenIsValid()&amp#27;[39m
  &amp#27;[32m✔&amp#27;[39m &amp#27;[32m&amp#27;[1mWhen &amp#27;[22mthe user sends a GET request for plants with page &amp#27;[1m"-1"&amp#27;[22m&amp#27;[39m           &amp#27;[90m# starter.stepdefinitions.PlantApiStepDefinitions.userSendsGetRequestWithPage(java.lang.String)&amp#27;[39m
  &amp#27;[32m✔&amp#27;[39m &amp#27;[32m&amp#27;[1mThen &amp#27;[22mthe system gracefully processes or rejects via HTTP 400&amp#27;[39m          &amp#27;[90m# starter.stepdefinitions.PlantApiStepDefinitions.systemGracefullyProcessesOrRejects()&amp#27;[39m
  &amp#27;[32m✔&amp#27;[39m &amp#27;[32m&amp#27;[1mWhen &amp#27;[22mthe user sends a GET request for plants with size &amp#27;[1m"0"&amp#27;[22m&amp#27;[39m            &amp#27;[90m# starter.stepdefinitions.PlantApiStepDefinitions.userSendsGetRequestWithSize(java.lang.String)&amp#27;[39m
  &amp#27;[32m✔&amp#27;[39m &amp#27;[32m&amp#27;[1mThen &amp#27;[22mthe system gracefully processes or rejects via HTTP 400&amp#27;[39m          &amp#27;[90m# starter.stepdefinitions.PlantApiStepDefinitions.systemGracefullyProcessesOrRejects()&amp#27;[39m
  &amp#27;[32m✔&amp#27;[39m &amp#27;[32m&amp#27;[1mWhen &amp#27;[22mthe user sends a GET request for plants with size &amp#27;[1m"1000"&amp#27;[22m&amp#27;[39m         &amp#27;[90m# starter.stepdefinitions.PlantApiStepDefinitions.userSendsGetRequestWithSize(java.lang.String)&amp#27;[39m
  &amp#27;[32m✔&amp#27;[39m &amp#27;[32m&amp#27;[1mThen &amp#27;[22mthe API response status code should be &amp#27;[1m200&amp#27;[22m OK&amp#27;[39m                    &amp#27;[90m# starter.stepdefinitions.PlantApiStepDefinitions.apiResponseStatusCodeShouldBeOK(int)&amp#27;[39m
]]></system-out>
  </testcase>
  <testcase name="runScenario[&quot;Verify successful sell plant request with valid plant id and quantity&quot;, &quot;Sales API - Admin&quot;](31)" classname="starter.CucumberTestSuite" time="0.307">
    <system-out><![CDATA[
@api @sales @admin @API_POST_SELLPLANT_01 @smoke
&amp#27;[1mScenario:&amp#27;[22m Verify successful sell plant request with valid plant id and quantity &amp#27;[90m# src/test/resources/features/api/sales_admin.feature:8&amp#27;[39m
[SalesAdminApiSteps] Admin token obtained.
  &amp#27;[32m✔&amp#27;[39m &amp#27;[32m&amp#27;[1mGiven &amp#27;[22mthe admin authentication token is available&amp#27;[39m                           &amp#27;[90m# starter.stepdefinitions.CommonApiStepDefinitions.theAdminAuthenticationTokenIsAvailable()&amp#27;[39m
[SalesAdminApiSteps] Admin token obtained.
[SalesAdminApiSteps] Created plant id: 90 with stock: 100
  &amp#27;[32m✔&amp#27;[39m &amp#27;[32m&amp#27;[1mGiven &amp#27;[22ma valid plant exists with sufficient stock&amp#27;[39m                            &amp#27;[90m# starter.stepdefinitions.SalesAdminApiStepDefinitions.aValidPlantExistsWithSufficientStock()&amp#27;[39m
[SalesAdminApiSteps] Sale created id: 419
  &amp#27;[32m✔&amp#27;[39m &amp#27;[32m&amp#27;[1mWhen &amp#27;[22mthe admin sends a POST request to sell the plant with quantity 1&amp#27;[39m       &amp#27;[90m# starter.stepdefinitions.SalesAdminApiStepDefinitions.theAdminSendsPostRequestToSellPlantWithQuantity1()&amp#27;[39m
  &amp#27;[32m✔&amp#27;[39m &amp#27;[32m&amp#27;[1mThen &amp#27;[22mthe response status code should be &amp#27;[1m201&amp#27;[22m&amp#27;[39m                                 &amp#27;[90m# starter.stepdefinitions.CommonApiStepDefinitions.theResponseStatusCodeShouldBe(int)&amp#27;[39m
[SalesAdminApiSteps] Stock reduced from 100 to 99
  &amp#27;[32m✔&amp#27;[39m &amp#27;[32m&amp#27;[1mAnd &amp#27;[22mthe plant stock should be reduced&amp#27;[39m                                       &amp#27;[90m# starter.stepdefinitions.SalesAdminApiStepDefinitions.thePlantStockShouldBeReduced()&amp#27;[39m
]]></system-out>
  </testcase>
  <testcase name="runScenario[&quot;Verify validation of exceeded plant quantity&quot;, &quot;Sales API - Admin&quot;](32)" classname="starter.CucumberTestSuite" time="0.259">
    <system-out><![CDATA[
@api @sales @admin @API_POST_SELLPLANT_02 @regression
&amp#27;[1mScenario:&amp#27;[22m Verify validation of exceeded plant quantity                           &amp#27;[90m# src/test/resources/features/api/sales_admin.feature:15&amp#27;[39m
[SalesAdminApiSteps] Admin token obtained.
  &amp#27;[32m✔&amp#27;[39m &amp#27;[32m&amp#27;[1mGiven &amp#27;[22mthe admin authentication token is available&amp#27;[39m                            &amp#27;[90m# starter.stepdefinitions.CommonApiStepDefinitions.theAdminAuthenticationTokenIsAvailable()&amp#27;[39m
[SalesAdminApiSteps] Admin token obtained.
[SalesAdminApiSteps] Created plant id: 91 with stock: 100
  &amp#27;[32m✔&amp#27;[39m &amp#27;[32m&amp#27;[1mGiven &amp#27;[22ma valid plant exists with sufficient stock&amp#27;[39m                             &amp#27;[90m# starter.stepdefinitions.SalesAdminApiStepDefinitions.aValidPlantExistsWithSufficientStock()&amp#27;[39m
  &amp#27;[32m✔&amp#27;[39m &amp#27;[32m&amp#27;[1mWhen &amp#27;[22mthe admin sends a POST request to sell the plant with exceeded quantity&amp#27;[39m &amp#27;[90m# starter.stepdefinitions.SalesAdminApiStepDefinitions.theAdminSendsPostRequestToSellPlantWithExceededQuantity()&amp#27;[39m
  &amp#27;[32m✔&amp#27;[39m &amp#27;[32m&amp#27;[1mThen &amp#27;[22mthe response status code should be &amp#27;[1m400&amp#27;[22m&amp#27;[39m                                  &amp#27;[90m# starter.stepdefinitions.CommonApiStepDefinitions.theResponseStatusCodeShouldBe(int)&amp#27;[39m
]]></system-out>
  </testcase>
  <testcase name="runScenario[&quot;Verify successful deletion request with valid sale id&quot;, &quot;Sales API - Admin&quot;](33)" classname="starter.CucumberTestSuite" time="0.294">
    <system-out><![CDATA[
@api @sales @admin @API_DELETE_SALE_03 @smoke
&amp#27;[1mScenario:&amp#27;[22m Verify successful deletion request with valid sale id &amp#27;[90m# src/test/resources/features/api/sales_admin.feature:21&amp#27;[39m
[SalesAdminApiSteps] Admin token obtained.
  &amp#27;[32m✔&amp#27;[39m &amp#27;[32m&amp#27;[1mGiven &amp#27;[22mthe admin authentication token is available&amp#27;[39m           &amp#27;[90m# starter.stepdefinitions.CommonApiStepDefinitions.theAdminAuthenticationTokenIsAvailable()&amp#27;[39m
[SalesAdminApiSteps] Admin token obtained.
[SalesAdminApiSteps] Created plant id: 92 with stock: 100
[SalesAdminApiSteps] Created sale id: 420
  &amp#27;[32m✔&amp#27;[39m &amp#27;[32m&amp#27;[1mGiven &amp#27;[22ma sale record exists&amp#27;[39m                                  &amp#27;[90m# starter.stepdefinitions.SalesAdminApiStepDefinitions.aSaleRecordExists()&amp#27;[39m
[SalesAdminApiSteps] Deleted sale id: 420
  &amp#27;[32m✔&amp#27;[39m &amp#27;[32m&amp#27;[1mWhen &amp#27;[22mthe admin sends a DELETE request to delete the sale&amp#27;[39m    &amp#27;[90m# starter.stepdefinitions.SalesAdminApiStepDefinitions.theAdminSendsDeleteRequestToDeleteTheSale()&amp#27;[39m
  &amp#27;[32m✔&amp#27;[39m &amp#27;[32m&amp#27;[1mThen &amp#27;[22mthe response status code should be &amp#27;[1m204&amp#27;[22m&amp#27;[39m                 &amp#27;[90m# starter.stepdefinitions.CommonApiStepDefinitions.theResponseStatusCodeShouldBe(int)&amp#27;[39m
]]></system-out>
  </testcase>
  <testcase name="runScenario[&quot;Verify validation of quantity less than 1&quot;, &quot;Sales API - Admin&quot;](34)" classname="starter.CucumberTestSuite" time="0.248">
    <system-out><![CDATA[
@api @sales @admin @API_POST_SELLPLANT_04 @regression
&amp#27;[1mScenario:&amp#27;[22m Verify validation of quantity less than 1                       &amp#27;[90m# src/test/resources/features/api/sales_admin.feature:27&amp#27;[39m
[SalesAdminApiSteps] Admin token obtained.
  &amp#27;[32m✔&amp#27;[39m &amp#27;[32m&amp#27;[1mGiven &amp#27;[22mthe admin authentication token is available&amp#27;[39m                     &amp#27;[90m# starter.stepdefinitions.CommonApiStepDefinitions.theAdminAuthenticationTokenIsAvailable()&amp#27;[39m
[SalesAdminApiSteps] Admin token obtained.
[SalesAdminApiSteps] Created plant id: 93 with stock: 100
  &amp#27;[32m✔&amp#27;[39m &amp#27;[32m&amp#27;[1mGiven &amp#27;[22ma valid plant exists with sufficient stock&amp#27;[39m                      &amp#27;[90m# starter.stepdefinitions.SalesAdminApiStepDefinitions.aValidPlantExistsWithSufficientStock()&amp#27;[39m
  &amp#27;[32m✔&amp#27;[39m &amp#27;[32m&amp#27;[1mWhen &amp#27;[22mthe admin sends a POST request to sell the plant with quantity 0&amp#27;[39m &amp#27;[90m# starter.stepdefinitions.SalesAdminApiStepDefinitions.theAdminSendsPostRequestToSellPlantWithQuantity0()&amp#27;[39m
  &amp#27;[32m✔&amp#27;[39m &amp#27;[32m&amp#27;[1mThen &amp#27;[22mthe response status code should be &amp#27;[1m400&amp#27;[22m&amp#27;[39m                           &amp#27;[90m# starter.stepdefinitions.CommonApiStepDefinitions.theResponseStatusCodeShouldBe(int)&amp#27;[39m
]]></system-out>
  </testcase>
  <testcase name="runScenario[&quot;Verify retrieval of all available sales records&quot;, &quot;Sales API - Admin&quot;](35)" classname="starter.CucumberTestSuite" time="0.207">
    <system-out><![CDATA[
@api @sales @admin @API_GET_SALES_05 @smoke
&amp#27;[1mScenario:&amp#27;[22m Verify retrieval of all available sales records    &amp#27;[90m# src/test/resources/features/api/sales_admin.feature:33&amp#27;[39m
[SalesAdminApiSteps] Admin token obtained.
  &amp#27;[32m✔&amp#27;[39m &amp#27;[32m&amp#27;[1mGiven &amp#27;[22mthe admin authentication token is available&amp#27;[39m        &amp#27;[90m# starter.stepdefinitions.CommonApiStepDefinitions.theAdminAuthenticationTokenIsAvailable()&amp#27;[39m
[SalesAdminApiSteps] Admin token obtained.
[SalesAdminApiSteps] Retrieved 2 sales.
  &amp#27;[32m✔&amp#27;[39m &amp#27;[32m&amp#27;[1mWhen &amp#27;[22mthe admin sends a GET request to retrieve all sales&amp#27;[39m &amp#27;[90m# starter.stepdefinitions.SalesAdminApiStepDefinitions.theAdminSendsGetRequestToRetrieveAllSales()&amp#27;[39m
  &amp#27;[32m✔&amp#27;[39m &amp#27;[32m&amp#27;[1mThen &amp#27;[22mthe response status code should be &amp#27;[1m200&amp#27;[22m&amp#27;[39m              &amp#27;[90m# starter.stepdefinitions.CommonApiStepDefinitions.theResponseStatusCodeShouldBe(int)&amp#27;[39m
  &amp#27;[32m✔&amp#27;[39m &amp#27;[32m&amp#27;[1mAnd &amp#27;[22mthe response should contain a valid sales list&amp#27;[39m       &amp#27;[90m# starter.stepdefinitions.SalesAdminApiStepDefinitions.theResponseShouldContainAValidSalesList()&amp#27;[39m
]]></system-out>
  </testcase>
  <testcase name="runScenario[&quot;Verify successful retrieval of paginated sales records when records are available&quot;, &quot;Sales API - User&quot;](36)" classname="starter.CucumberTestSuite" time="0.232">
    <system-out><![CDATA[
@api @sales @user @API_GET_PAGINATEDSALES_01 @smoke
&amp#27;[1mScenario:&amp#27;[22m Verify successful retrieval of paginated sales records when records are available &amp#27;[90m# src/test/resources/features/api/sales_user.feature:8&amp#27;[39m
[SalesUserApiSteps] User token obtained.
  &amp#27;[32m✔&amp#27;[39m &amp#27;[32m&amp#27;[1mGiven &amp#27;[22mthe user authentication token is available&amp#27;[39m                                        &amp#27;[90m# starter.stepdefinitions.CommonApiStepDefinitions.theUserAuthenticationTokenIsAvailable()&amp#27;[39m
[SalesUserApiSteps] User token obtained.
[SalesUserApiSteps] Paginated sales retrieved. Total: 2
  &amp#27;[32m✔&amp#27;[39m &amp#27;[32m&amp#27;[1mWhen &amp#27;[22mthe user sends a GET request to retrieve paginated sales&amp#27;[39m                           &amp#27;[90m# starter.stepdefinitions.SalesUserApiStepDefinitions.theUserSendsGetRequestToRetrievePaginatedSales()&amp#27;[39m
  &amp#27;[32m✔&amp#27;[39m &amp#27;[32m&amp#27;[1mThen &amp#27;[22mthe response status code should be &amp#27;[1m200&amp#27;[22m&amp#27;[39m                                             &amp#27;[90m# starter.stepdefinitions.CommonApiStepDefinitions.theResponseStatusCodeShouldBe(int)&amp#27;[39m
  &amp#27;[32m✔&amp#27;[39m &amp#27;[32m&amp#27;[1mAnd &amp#27;[22mthe response should contain paginated sales data&amp#27;[39m                                    &amp#27;[90m# starter.stepdefinitions.SalesUserApiStepDefinitions.theResponseShouldContainPaginatedSalesData()&amp#27;[39m
]]></system-out>
  </testcase>
  <testcase name="runScenario[&quot;Verify unauthorized access to plant selling with user token&quot;, &quot;Sales API - User&quot;](37)" classname="starter.CucumberTestSuite" time="0.254">
    <failure message="[User selling plant should return 401 Unauthorized] &#10;expected: 401&#10; but was: 201" type="org.opentest4j.AssertionFailedError"><![CDATA[org.opentest4j.AssertionFailedError: 
[User selling plant should return 401 Unauthorized] 
expected: 401
 but was: 201
	at java.base/jdk.internal.reflect.DirectConstructorHandleAccessor.newInstance(DirectConstructorHandleAccessor.java:62)
	at java.base/java.lang.reflect.Constructor.newInstanceWithCaller(Constructor.java:502)
	at starter.steps.SalesUserApiSteps.sellPlantAsUser(SalesUserApiSteps.java:162)
	at starter.steps.SalesUserApiSteps$ByteBuddy$bek51W1n.sellPlantAsUser$accessor$UPqikj2q(Unknown Source)
	at java.base/jdk.internal.reflect.DirectMethodHandleAccessor.invoke(DirectMethodHandleAccessor.java:103)
	at java.base/java.lang.reflect.Method.invoke(Method.java:580)
	at net.thucydides.core.steps.StepInterceptor.invokeMethod(StepInterceptor.java:550)
	at net.thucydides.core.steps.StepInterceptor.executeTestStepMethod(StepInterceptor.java:530)
	at net.thucydides.core.steps.StepInterceptor.runTestStep(StepInterceptor.java:492)
	at net.thucydides.core.steps.StepInterceptor.runOrSkipMethod(StepInterceptor.java:234)
	at net.thucydides.core.steps.StepInterceptor.testStepResult(StepInterceptor.java:205)
	at net.thucydides.core.steps.StepInterceptor.intercept(StepInterceptor.java:93)
	at net.thucydides.core.steps.ProxyConfiguration$InterceptorDispatcher.intercept(ProxyConfiguration.java:51)
	at starter.steps.SalesUserApiSteps$ByteBuddy$bek51W1n.sellPlantAsUser(Unknown Source)
	at starter.stepdefinitions.SalesUserApiStepDefinitions.theUserSendsPostRequestToSellAPlant(SalesUserApiStepDefinitions.java:40)
	at ✽.the user sends a POST request to sell a plant(file:///Users/hevindutilakasena/ITQA/B21_AI_Group_04/src/test/resources/features/api/sales_user.feature:16)
]]></failure>
    <system-out><![CDATA[
@api @sales @user @API_POST_SELLPLANT_02 @smoke
&amp#27;[1mScenario:&amp#27;[22m Verify unauthorized access to plant selling with user token &amp#27;[90m# src/test/resources/features/api/sales_user.feature:14&amp#27;[39m
[SalesUserApiSteps] User token obtained.
  &amp#27;[32m✔&amp#27;[39m &amp#27;[32m&amp#27;[1mGiven &amp#27;[22mthe user authentication token is available&amp#27;[39m                  &amp#27;[90m# starter.stepdefinitions.CommonApiStepDefinitions.theUserAuthenticationTokenIsAvailable()&amp#27;[39m
[SalesUserApiSteps] User token obtained.
[SalesUserApiSteps] Using plant id: 1
  &amp#27;[32m✔&amp#27;[39m &amp#27;[32m&amp#27;[1mGiven &amp#27;[22ma valid plant id exists&amp#27;[39m                                     &amp#27;[90m# starter.stepdefinitions.SalesUserApiStepDefinitions.aValidPlantIdExists()&amp#27;[39m
  &amp#27;[31m✘&amp#27;[39m &amp#27;[31m&amp#27;[1mWhen &amp#27;[22mthe user sends a POST request to sell a plant&amp#27;[39m                &amp#27;[90m# starter.stepdefinitions.SalesUserApiStepDefinitions.theUserSendsPostRequestToSellAPlant()&amp#27;[39m
        &amp#27;[31morg.opentest4j.AssertionFailedError: [User selling plant should return 401 Unauthorized] &amp#27;[39m
        &amp#27;[31mexpected: 401&amp#27;[39m
        &amp#27;[31m but was: 201&amp#27;[39m
        &amp#27;[31m	at java.base/jdk.internal.reflect.DirectConstructorHandleAccessor.newInstance(DirectConstructorHandleAccessor.java:62)&amp#27;[39m
        &amp#27;[31m	at java.base/java.lang.reflect.Constructor.newInstanceWithCaller(Constructor.java:502)&amp#27;[39m
        &amp#27;[31m	at starter.steps.SalesUserApiSteps.sellPlantAsUser(SalesUserApiSteps.java:162)&amp#27;[39m
        &amp#27;[31m	at starter.steps.SalesUserApiSteps$ByteBuddy$bek51W1n.sellPlantAsUser$accessor$UPqikj2q(Unknown Source)&amp#27;[39m
        &amp#27;[31m	at java.base/jdk.internal.reflect.DirectMethodHandleAccessor.invoke(DirectMethodHandleAccessor.java:103)&amp#27;[39m
        &amp#27;[31m	at java.base/java.lang.reflect.Method.invoke(Method.java:580)&amp#27;[39m
        &amp#27;[31m	at net.thucydides.core.steps.StepInterceptor.invokeMethod(StepInterceptor.java:550)&amp#27;[39m
        &amp#27;[31m	at net.thucydides.core.steps.StepInterceptor.executeTestStepMethod(StepInterceptor.java:530)&amp#27;[39m
        &amp#27;[31m	at net.thucydides.core.steps.StepInterceptor.runTestStep(StepInterceptor.java:492)&amp#27;[39m
        &amp#27;[31m	at net.thucydides.core.steps.StepInterceptor.runOrSkipMethod(StepInterceptor.java:234)&amp#27;[39m
        &amp#27;[31m	at net.thucydides.core.steps.StepInterceptor.testStepResult(StepInterceptor.java:205)&amp#27;[39m
        &amp#27;[31m	at net.thucydides.core.steps.StepInterceptor.intercept(StepInterceptor.java:93)&amp#27;[39m
        &amp#27;[31m	at net.thucydides.core.steps.ProxyConfiguration$InterceptorDispatcher.intercept(ProxyConfiguration.java:51)&amp#27;[39m
        &amp#27;[31m	at starter.steps.SalesUserApiSteps$ByteBuddy$bek51W1n.sellPlantAsUser(Unknown Source)&amp#27;[39m
        &amp#27;[31m	at starter.stepdefinitions.SalesUserApiStepDefinitions.theUserSendsPostRequestToSellAPlant(SalesUserApiStepDefinitions.java:40)&amp#27;[39m
        &amp#27;[31m	at ✽.the user sends a POST request to sell a plant(file:///Users/hevindutilakasena/ITQA/B21_AI_Group_04/src/test/resources/features/api/sales_user.feature:16)&amp#27;[39m
  &amp#27;[36m↷&amp#27;[39m &amp#27;[36m&amp#27;[1mThen &amp#27;[22mthe response status code should be &amp#27;[1m401&amp#27;[22m&amp#27;[39m                       &amp#27;[90m# starter.stepdefinitions.CommonApiStepDefinitions.theResponseStatusCodeShouldBe(int)&amp#27;[39m
]]></system-out>
  </testcase>
  <testcase name="runScenario[&quot;Verify unauthorized access to delete sales with user token&quot;, &quot;Sales API - User&quot;](38)" classname="starter.CucumberTestSuite" time="0.363">
    <failure message="[User deleting sale should return 401 Unauthorized] &#10;expected: 401&#10; but was: 204" type="org.opentest4j.AssertionFailedError"><![CDATA[org.opentest4j.AssertionFailedError: 
[User deleting sale should return 401 Unauthorized] 
expected: 401
 but was: 204
	at java.base/jdk.internal.reflect.DirectConstructorHandleAccessor.newInstance(DirectConstructorHandleAccessor.java:62)
	at java.base/java.lang.reflect.Constructor.newInstanceWithCaller(Constructor.java:502)
	at starter.steps.SalesUserApiSteps.deleteSaleAsUser(SalesUserApiSteps.java:180)
	at starter.steps.SalesUserApiSteps$ByteBuddy$bek51W1n.deleteSaleAsUser$accessor$UPqikj2q(Unknown Source)
	at java.base/jdk.internal.reflect.DirectMethodHandleAccessor.invoke(DirectMethodHandleAccessor.java:103)
	at java.base/java.lang.reflect.Method.invoke(Method.java:580)
	at net.thucydides.core.steps.StepInterceptor.invokeMethod(StepInterceptor.java:550)
	at net.thucydides.core.steps.StepInterceptor.executeTestStepMethod(StepInterceptor.java:530)
	at net.thucydides.core.steps.StepInterceptor.runTestStep(StepInterceptor.java:492)
	at net.thucydides.core.steps.StepInterceptor.runOrSkipMethod(StepInterceptor.java:234)
	at net.thucydides.core.steps.StepInterceptor.testStepResult(StepInterceptor.java:205)
	at net.thucydides.core.steps.StepInterceptor.intercept(StepInterceptor.java:93)
	at net.thucydides.core.steps.ProxyConfiguration$InterceptorDispatcher.intercept(ProxyConfiguration.java:51)
	at starter.steps.SalesUserApiSteps$ByteBuddy$bek51W1n.deleteSaleAsUser(Unknown Source)
	at starter.stepdefinitions.SalesUserApiStepDefinitions.theUserSendsDeleteRequestToDeleteASale(SalesUserApiStepDefinitions.java:47)
	at ✽.the user sends a DELETE request to delete a sale(file:///Users/hevindutilakasena/ITQA/B21_AI_Group_04/src/test/resources/features/api/sales_user.feature:22)
]]></failure>
    <system-out><![CDATA[
@api @sales @user @API_DELETE_SALE_03 @smoke
&amp#27;[1mScenario:&amp#27;[22m Verify unauthorized access to delete sales with user token &amp#27;[90m# src/test/resources/features/api/sales_user.feature:20&amp#27;[39m
[SalesUserApiSteps] User token obtained.
  &amp#27;[32m✔&amp#27;[39m &amp#27;[32m&amp#27;[1mGiven &amp#27;[22mthe user authentication token is available&amp#27;[39m                 &amp#27;[90m# starter.stepdefinitions.CommonApiStepDefinitions.theUserAuthenticationTokenIsAvailable()&amp#27;[39m
[SalesUserApiSteps] User token obtained.
[SalesUserApiSteps] Using sale id: 418
  &amp#27;[32m✔&amp#27;[39m &amp#27;[32m&amp#27;[1mGiven &amp#27;[22ma valid sale id exists&amp#27;[39m                                     &amp#27;[90m# starter.stepdefinitions.SalesUserApiStepDefinitions.aValidSaleIdExists()&amp#27;[39m
  &amp#27;[31m✘&amp#27;[39m &amp#27;[31m&amp#27;[1mWhen &amp#27;[22mthe user sends a DELETE request to delete a sale&amp#27;[39m            &amp#27;[90m# starter.stepdefinitions.SalesUserApiStepDefinitions.theUserSendsDeleteRequestToDeleteASale()&amp#27;[39m
        &amp#27;[31morg.opentest4j.AssertionFailedError: [User deleting sale should return 401 Unauthorized] &amp#27;[39m
        &amp#27;[31mexpected: 401&amp#27;[39m
        &amp#27;[31m but was: 204&amp#27;[39m
        &amp#27;[31m	at java.base/jdk.internal.reflect.DirectConstructorHandleAccessor.newInstance(DirectConstructorHandleAccessor.java:62)&amp#27;[39m
        &amp#27;[31m	at java.base/java.lang.reflect.Constructor.newInstanceWithCaller(Constructor.java:502)&amp#27;[39m
        &amp#27;[31m	at starter.steps.SalesUserApiSteps.deleteSaleAsUser(SalesUserApiSteps.java:180)&amp#27;[39m
        &amp#27;[31m	at starter.steps.SalesUserApiSteps$ByteBuddy$bek51W1n.deleteSaleAsUser$accessor$UPqikj2q(Unknown Source)&amp#27;[39m
        &amp#27;[31m	at java.base/jdk.internal.reflect.DirectMethodHandleAccessor.invoke(DirectMethodHandleAccessor.java:103)&amp#27;[39m
        &amp#27;[31m	at java.base/java.lang.reflect.Method.invoke(Method.java:580)&amp#27;[39m
        &amp#27;[31m	at net.thucydides.core.steps.StepInterceptor.invokeMethod(StepInterceptor.java:550)&amp#27;[39m
        &amp#27;[31m	at net.thucydides.core.steps.StepInterceptor.executeTestStepMethod(StepInterceptor.java:530)&amp#27;[39m
        &amp#27;[31m	at net.thucydides.core.steps.StepInterceptor.runTestStep(StepInterceptor.java:492)&amp#27;[39m
        &amp#27;[31m	at net.thucydides.core.steps.StepInterceptor.runOrSkipMethod(StepInterceptor.java:234)&amp#27;[39m
        &amp#27;[31m	at net.thucydides.core.steps.StepInterceptor.testStepResult(StepInterceptor.java:205)&amp#27;[39m
        &amp#27;[31m	at net.thucydides.core.steps.StepInterceptor.intercept(StepInterceptor.java:93)&amp#27;[39m
        &amp#27;[31m	at net.thucydides.core.steps.ProxyConfiguration$InterceptorDispatcher.intercept(ProxyConfiguration.java:51)&amp#27;[39m
        &amp#27;[31m	at starter.steps.SalesUserApiSteps$ByteBuddy$bek51W1n.deleteSaleAsUser(Unknown Source)&amp#27;[39m
        &amp#27;[31m	at starter.stepdefinitions.SalesUserApiStepDefinitions.theUserSendsDeleteRequestToDeleteASale(SalesUserApiStepDefinitions.java:47)&amp#27;[39m
        &amp#27;[31m	at ✽.the user sends a DELETE request to delete a sale(file:///Users/hevindutilakasena/ITQA/B21_AI_Group_04/src/test/resources/features/api/sales_user.feature:22)&amp#27;[39m
  &amp#27;[36m↷&amp#27;[39m &amp#27;[36m&amp#27;[1mThen &amp#27;[22mthe response status code should be &amp#27;[1m401&amp#27;[22m&amp#27;[39m                      &amp#27;[90m# starter.stepdefinitions.CommonApiStepDefinitions.theResponseStatusCodeShouldBe(int)&amp#27;[39m
]]></system-out>
  </testcase>
  <testcase name="runScenario[&quot;Verify successful retrieval of sale with valid sale id&quot;, &quot;Sales API - User&quot;](39)" classname="starter.CucumberTestSuite" time="0.376">
    <system-out><![CDATA[
@api @sales @user @API_GET_SALES_04 @smoke
&amp#27;[1mScenario:&amp#27;[22m Verify successful retrieval of sale with valid sale id &amp#27;[90m# src/test/resources/features/api/sales_user.feature:26&amp#27;[39m
[SalesUserApiSteps] User token obtained.
  &amp#27;[32m✔&amp#27;[39m &amp#27;[32m&amp#27;[1mGiven &amp#27;[22mthe user authentication token is available&amp#27;[39m             &amp#27;[90m# starter.stepdefinitions.CommonApiStepDefinitions.theUserAuthenticationTokenIsAvailable()&amp#27;[39m
[SalesUserApiSteps] User token obtained.
[SalesUserApiSteps] Using sale id: 419
  &amp#27;[32m✔&amp#27;[39m &amp#27;[32m&amp#27;[1mGiven &amp#27;[22ma valid sale id exists&amp#27;[39m                                 &amp#27;[90m# starter.stepdefinitions.SalesUserApiStepDefinitions.aValidSaleIdExists()&amp#27;[39m
[SalesUserApiSteps] Retrieved sale id: 419
  &amp#27;[32m✔&amp#27;[39m &amp#27;[32m&amp#27;[1mWhen &amp#27;[22mthe user sends a GET request to retrieve a sale by id&amp#27;[39m   &amp#27;[90m# starter.stepdefinitions.SalesUserApiStepDefinitions.theUserSendsGetRequestToRetrieveSaleById()&amp#27;[39m
  &amp#27;[32m✔&amp#27;[39m &amp#27;[32m&amp#27;[1mThen &amp#27;[22mthe response status code should be &amp#27;[1m200&amp#27;[22m&amp#27;[39m                  &amp#27;[90m# starter.stepdefinitions.CommonApiStepDefinitions.theResponseStatusCodeShouldBe(int)&amp#27;[39m
  &amp#27;[32m✔&amp#27;[39m &amp#27;[32m&amp#27;[1mAnd &amp#27;[22mthe response should contain valid sale details&amp#27;[39m           &amp#27;[90m# starter.stepdefinitions.SalesUserApiStepDefinitions.theResponseShouldContainValidSaleDetails()&amp#27;[39m
]]></system-out>
  </testcase>
  <testcase name="runScenario[&quot;Verify paginated sales retrieval with different sorting options&quot;, &quot;Sales API - User&quot;](40)" classname="starter.CucumberTestSuite" time="0.217">
    <system-out><![CDATA[
@api @sales @user @API_GET_PAGINATEDSALES_02 @smoke
&amp#27;[1mScenario Outline:&amp#27;[22m Verify paginated sales retrieval with different sorting options                   &amp#27;[90m# src/test/resources/features/api/sales_user.feature:40&amp#27;[39m
[SalesUserApiSteps] User token obtained.
  &amp#27;[32m✔&amp#27;[39m &amp#27;[32m&amp#27;[1mGiven &amp#27;[22mthe user authentication token is available&amp#27;[39m                                                &amp#27;[90m# starter.stepdefinitions.CommonApiStepDefinitions.theUserAuthenticationTokenIsAvailable()&amp#27;[39m
[SalesUserApiSteps] User token obtained.
[SalesUserApiSteps] Paginated sales sorted by soldAt asc
  &amp#27;[32m✔&amp#27;[39m &amp#27;[32m&amp#27;[1mWhen &amp#27;[22mthe user sends a GET request to retrieve paginated sales sorted by &amp#27;[1m"soldAt"&amp#27;[22m in &amp#27;[1m"asc"&amp#27;[22m order&amp#27;[39m &amp#27;[90m# starter.stepdefinitions.SalesUserApiStepDefinitions.theUserSendsGetRequestForPaginatedSalesSorted(java.lang.String,java.lang.String)&amp#27;[39m
  &amp#27;[32m✔&amp#27;[39m &amp#27;[32m&amp#27;[1mThen &amp#27;[22mthe response status code should be &amp#27;[1m200&amp#27;[22m&amp#27;[39m                                                     &amp#27;[90m# starter.stepdefinitions.CommonApiStepDefinitions.theResponseStatusCodeShouldBe(int)&amp#27;[39m
  &amp#27;[32m✔&amp#27;[39m &amp#27;[32m&amp#27;[1mAnd &amp#27;[22mthe response should contain paginated sales data&amp#27;[39m                                            &amp#27;[90m# starter.stepdefinitions.SalesUserApiStepDefinitions.theResponseShouldContainPaginatedSalesData()&amp#27;[39m
]]></system-out>
  </testcase>
  <testcase name="runScenario[&quot;Verify paginated sales retrieval with different sorting options&quot;, &quot;Sales API - User&quot;](41)" classname="starter.CucumberTestSuite" time="0.241">
    <system-out><![CDATA[
@api @sales @user @API_GET_PAGINATEDSALES_02 @smoke
&amp#27;[1mScenario Outline:&amp#27;[22m Verify paginated sales retrieval with different sorting options                    &amp#27;[90m# src/test/resources/features/api/sales_user.feature:41&amp#27;[39m
[SalesUserApiSteps] User token obtained.
  &amp#27;[32m✔&amp#27;[39m &amp#27;[32m&amp#27;[1mGiven &amp#27;[22mthe user authentication token is available&amp#27;[39m                                                 &amp#27;[90m# starter.stepdefinitions.CommonApiStepDefinitions.theUserAuthenticationTokenIsAvailable()&amp#27;[39m
[SalesUserApiSteps] User token obtained.
[SalesUserApiSteps] Paginated sales sorted by soldAt desc
  &amp#27;[32m✔&amp#27;[39m &amp#27;[32m&amp#27;[1mWhen &amp#27;[22mthe user sends a GET request to retrieve paginated sales sorted by &amp#27;[1m"soldAt"&amp#27;[22m in &amp#27;[1m"desc"&amp#27;[22m order&amp#27;[39m &amp#27;[90m# starter.stepdefinitions.SalesUserApiStepDefinitions.theUserSendsGetRequestForPaginatedSalesSorted(java.lang.String,java.lang.String)&amp#27;[39m
  &amp#27;[32m✔&amp#27;[39m &amp#27;[32m&amp#27;[1mThen &amp#27;[22mthe response status code should be &amp#27;[1m200&amp#27;[22m&amp#27;[39m                                                      &amp#27;[90m# starter.stepdefinitions.CommonApiStepDefinitions.theResponseStatusCodeShouldBe(int)&amp#27;[39m
  &amp#27;[32m✔&amp#27;[39m &amp#27;[32m&amp#27;[1mAnd &amp#27;[22mthe response should contain paginated sales data&amp#27;[39m                                             &amp#27;[90m# starter.stepdefinitions.SalesUserApiStepDefinitions.theResponseShouldContainPaginatedSalesData()&amp#27;[39m
]]></system-out>
  </testcase>
  <testcase name="runScenario[&quot;Verify paginated sales retrieval with different sorting options&quot;, &quot;Sales API - User&quot;](42)" classname="starter.CucumberTestSuite" time="0.229">
    <system-out><![CDATA[
@api @sales @user @API_GET_PAGINATEDSALES_02 @smoke
&amp#27;[1mScenario Outline:&amp#27;[22m Verify paginated sales retrieval with different sorting options                       &amp#27;[90m# src/test/resources/features/api/sales_user.feature:42&amp#27;[39m
[SalesUserApiSteps] User token obtained.
  &amp#27;[32m✔&amp#27;[39m &amp#27;[32m&amp#27;[1mGiven &amp#27;[22mthe user authentication token is available&amp#27;[39m                                                    &amp#27;[90m# starter.stepdefinitions.CommonApiStepDefinitions.theUserAuthenticationTokenIsAvailable()&amp#27;[39m
[SalesUserApiSteps] User token obtained.
[SalesUserApiSteps] Paginated sales sorted by plant.name asc
  &amp#27;[32m✔&amp#27;[39m &amp#27;[32m&amp#27;[1mWhen &amp#27;[22mthe user sends a GET request to retrieve paginated sales sorted by &amp#27;[1m"plant.name"&amp#27;[22m in &amp#27;[1m"asc"&amp#27;[22m order&amp#27;[39m &amp#27;[90m# starter.stepdefinitions.SalesUserApiStepDefinitions.theUserSendsGetRequestForPaginatedSalesSorted(java.lang.String,java.lang.String)&amp#27;[39m
  &amp#27;[32m✔&amp#27;[39m &amp#27;[32m&amp#27;[1mThen &amp#27;[22mthe response status code should be &amp#27;[1m200&amp#27;[22m&amp#27;[39m                                                         &amp#27;[90m# starter.stepdefinitions.CommonApiStepDefinitions.theResponseStatusCodeShouldBe(int)&amp#27;[39m
  &amp#27;[32m✔&amp#27;[39m &amp#27;[32m&amp#27;[1mAnd &amp#27;[22mthe response should contain paginated sales data&amp#27;[39m                                                &amp#27;[90m# starter.stepdefinitions.SalesUserApiStepDefinitions.theResponseShouldContainPaginatedSalesData()&amp#27;[39m
]]></system-out>
  </testcase>
  <testcase name="runScenario[&quot;Verify paginated sales retrieval with different sorting options&quot;, &quot;Sales API - User&quot;](43)" classname="starter.CucumberTestSuite" time="0.212">
    <system-out><![CDATA[
@api @sales @user @API_GET_PAGINATEDSALES_02 @smoke
&amp#27;[1mScenario Outline:&amp#27;[22m Verify paginated sales retrieval with different sorting options                        &amp#27;[90m# src/test/resources/features/api/sales_user.feature:43&amp#27;[39m
[SalesUserApiSteps] User token obtained.
  &amp#27;[32m✔&amp#27;[39m &amp#27;[32m&amp#27;[1mGiven &amp#27;[22mthe user authentication token is available&amp#27;[39m                                                     &amp#27;[90m# starter.stepdefinitions.CommonApiStepDefinitions.theUserAuthenticationTokenIsAvailable()&amp#27;[39m
[SalesUserApiSteps] User token obtained.
[SalesUserApiSteps] Paginated sales sorted by plant.name desc
  &amp#27;[32m✔&amp#27;[39m &amp#27;[32m&amp#27;[1mWhen &amp#27;[22mthe user sends a GET request to retrieve paginated sales sorted by &amp#27;[1m"plant.name"&amp#27;[22m in &amp#27;[1m"desc"&amp#27;[22m order&amp#27;[39m &amp#27;[90m# starter.stepdefinitions.SalesUserApiStepDefinitions.theUserSendsGetRequestForPaginatedSalesSorted(java.lang.String,java.lang.String)&amp#27;[39m
  &amp#27;[32m✔&amp#27;[39m &amp#27;[32m&amp#27;[1mThen &amp#27;[22mthe response status code should be &amp#27;[1m200&amp#27;[22m&amp#27;[39m                                                          &amp#27;[90m# starter.stepdefinitions.CommonApiStepDefinitions.theResponseStatusCodeShouldBe(int)&amp#27;[39m
  &amp#27;[32m✔&amp#27;[39m &amp#27;[32m&amp#27;[1mAnd &amp#27;[22mthe response should contain paginated sales data&amp#27;[39m                                                 &amp#27;[90m# starter.stepdefinitions.SalesUserApiStepDefinitions.theResponseShouldContainPaginatedSalesData()&amp#27;[39m
]]></system-out>
  </testcase>
</testsuite>