<?xml version="1.0" encoding="UTF-8"?>
<testng-results ignored="0" total="20" passed="18" failed="2" skipped="0">
  <reporter-output>
  </reporter-output>
  <suite started-at="2026-06-12T14:15:44 IST" name="Surefire suite" finished-at="2026-06-12T14:18:42 IST" duration-ms="177419">
    <groups>
      <group name="cucumber">
        <method signature="AbstractTestNGCucumberTests.runScenario(io.cucumber.testng.PickleWrapper,io.cucumber.testng.FeatureWrapper)[pri:0, instance:starter.CucumberTestSuite@a9cd3b1]" name="runScenario" class="io.cucumber.testng.AbstractTestNGCucumberTests"/>
      </group> <!-- cucumber -->
    </groups>
    <test started-at="2026-06-12T14:15:44 IST" name="Surefire test" finished-at="2026-06-12T14:18:42 IST" duration-ms="177419">
      <class name="starter.CucumberTestSuite">
        <test-method is-config="true" signature="setUpClass(org.testng.ITestContext)[pri:0, instance:starter.CucumberTestSuite@a9cd3b1]" started-at="2026-06-12T14:15:44 IST" name="setUpClass" finished-at="2026-06-12T14:15:46 IST" duration-ms="1533" status="PASS">
          <params>
            <param index="0">
              <value>
                <![CDATA[org.testng.TestRunner@34123d65]]>
              </value>
            </param>
          </params>
          <reporter-output>
          </reporter-output>
        </test-method> <!-- setUpClass -->
        <test-method signature="runScenario(io.cucumber.testng.PickleWrapper,io.cucumber.testng.FeatureWrapper)[pri:0, instance:starter.CucumberTestSuite@a9cd3b1]" started-at="2026-06-12T14:15:46 IST" name="runScenario" description="Runs Cucumber Scenarios" data-provider="scenarios" finished-at="2026-06-12T14:15:56 IST" duration-ms="9631" status="PASS">
          <params>
            <param index="0">
              <value>
                <![CDATA["Verify admin can add a new plant successfully"]]>
              </value>
            </param>
            <param index="1">
              <value>
                <![CDATA["Plantation API - Admin"]]>
              </value>
            </param>
          </params>
          <reporter-output>
          </reporter-output>
        </test-method> <!-- runScenario -->
        <test-method signature="runScenario(io.cucumber.testng.PickleWrapper,io.cucumber.testng.FeatureWrapper)[pri:0, instance:starter.CucumberTestSuite@a9cd3b1]" started-at="2026-06-12T14:15:56 IST" name="runScenario" description="Runs Cucumber Scenarios" data-provider="scenarios" finished-at="2026-06-12T14:15:56 IST" duration-ms="439" status="PASS">
          <params>
            <param index="0">
              <value>
                <![CDATA["Verify successful retrieval of plant record by ID"]]>
              </value>
            </param>
            <param index="1">
              <value>
                <![CDATA["Plantation API - Admin"]]>
              </value>
            </param>
          </params>
          <reporter-output>
          </reporter-output>
        </test-method> <!-- runScenario -->
        <test-method signature="runScenario(io.cucumber.testng.PickleWrapper,io.cucumber.testng.FeatureWrapper)[pri:0, instance:starter.CucumberTestSuite@a9cd3b1]" started-at="2026-06-12T14:15:56 IST" name="runScenario" description="Runs Cucumber Scenarios" data-provider="scenarios" finished-at="2026-06-12T14:15:58 IST" duration-ms="2450" status="PASS">
          <params>
            <param index="0">
              <value>
                <![CDATA["Verify successful deletion of a plant record by ID"]]>
              </value>
            </param>
            <param index="1">
              <value>
                <![CDATA["Plantation API - Admin"]]>
              </value>
            </param>
          </params>
          <reporter-output>
          </reporter-output>
        </test-method> <!-- runScenario -->
        <test-method signature="runScenario(io.cucumber.testng.PickleWrapper,io.cucumber.testng.FeatureWrapper)[pri:0, instance:starter.CucumberTestSuite@a9cd3b1]" started-at="2026-06-12T14:15:58 IST" name="runScenario" description="Runs Cucumber Scenarios" data-provider="scenarios" finished-at="2026-06-12T14:15:59 IST" duration-ms="554" status="PASS">
          <params>
            <param index="0">
              <value>
                <![CDATA["Verify filtering plants by category ID"]]>
              </value>
            </param>
            <param index="1">
              <value>
                <![CDATA["Plantation API - Admin"]]>
              </value>
            </param>
          </params>
          <reporter-output>
          </reporter-output>
        </test-method> <!-- runScenario -->
        <test-method signature="runScenario(io.cucumber.testng.PickleWrapper,io.cucumber.testng.FeatureWrapper)[pri:0, instance:starter.CucumberTestSuite@a9cd3b1]" started-at="2026-06-12T14:15:59 IST" name="runScenario" description="Runs Cucumber Scenarios" data-provider="scenarios" finished-at="2026-06-12T14:16:00 IST" duration-ms="476" status="PASS">
          <params>
            <param index="0">
              <value>
                <![CDATA["Validate handling of non-existent plant deletion"]]>
              </value>
            </param>
            <param index="1">
              <value>
                <![CDATA["Plantation API - Admin"]]>
              </value>
            </param>
          </params>
          <reporter-output>
          </reporter-output>
        </test-method> <!-- runScenario -->
        <test-method signature="runScenario(io.cucumber.testng.PickleWrapper,io.cucumber.testng.FeatureWrapper)[pri:0, instance:starter.CucumberTestSuite@a9cd3b1]" started-at="2026-06-12T14:16:00 IST" name="runScenario" description="Runs Cucumber Scenarios" data-provider="scenarios" finished-at="2026-06-12T14:16:00 IST" duration-ms="379" status="PASS">
          <params>
            <param index="0">
              <value>
                <![CDATA["Verify User-role cannot add a plants data via API"]]>
              </value>
            </param>
            <param index="1">
              <value>
                <![CDATA["Plantation API - User"]]>
              </value>
            </param>
          </params>
          <reporter-output>
          </reporter-output>
        </test-method> <!-- runScenario -->
        <test-method signature="runScenario(io.cucumber.testng.PickleWrapper,io.cucumber.testng.FeatureWrapper)[pri:0, instance:starter.CucumberTestSuite@a9cd3b1]" started-at="2026-06-12T14:16:00 IST" name="runScenario" description="Runs Cucumber Scenarios" data-provider="scenarios" finished-at="2026-06-12T14:16:00 IST" duration-ms="228" status="PASS">
          <params>
            <param index="0">
              <value>
                <![CDATA["Verify User-role cannot update plant data via API"]]>
              </value>
            </param>
            <param index="1">
              <value>
                <![CDATA["Plantation API - User"]]>
              </value>
            </param>
          </params>
          <reporter-output>
          </reporter-output>
        </test-method> <!-- runScenario -->
        <test-method signature="runScenario(io.cucumber.testng.PickleWrapper,io.cucumber.testng.FeatureWrapper)[pri:0, instance:starter.CucumberTestSuite@a9cd3b1]" started-at="2026-06-12T14:16:00 IST" name="runScenario" description="Runs Cucumber Scenarios" data-provider="scenarios" finished-at="2026-06-12T14:16:00 IST" duration-ms="287" status="PASS">
          <params>
            <param index="0">
              <value>
                <![CDATA["Verify User-role cannot delete plant data via API"]]>
              </value>
            </param>
            <param index="1">
              <value>
                <![CDATA["Plantation API - User"]]>
              </value>
            </param>
          </params>
          <reporter-output>
          </reporter-output>
        </test-method> <!-- runScenario -->
        <test-method signature="runScenario(io.cucumber.testng.PickleWrapper,io.cucumber.testng.FeatureWrapper)[pri:0, instance:starter.CucumberTestSuite@a9cd3b1]" started-at="2026-06-12T14:16:00 IST" name="runScenario" description="Runs Cucumber Scenarios" data-provider="scenarios" finished-at="2026-06-12T14:16:02 IST" duration-ms="1365" status="PASS">
          <params>
            <param index="0">
              <value>
                <![CDATA["Verify user-role can get access plant summary data"]]>
              </value>
            </param>
            <param index="1">
              <value>
                <![CDATA["Plantation API - User"]]>
              </value>
            </param>
          </params>
          <reporter-output>
          </reporter-output>
        </test-method> <!-- runScenario -->
        <test-method signature="runScenario(io.cucumber.testng.PickleWrapper,io.cucumber.testng.FeatureWrapper)[pri:0, instance:starter.CucumberTestSuite@a9cd3b1]" started-at="2026-06-12T14:16:02 IST" name="runScenario" description="Runs Cucumber Scenarios" data-provider="scenarios" finished-at="2026-06-12T14:16:02 IST" duration-ms="284" status="PASS">
          <params>
            <param index="0">
              <value>
                <![CDATA["Verify API boundary constraints for pagination query parameters"]]>
              </value>
            </param>
            <param index="1">
              <value>
                <![CDATA["Plantation API - User"]]>
              </value>
            </param>
          </params>
          <reporter-output>
          </reporter-output>
        </test-method> <!-- runScenario -->
        <test-method signature="runScenario(io.cucumber.testng.PickleWrapper,io.cucumber.testng.FeatureWrapper)[pri:0, instance:starter.CucumberTestSuite@a9cd3b1]" started-at="2026-06-12T14:16:02 IST" name="runScenario" description="Runs Cucumber Scenarios" data-provider="scenarios" finished-at="2026-06-12T14:16:15 IST" duration-ms="12826" status="PASS">
          <params>
            <param index="0">
              <value>
                <![CDATA["Verify add a plant button appear to the admin role"]]>
              </value>
            </param>
            <param index="1">
              <value>
                <![CDATA["Plantation Page - Admin"]]>
              </value>
            </param>
          </params>
          <reporter-output>
          </reporter-output>
        </test-method> <!-- runScenario -->
        <test-method signature="runScenario(io.cucumber.testng.PickleWrapper,io.cucumber.testng.FeatureWrapper)[pri:0, instance:starter.CucumberTestSuite@a9cd3b1]" started-at="2026-06-12T14:16:15 IST" name="runScenario" description="Runs Cucumber Scenarios" data-provider="scenarios" finished-at="2026-06-12T14:16:34 IST" duration-ms="19136" status="PASS">
          <params>
            <param index="0">
              <value>
                <![CDATA["Verify admin can add a new plant with valid data"]]>
              </value>
            </param>
            <param index="1">
              <value>
                <![CDATA["Plantation Page - Admin"]]>
              </value>
            </param>
          </params>
          <reporter-output>
          </reporter-output>
        </test-method> <!-- runScenario -->
        <test-method signature="runScenario(io.cucumber.testng.PickleWrapper,io.cucumber.testng.FeatureWrapper)[pri:0, instance:starter.CucumberTestSuite@a9cd3b1]" started-at="2026-06-12T14:16:34 IST" name="runScenario" description="Runs Cucumber Scenarios" data-provider="scenarios" finished-at="2026-06-12T14:16:46 IST" duration-ms="12351" status="PASS">
          <params>
            <param index="0">
              <value>
                <![CDATA["Verify Plant Name, Sub-category, Price, and Quantity are required fields"]]>
              </value>
            </param>
            <param index="1">
              <value>
                <![CDATA["Plantation Page - Admin"]]>
              </value>
            </param>
          </params>
          <reporter-output>
          </reporter-output>
        </test-method> <!-- runScenario -->
        <test-method signature="runScenario(io.cucumber.testng.PickleWrapper,io.cucumber.testng.FeatureWrapper)[pri:0, instance:starter.CucumberTestSuite@a9cd3b1]" started-at="2026-06-12T14:16:46 IST" name="runScenario" description="Runs Cucumber Scenarios" data-provider="scenarios" finished-at="2026-06-12T14:17:02 IST" duration-ms="15950" status="FAIL">
          <params>
            <param index="0">
              <value>
                <![CDATA["Verify the system successfully searches for plants with multi-word names"]]>
              </value>
            </param>
            <param index="1">
              <value>
                <![CDATA["Plantation Page - Admin"]]>
              </value>
            </param>
          </params>
          <exception class="org.opentest4j.AssertionFailedError">
            <message>
              <![CDATA[[Search results should not show 'No plants found' empty state] 
Expecting value to be false but was true]]>
            </message>
            <full-stacktrace>
              <![CDATA[org.opentest4j.AssertionFailedError: [Search results should not show 'No plants found' empty state] 
Expecting value to be false but was true
at java.base/jdk.internal.reflect.DirectConstructorHandleAccessor.newInstance(DirectConstructorHandleAccessor.java:62)
at java.base/java.lang.reflect.Constructor.newInstanceWithCaller(Constructor.java:499)
at starter.steps.PlantAdminUiSteps.verifyPlantListDisplaysRecord(PlantAdminUiSteps.java:129)
at starter.steps.PlantAdminUiSteps$ByteBuddy$hEye6Ml6.verifyPlantListDisplaysRecord$accessor$HqWYG5xL(Unknown Source)
at java.base/jdk.internal.reflect.DirectMethodHandleAccessor.invoke(DirectMethodHandleAccessor.java:104)
at java.base/java.lang.reflect.Method.invoke(Method.java:565)
at net.thucydides.core.steps.StepInterceptor.invokeMethod(StepInterceptor.java:550)
at net.thucydides.core.steps.StepInterceptor.executeTestStepMethod(StepInterceptor.java:530)
at net.thucydides.core.steps.StepInterceptor.runTestStep(StepInterceptor.java:492)
at net.thucydides.core.steps.StepInterceptor.runOrSkipMethod(StepInterceptor.java:234)
at net.thucydides.core.steps.StepInterceptor.testStepResult(StepInterceptor.java:205)
at net.thucydides.core.steps.StepInterceptor.intercept(StepInterceptor.java:93)
at net.thucydides.core.steps.ProxyConfiguration$InterceptorDispatcher.intercept(ProxyConfiguration.java:51)
at starter.steps.PlantAdminUiSteps$ByteBuddy$hEye6Ml6.verifyPlantListDisplaysRecord(Unknown Source)
at starter.stepdefinitions.PlantUiStepDefinitions.plantListAccuratelyDisplaysRecord(PlantUiStepDefinitions.java:127)
at ✽.the plant list should accurately display the "Red Anthurium" record(file:///E:/B21_AI_Group_04/src/test/resources/features/ui/plant_admin.feature:41)
]]>
            </full-stacktrace>
          </exception> <!-- org.opentest4j.AssertionFailedError -->
          <reporter-output>
          </reporter-output>
        </test-method> <!-- runScenario -->
        <test-method signature="runScenario(io.cucumber.testng.PickleWrapper,io.cucumber.testng.FeatureWrapper)[pri:0, instance:starter.CucumberTestSuite@a9cd3b1]" started-at="2026-06-12T14:17:02 IST" name="runScenario" description="Runs Cucumber Scenarios" data-provider="scenarios" finished-at="2026-06-12T14:17:21 IST" duration-ms="18961" status="PASS">
          <params>
            <param index="0">
              <value>
                <![CDATA["Verify admin can successfully edit existing plant data with valid plant data"]]>
              </value>
            </param>
            <param index="1">
              <value>
                <![CDATA["Plantation Page - Admin"]]>
              </value>
            </param>
          </params>
          <reporter-output>
          </reporter-output>
        </test-method> <!-- runScenario -->
        <test-method signature="runScenario(io.cucumber.testng.PickleWrapper,io.cucumber.testng.FeatureWrapper)[pri:0, instance:starter.CucumberTestSuite@a9cd3b1]" started-at="2026-06-12T14:17:21 IST" name="runScenario" description="Runs Cucumber Scenarios" data-provider="scenarios" finished-at="2026-06-12T14:17:41 IST" duration-ms="19881" status="FAIL">
          <params>
            <param index="0">
              <value>
                <![CDATA["Verify the system successfully searches for plants with multi-word names"]]>
              </value>
            </param>
            <param index="1">
              <value>
                <![CDATA["Plantation Page - User"]]>
              </value>
            </param>
          </params>
          <exception class="org.opentest4j.AssertionFailedError">
            <message>
              <![CDATA[[Search results should not show 'No plants found' empty state] 
Expecting value to be false but was true]]>
            </message>
            <full-stacktrace>
              <![CDATA[org.opentest4j.AssertionFailedError: [Search results should not show 'No plants found' empty state] 
Expecting value to be false but was true
at java.base/jdk.internal.reflect.DirectConstructorHandleAccessor.newInstance(DirectConstructorHandleAccessor.java:62)
at java.base/java.lang.reflect.Constructor.newInstanceWithCaller(Constructor.java:499)
at starter.steps.PlantAdminUiSteps.verifyPlantListDisplaysRecord(PlantAdminUiSteps.java:129)
at starter.steps.PlantAdminUiSteps$ByteBuddy$hEye6Ml6.verifyPlantListDisplaysRecord$accessor$HqWYG5xL(Unknown Source)
at java.base/jdk.internal.reflect.DirectMethodHandleAccessor.invoke(DirectMethodHandleAccessor.java:104)
at java.base/java.lang.reflect.Method.invoke(Method.java:565)
at net.thucydides.core.steps.StepInterceptor.invokeMethod(StepInterceptor.java:550)
at net.thucydides.core.steps.StepInterceptor.executeTestStepMethod(StepInterceptor.java:530)
at net.thucydides.core.steps.StepInterceptor.runTestStep(StepInterceptor.java:492)
at net.thucydides.core.steps.StepInterceptor.runOrSkipMethod(StepInterceptor.java:234)
at net.thucydides.core.steps.StepInterceptor.testStepResult(StepInterceptor.java:205)
at net.thucydides.core.steps.StepInterceptor.intercept(StepInterceptor.java:93)
at net.thucydides.core.steps.ProxyConfiguration$InterceptorDispatcher.intercept(ProxyConfiguration.java:51)
at starter.steps.PlantAdminUiSteps$ByteBuddy$hEye6Ml6.verifyPlantListDisplaysRecord(Unknown Source)
at starter.stepdefinitions.PlantUiStepDefinitions.plantListAccuratelyDisplaysRecord(PlantUiStepDefinitions.java:127)
at ✽.the plant list should accurately display the "Red Anthurium" record(file:///E:/B21_AI_Group_04/src/test/resources/features/ui/plant_user.feature:14)
]]>
            </full-stacktrace>
          </exception> <!-- org.opentest4j.AssertionFailedError -->
          <reporter-output>
          </reporter-output>
        </test-method> <!-- runScenario -->
        <test-method signature="runScenario(io.cucumber.testng.PickleWrapper,io.cucumber.testng.FeatureWrapper)[pri:0, instance:starter.CucumberTestSuite@a9cd3b1]" started-at="2026-06-12T14:17:41 IST" name="runScenario" description="Runs Cucumber Scenarios" data-provider="scenarios" finished-at="2026-06-12T14:17:58 IST" duration-ms="16381" status="PASS">
          <params>
            <param index="0">
              <value>
                <![CDATA["Verify clicking the Reset button clears all search filters and restores the full plant records display"]]>
              </value>
            </param>
            <param index="1">
              <value>
                <![CDATA["Plantation Page - User"]]>
              </value>
            </param>
          </params>
          <reporter-output>
          </reporter-output>
        </test-method> <!-- runScenario -->
        <test-method signature="runScenario(io.cucumber.testng.PickleWrapper,io.cucumber.testng.FeatureWrapper)[pri:0, instance:starter.CucumberTestSuite@a9cd3b1]" started-at="2026-06-12T14:17:58 IST" name="runScenario" description="Runs Cucumber Scenarios" data-provider="scenarios" finished-at="2026-06-12T14:18:14 IST" duration-ms="16789" status="PASS">
          <params>
            <param index="0">
              <value>
                <![CDATA["Verify visual indicator logic for low-stock plant products"]]>
              </value>
            </param>
            <param index="1">
              <value>
                <![CDATA["Plantation Page - User"]]>
              </value>
            </param>
          </params>
          <reporter-output>
          </reporter-output>
        </test-method> <!-- runScenario -->
        <test-method signature="runScenario(io.cucumber.testng.PickleWrapper,io.cucumber.testng.FeatureWrapper)[pri:0, instance:starter.CucumberTestSuite@a9cd3b1]" started-at="2026-06-12T14:18:14 IST" name="runScenario" description="Runs Cucumber Scenarios" data-provider="scenarios" finished-at="2026-06-12T14:18:30 IST" duration-ms="15849" status="PASS">
          <params>
            <param index="0">
              <value>
                <![CDATA["Verify multi-column sorting functionality for the plant data table"]]>
              </value>
            </param>
            <param index="1">
              <value>
                <![CDATA["Plantation Page - User"]]>
              </value>
            </param>
          </params>
          <reporter-output>
          </reporter-output>
        </test-method> <!-- runScenario -->
        <test-method signature="runScenario(io.cucumber.testng.PickleWrapper,io.cucumber.testng.FeatureWrapper)[pri:0, instance:starter.CucumberTestSuite@a9cd3b1]" started-at="2026-06-12T14:18:30 IST" name="runScenario" description="Runs Cucumber Scenarios" data-provider="scenarios" finished-at="2026-06-12T14:18:40 IST" duration-ms="9874" status="PASS">
          <params>
            <param index="0">
              <value>
                <![CDATA["Verify the No plants found empty state behavior on the plants list dashboard"]]>
              </value>
            </param>
            <param index="1">
              <value>
                <![CDATA["Plantation Page - User"]]>
              </value>
            </param>
          </params>
          <reporter-output>
          </reporter-output>
        </test-method> <!-- runScenario -->
        <test-method is-config="true" signature="tearDownClass()[pri:0, instance:starter.CucumberTestSuite@a9cd3b1]" started-at="2026-06-12T14:18:40 IST" name="tearDownClass" finished-at="2026-06-12T14:18:42 IST" duration-ms="1687" status="PASS">
          <reporter-output>
          </reporter-output>
        </test-method> <!-- tearDownClass -->
      </class> <!-- starter.CucumberTestSuite -->
    </test> <!-- Surefire test -->
  </suite> <!-- Surefire suite -->
</testng-results>
