<?xml version="1.0" encoding="UTF-8" standalone="no"?><testsuite errors="0" failures="0" name="Plantation API - Admin" skipped="0" tests="5" time="14.52" timestamp="2026-06-12 03:35:59"><testcase name="Verify admin can add a new plant successfully"/><testcase name="Verify successful retrieval of plant record by ID"/><testcase name="Verify successful deletion of a plant record by ID"/><testcase name="Verify filtering plants by category ID"/><testcase name="Validate handling of non-existent plant deletion"/></testsuite>