<?xml version="1.0" encoding="UTF-8" standalone="no"?><testsuite errors="0" failures="0" name="Sales List Page - User" skipped="0" tests="5" time="29.45" timestamp="2026-06-11 07:07:05"><testcase name="Verify regular user can view their sales records as a paginated list"/><testcase name="Verify &quot;No Sales Found&quot; message is displayed when no sales records exist"/><testcase name="Verify default sorting is set to &quot;sold date&quot; when the sales page is loaded"/><testcase name="Verify other sorting options are available on the sales page"/><testcase name="Verify delete button is not visible to regular users"/></testsuite>