<?xml version="1.0" encoding="UTF-8" standalone="no"?><testsuite errors="0" failures="1" name="Authentication &amp; Dashboard API - Admin" skipped="0" tests="5" time="2.38" timestamp="2026-06-12 11:35:25"><testcase name="Verify admin can login with valid credentials"/><testcase name="Verify admin login fails with invalid password"><failure message="[Response status code should be 400] &#10;expected: 400&#10; but was: 401" type="org.opentest4j.AssertionFailedError">[Response status code should be 400] 
expected: 400
 but was: 401</failure><system-err>[Response status code should be 400] 
expected: 400
 but was: 401
starter.stepdefinitions.CommonApiStepDefinitions.theResponseStatusCodeShouldBe(CommonApiStepDefinitions.java:56)
✽.the response status code should be 400(file:///Users/hevindutilakasena/ITQA/B21_AI_Group_04/src/test/resources/features/api/auth_admin.feature:13)
</system-err></testcase><testcase name="Verify admin can retrieve category summary"/><testcase name="Verify admin can retrieve plant summary"/><testcase name="Verify admin can retrieve sales records"/></testsuite>