<?xml version="1.0" encoding="UTF-8" standalone="no"?><testsuite errors="0" failures="0" name="Sales API - Admin" skipped="0" tests="5" time="1.37" timestamp="2026-06-12 11:37:37"><testcase name="Verify successful sell plant request with valid plant id and quantity"/><testcase name="Verify validation of exceeded plant quantity"/><testcase name="Verify successful deletion request with valid sale id"/><testcase name="Verify validation of quantity less than 1"/><testcase name="Verify retrieval of all available sales records"/></testsuite>