<?xml version="1.0" encoding="UTF-8" standalone="no"?><testsuite errors="0" failures="2" name="Plantation Page - User" skipped="0" tests="5" time="80.95" timestamp="2026-06-12 03:38:04"><testcase name="Verify the system successfully searches for plants with multi-word names"><failure message="[Search results should not show 'No plants found' empty state] &#13;&#10;Expecting value to be false but was true" type="org.opentest4j.AssertionFailedError">[Search results should not show 'No plants found' empty state] &#13;
Expecting value to be false but was true</failure><system-err>[Search results should not show 'No plants found' empty state] &#13;
Expecting value to be false but was true&#13;
starter.steps.PlantAdminUiSteps.verifyPlantListDisplaysRecord(PlantAdminUiSteps.java:129)&#13;
starter.stepdefinitions.PlantUiStepDefinitions.plantListAccuratelyDisplaysRecord(PlantUiStepDefinitions.java:127)&#13;
✽.the plant list should accurately display the "Red Anthurium" record(file:///E:/B21_AI_Group_04/src/test/resources/features/ui/plant_user.feature:14)&#13;
</system-err></testcase><testcase name="Verify clicking the Reset button clears all search filters and restores the full plant records display"/><testcase name="Verify visual indicator logic for low-stock plant products"/><testcase name="Verify multi-column sorting functionality for the plant data table"/><testcase name="Verify the No plants found empty state behavior on the plants list dashboard"><failure message="['No plants found' message should be displayed] &#13;&#10;Expecting value to be true but was false" type="org.opentest4j.AssertionFailedError">['No plants found' message should be displayed] &#13;
Expecting value to be true but was false</failure><system-err>['No plants found' message should be displayed] &#13;
Expecting value to be true but was false&#13;
starter.steps.PlantUserUiSteps.verifyNoPlantsMessageDisplayed(PlantUserUiSteps.java:86)&#13;
starter.stepdefinitions.PlantUiStepDefinitions.userSeesMessageOnPlantPage(PlantUiStepDefinitions.java:243)&#13;
✽.the user should see the message "No plants found" on the plant page(file:///E:/B21_AI_Group_04/src/test/resources/features/ui/plant_user.feature:48)&#13;
</system-err></testcase></testsuite>