<?xml version="1.0" encoding="UTF-8" standalone="no"?><testsuite errors="0" failures="0" name="Category Page - User" skipped="0" tests="5" time="23.51" timestamp="2026-06-12 11:39:38"><testcase name="Verify regular user can view category list as paginated list"/><testcase name="Verify &quot;No category found&quot; message is displayed when no records exist"/><testcase name="Verify regular user can filter categories by parent category"/><testcase name="Verify &quot;Add Category&quot; button is not visible to regular users"/><testcase name="Verify Edit and Delete actions are hidden for regular users"/></testsuite>