<?xml version="1.0" encoding="UTF-8" standalone="no"?><testsuite errors="0" failures="0" name="Sales List Page - Admin" skipped="0" tests="5" time="34.65" timestamp="2026-06-11 07:06:30"><testcase name="Verify that &quot;Sell Plant&quot; button is visible to the admin"/><testcase name="Verify that confirmation prompt appears when admin performs delete action"/><testcase name="Verify plant dropdown contains available plants and current stock"/><testcase name="Verify error message is displayed when quantity exceeds current stock"/><testcase name="Verify navigation back to sales list page when cancel button is clicked"/></testsuite>