<?xml version="1.0" encoding="UTF-8" standalone="no"?><testsuite errors="0" failures="0" name="Category API - Admin" skipped="0" tests="5" time="1.44" timestamp="2026-06-12 11:35:28"><testcase name="Verify admin can create category successfully"/><testcase name="Verify duplicate category creation is restricted"/><testcase name="Verify admin can update category details"/><testcase name="Verify admin can delete category"/><testcase name="Verify admin can retrieve paginated category list"/></testsuite>