<?xml version="1.0" encoding="UTF-8" standalone="no"?><testsuite errors="0" failures="0" name="Category API - User" skipped="0" tests="5" time="0.61" timestamp="2026-06-12 01:10:13"><testcase name="Verify regular user can view category list"/><testcase name="Verify user can retrieve category by valid ID"/><testcase name="Verify regular user cannot create category"/><testcase name="Verify user receives error for invalid category ID"/><testcase name="Verify user can retrieve main categories only"/></testsuite>