<?xml version="1.0" encoding="UTF-8" standalone="no"?><testsuite errors="0" failures="0" name="Category Page - Admin" skipped="0" tests="5" time="24.46" timestamp="2026-06-12 11:39:13"><testcase name="Verify &quot;Add Category&quot; button is visible to admin users"/><testcase name="Verify admin can search category by category name"/><testcase name="Verify sorting by category name works correctly"/><testcase name="Verify validation message appears when category name is empty"/><testcase name="Verify cancel button navigates back to category list page"/></testsuite>