<?xml version="1.0" encoding="UTF-8" standalone="no"?><testsuite errors="0" failures="0" name="Plantation API - User" skipped="0" tests="5" time="2.21" timestamp="2026-06-12 03:36:13"><testcase name="Verify User-role cannot add a plants data via API"/><testcase name="Verify User-role cannot update plant data via API"/><testcase name="Verify User-role cannot delete plant data via API"/><testcase name="Verify user-role can get access plant summary data"/><testcase name="Verify API boundary constraints for pagination query parameters"/></testsuite>